#
# There is insufficient memory for the Java Runtime Environment to continue.
# Native memory allocation (mmap) failed to map 25165824 bytes for Failed to commit area from 0x0000000087600000 to 0x0000000088e00000 of length 25165824.
# Possible reasons:
#   The system is out of physical RAM or swap space
#   The process is running with CompressedOops enabled, and the Java Heap may be blocking the growth of the native heap
# Possible solutions:
#   Reduce memory load on the system
#   Increase physical memory or swap space
#   Check if swap backing store is full
#   Decrease Java heap size (-Xmx/-Xms)
#   Decrease number of Java threads
#   Decrease Java thread stack sizes (-Xss)
#   Set larger code cache with -XX:ReservedCodeCacheSize=
#   JVM is running with Unscaled Compressed Oops mode in which the Java heap is
#     placed in the first 4GB address space. The Java Heap base address is the
#     maximum limit for the native heap growth. Please use -XX:HeapBaseMinAddress
#     to set the Java Heap base and to place the Java Heap above 4GB virtual address.
# This output file may be truncated or incomplete.
#
#  Out of Memory Error (./src/hotspot/os/windows/os_windows.cpp:3619), pid=11480, tid=8720
#
# JRE version: OpenJDK Runtime Environment (11.0.13) (build 11.0.13+0-b1751.21-8125866)
# Java VM: OpenJDK 64-Bit Server VM (11.0.13+0-b1751.21-8125866, mixed mode, tiered, compressed oops, g1 gc, windows-amd64)
# No core dump will be written. Minidumps are not enabled by default on client versions of Windows
#

---------------  S U M M A R Y ------------

Command Line: --add-opens=java.base/java.util=ALL-UNNAMED --add-opens=java.base/java.lang=ALL-UNNAMED --add-opens=java.base/java.lang.invoke=ALL-UNNAMED --add-opens=java.base/java.util=ALL-UNNAMED --add-opens=java.prefs/java.util.prefs=ALL-UNNAMED --add-opens=java.prefs/java.util.prefs=ALL-UNNAMED --add-opens=java.base/java.nio.charset=ALL-UNNAMED --add-opens=java.base/java.net=ALL-UNNAMED --add-opens=java.base/java.util.concurrent.atomic=ALL-UNNAMED -Xmx2048m -Dfile.encoding=UTF-8 -Duser.country=ES -Duser.language=es -Duser.variant org.gradle.launcher.daemon.bootstrap.GradleDaemon 7.4

Host: AMD Ryzen 5 5500U with Radeon Graphics         , 12 cores, 7G,  Windows 11 , 64 bit Build 22000 (10.0.22000.1335)
Time: Sat Feb 11 13:42:01 2023 Hora estándar romance elapsed time: 7.102576 seconds (0d 0h 0m 7s)

---------------  T H R E A D  ---------------

Current thread (0x000001c838a4b000):  VMThread "VM Thread" [stack: 0x0000002f4f800000,0x0000002f4f900000] [id=8720]

Stack: [0x0000002f4f800000,0x0000002f4f900000]
[error occurred during error reporting (printing stack bounds), id 0xc0000005, EXCEPTION_ACCESS_VIOLATION (0xc0000005) at pc=0x000001c821c9112d]

Native frames: (J=compiled Java code, j=interpreted, Vv=VM code, C=native code)
V  [jvm.dll+0x6100fa]
V  [jvm.dll+0x747090]
V  [jvm.dll+0x7486ad]
V  [jvm.dll+0x748ce5]
V  [jvm.dll+0x748c9b]
V  [jvm.dll+0x60f224]
V  [jvm.dll+0x60f9b8]
C  [ntdll.dll+0xa8b1f]
C  [ntdll.dll+0x35b9a]
C  [ntdll.dll+0xa7b2e]
C  0x000001c821c9112d

VM_Operation (0x0000002f52afedd0): G1CollectForAllocation, mode: safepoint, requested by thread 0x000001c83e886000


---------------  P R O C E S S  ---------------

Threads class SMR info:
_java_thread_list=0x000001c83ee86010, length=38, elements={
0x000001c81e16d000, 0x000001c838a4d000, 0x000001c838a58000, 0x000001c839403800,
0x000001c838a68000, 0x000001c838a69000, 0x000001c838a6a800, 0x000001c838a6e000,
0x000001c838a80000, 0x000001c839550800, 0x000001c83a592800, 0x000001c8396ac000,
0x000001c83a107800, 0x000001c83a52d800, 0x000001c83af62000, 0x000001c83a234000,
0x000001c83c024800, 0x000001c83a873800, 0x000001c83b615000, 0x000001c83ae6c000,
0x000001c83b479000, 0x000001c83b475000, 0x000001c83b47a000, 0x000001c83b432000,
0x000001c83b477000, 0x000001c83b477800, 0x000001c83b474800, 0x000001c83b47b000,
0x000001c83b478800, 0x000001c83b476000, 0x000001c83e888800, 0x000001c83cfde800,
0x000001c83e887000, 0x000001c83e887800, 0x000001c83e88a000, 0x000001c83e88b000,
0x000001c83e88c000, 0x000001c83e886000
}

Java Threads: ( => current thread )
  0x000001c81e16d000 JavaThread "main" [_thread_blocked, id=9624, stack(0x0000002f4f200000,0x0000002f4f300000)]
  0x000001c838a4d000 JavaThread "Reference Handler" daemon [_thread_blocked, id=5848, stack(0x0000002f4f900000,0x0000002f4fa00000)]
  0x000001c838a58000 JavaThread "Finalizer" daemon [_thread_blocked, id=9740, stack(0x0000002f4fa00000,0x0000002f4fb00000)]
  0x000001c839403800 JavaThread "Signal Dispatcher" daemon [_thread_blocked, id=2348, stack(0x0000002f4fb00000,0x0000002f4fc00000)]
  0x000001c838a68000 JavaThread "Attach Listener" daemon [_thread_blocked, id=7900, stack(0x0000002f4fc00000,0x0000002f4fd00000)]
  0x000001c838a69000 JavaThread "Service Thread" daemon [_thread_blocked, id=10828, stack(0x0000002f4fd00000,0x0000002f4fe00000)]
  0x000001c838a6a800 JavaThread "C2 CompilerThread0" daemon [_thread_blocked, id=7580, stack(0x0000002f4fe00000,0x0000002f4ff00000)]
  0x000001c838a6e000 JavaThread "C1 CompilerThread0" daemon [_thread_blocked, id=5356, stack(0x0000002f4ff00000,0x0000002f50000000)]
  0x000001c838a80000 JavaThread "Sweeper thread" daemon [_thread_blocked, id=2816, stack(0x0000002f50000000,0x0000002f50100000)]
  0x000001c839550800 JavaThread "Common-Cleaner" daemon [_thread_blocked, id=12248, stack(0x0000002f50100000,0x0000002f50200000)]
  0x000001c83a592800 JavaThread "Daemon health stats" [_thread_blocked, id=11456, stack(0x0000002f50600000,0x0000002f50700000)]
  0x000001c8396ac000 JavaThread "Incoming local TCP Connector on port 54793" [_thread_in_native, id=8516, stack(0x0000002f50300000,0x0000002f50400000)]
  0x000001c83a107800 JavaThread "Daemon periodic checks" [_thread_blocked, id=10624, stack(0x0000002f50400000,0x0000002f50500000)]
  0x000001c83a52d800 JavaThread "Daemon" [_thread_blocked, id=1960, stack(0x0000002f50700000,0x0000002f50800000)]
  0x000001c83af62000 JavaThread "Handler for socket connection from /127.0.0.1:54793 to /127.0.0.1:54794" [_thread_in_native, id=11964, stack(0x0000002f50800000,0x0000002f50900000)]
  0x000001c83a234000 JavaThread "Cancel handler" [_thread_blocked, id=3832, stack(0x0000002f50900000,0x0000002f50a00000)]
  0x000001c83c024800 JavaThread "Daemon worker" [_thread_blocked, id=9792, stack(0x0000002f50a00000,0x0000002f50b00000)]
  0x000001c83a873800 JavaThread "Asynchronous log dispatcher for DefaultDaemonConnection: socket connection from /127.0.0.1:54793 to /127.0.0.1:54794" [_thread_blocked, id=6360, stack(0x0000002f51400000,0x0000002f51500000)]
  0x000001c83b615000 JavaThread "Stdin handler" [_thread_blocked, id=2884, stack(0x0000002f51500000,0x0000002f51600000)]
  0x000001c83ae6c000 JavaThread "Daemon client event forwarder" [_thread_blocked, id=12848, stack(0x0000002f51600000,0x0000002f51700000)]
  0x000001c83b479000 JavaThread "Cache worker for journal cache (C:\Users\Veronica\.gradle\caches\journal-1)" [_thread_blocked, id=9468, stack(0x0000002f51700000,0x0000002f51800000)]
  0x000001c83b475000 JavaThread "File lock request listener" [_thread_in_native, id=2392, stack(0x0000002f51800000,0x0000002f51900000)]
  0x000001c83b47a000 JavaThread "Cache worker for file hash cache (C:\Users\Veronica\.gradle\caches\7.4\fileHashes)" [_thread_blocked, id=6808, stack(0x0000002f51900000,0x0000002f51a00000)]
  0x000001c83b432000 JavaThread "C2 CompilerThread1" daemon [_thread_blocked, id=14968, stack(0x0000002f51c00000,0x0000002f51d00000)]
  0x000001c83b477000 JavaThread "File watcher server" daemon [_thread_in_native, id=10592, stack(0x0000002f51d00000,0x0000002f51e00000)]
  0x000001c83b477800 JavaThread "File watcher consumer" daemon [_thread_blocked, id=10848, stack(0x0000002f51e00000,0x0000002f51f00000)]
  0x000001c83b474800 JavaThread "Cache worker for checksums cache (C:\Users\Veronica\AndroidStudioProjects\SocketsPSP\.gradle\7.4\checksums)" [_thread_blocked, id=11120, stack(0x0000002f51f00000,0x0000002f52000000)]
  0x000001c83b47b000 JavaThread "Cache worker for cache directory md-rule (C:\Users\Veronica\.gradle\caches\7.4\md-rule)" [_thread_blocked, id=7236, stack(0x0000002f52000000,0x0000002f52100000)]
  0x000001c83b478800 JavaThread "Cache worker for file hash cache (C:\Users\Veronica\AndroidStudioProjects\SocketsPSP\.gradle\7.4\fileHashes)" [_thread_blocked, id=12572, stack(0x0000002f52100000,0x0000002f52200000)]
  0x000001c83b476000 JavaThread "Cache worker for cache directory md-supplier (C:\Users\Veronica\.gradle\caches\7.4\md-supplier)" [_thread_blocked, id=4924, stack(0x0000002f52200000,0x0000002f52300000)]
  0x000001c83e888800 JavaThread "Cache worker for execution history cache (C:\Users\Veronica\.gradle\caches\7.4\executionHistory)" [_thread_blocked, id=2772, stack(0x0000002f52300000,0x0000002f52400000)]
  0x000001c83cfde800 JavaThread "C2 CompilerThread2" daemon [_thread_blocked, id=15520, stack(0x0000002f52400000,0x0000002f52500000)]
  0x000001c83e887000 JavaThread "jar transforms" [_thread_blocked, id=13668, stack(0x0000002f52500000,0x0000002f52600000)]
  0x000001c83e887800 JavaThread "Cache worker for file content cache (C:\Users\Veronica\.gradle\caches\7.4\fileContent)" [_thread_blocked, id=12008, stack(0x0000002f52600000,0x0000002f52700000)]
  0x000001c83e88a000 JavaThread "jar transforms Thread 2" [_thread_blocked, id=10548, stack(0x0000002f52700000,0x0000002f52800000)]
  0x000001c83e88b000 JavaThread "Cache worker for dependencies-accessors (C:\Users\Veronica\AndroidStudioProjects\SocketsPSP\.gradle\7.4\dependencies-accessors)" [_thread_blocked, id=5968, stack(0x0000002f52800000,0x0000002f52900000)]
  0x000001c83e88c000 JavaThread "jar transforms Thread 3" [_thread_blocked, id=13352, stack(0x0000002f52900000,0x0000002f52a00000)]
  0x000001c83e886000 JavaThread "Cache worker for Build Output Cleanup Cache (C:\Users\Veronica\AndroidStudioProjects\SocketsPSP\.gradle\buildOutputCleanup)" [_thread_blocked, id=10116, stack(0x0000002f52a00000,0x0000002f52b00000)]

Other Threads:
=>0x000001c838a4b000 VMThread "VM Thread" [stack: 0x0000002f4f800000,0x0000002f4f900000] [id=8720]
  0x000001c839566000 WatcherThread [stack: 0x0000002f50200000,0x0000002f50300000] [id=17208]
  0x000001c81e188000 GCTaskThread "GC Thread#0" [stack: 0x0000002f4f300000,0x0000002f4f400000] [id=13260]
  0x000001c83a97f000 GCTaskThread "GC Thread#1" [stack: 0x0000002f50500000,0x0000002f50600000] [id=14312]
  0x000001c83b53a000 GCTaskThread "GC Thread#2" [stack: 0x0000002f50b00000,0x0000002f50c00000] [id=12412]
  0x000001c83b496800 GCTaskThread "GC Thread#3" [stack: 0x0000002f50c00000,0x0000002f50d00000] [id=8844]
  0x000001c83b497000 GCTaskThread "GC Thread#4" [stack: 0x0000002f50d00000,0x0000002f50e00000] [id=8864]
  0x000001c83b879000 GCTaskThread "GC Thread#5" [stack: 0x0000002f50e00000,0x0000002f50f00000] [id=16072]
  0x000001c83b87a000 GCTaskThread "GC Thread#6" [stack: 0x0000002f50f00000,0x0000002f51000000] [id=16544]
  0x000001c83a8fa000 GCTaskThread "GC Thread#7" [stack: 0x0000002f51000000,0x0000002f51100000] [id=16036]
  0x000001c83a8fa800 GCTaskThread "GC Thread#8" [stack: 0x0000002f51100000,0x0000002f51200000] [id=6400]
  0x000001c83ae6b000 GCTaskThread "GC Thread#9" [stack: 0x0000002f51200000,0x0000002f51300000] [id=4928]
  0x000001c81e1ba000 ConcurrentGCThread "G1 Main Marker" [stack: 0x0000002f4f400000,0x0000002f4f500000] [id=17120]
  0x000001c81e1bb000 ConcurrentGCThread "G1 Conc#0" [stack: 0x0000002f4f500000,0x0000002f4f600000] [id=11912]
  0x000001c83b22d000 ConcurrentGCThread "G1 Conc#1" [stack: 0x0000002f51a00000,0x0000002f51b00000] [id=1980]
  0x000001c83a857800 ConcurrentGCThread "G1 Conc#2" [stack: 0x0000002f51b00000,0x0000002f51c00000] [id=3272]
  0x000001c81e24e000 ConcurrentGCThread "G1 Refine#0" [stack: 0x0000002f4f600000,0x0000002f4f700000] [id=13740]
  0x000001c83a275800 ConcurrentGCThread "G1 Refine#1" [stack: 0x0000002f51300000,0x0000002f51400000] [id=3104]
  0x000001c838896800 ConcurrentGCThread "G1 Young RemSet Sampling" [stack: 0x0000002f4f700000,0x0000002f4f800000] [id=1464]

Threads with active compile tasks:
C2 CompilerThread2   7109 3903       4       java.util.regex.Matcher::search (154 bytes)

VM state:at safepoint (normal execution)

VM Mutex/Monitor currently owned by a thread:  ([mutex/lock_event])
[0x000001c81e169130] Threads_lock - owner thread: 0x000001c838a4b000
[0x000001c81e16a450] Heap_lock - owner thread: 0x000001c83e886000

Heap address: 0x0000000080000000, size: 2048 MB, Compressed Oops mode: 32-bit
Narrow klass base: 0x0000000000000000, Narrow klass shift: 3
Compressed class space size: 1073741824 Address: 0x0000000100000000

Heap:
 garbage-first heap   total 145408K, used 31088K [0x0000000080000000, 0x0000000100000000)
  region size 1024K, 4 young (4096K), 4 survivors (4096K)
 Metaspace       used 47135K, capacity 48225K, committed 48336K, reserved 1091584K
  class space    used 5997K, capacity 6396K, committed 6400K, reserved 1048576K
Heap Regions: E=young(eden), S=young(survivor), O=old, HS=humongous(starts), HC=humongous(continues), CS=collection set, F=free, A=archive, TAMS=top-at-mark-start (previous, next)
|   0|0x0000000080000000, 0x0000000080100000, 0x0000000080100000|100%| O|  |TAMS 0x0000000080100000, 0x0000000080000000| Untracked 
|   1|0x0000000080100000, 0x0000000080200000, 0x0000000080200000|100%| O|  |TAMS 0x0000000080200000, 0x0000000080100000| Untracked 
|   2|0x0000000080200000, 0x0000000080300000, 0x0000000080300000|100%| O|  |TAMS 0x0000000080300000, 0x0000000080200000| Untracked 
|   3|0x0000000080300000, 0x0000000080400000, 0x0000000080400000|100%|HS|  |TAMS 0x0000000080400000, 0x0000000080300000| Complete 
|   4|0x0000000080400000, 0x0000000080500000, 0x0000000080500000|100%|HC|  |TAMS 0x0000000080500000, 0x0000000080400000| Complete 
|   5|0x0000000080500000, 0x0000000080600000, 0x0000000080600000|100%|HC|  |TAMS 0x0000000080600000, 0x0000000080500000| Complete 
|   6|0x0000000080600000, 0x0000000080700000, 0x0000000080700000|100%| O|  |TAMS 0x0000000080700000, 0x0000000080600000| Untracked 
|   7|0x0000000080700000, 0x0000000080800000, 0x0000000080800000|100%| O|  |TAMS 0x0000000080800000, 0x0000000080700000| Untracked 
|   8|0x0000000080800000, 0x0000000080900000, 0x0000000080900000|100%| O|  |TAMS 0x0000000080900000, 0x0000000080800000| Untracked 
|   9|0x0000000080900000, 0x0000000080a00000, 0x0000000080a00000|100%| O|  |TAMS 0x0000000080a00000, 0x0000000080900000| Untracked 
|  10|0x0000000080a00000, 0x0000000080b00000, 0x0000000080b00000|100%| O|  |TAMS 0x0000000080b00000, 0x0000000080a00000| Untracked 
|  11|0x0000000080b00000, 0x0000000080c00000, 0x0000000080c00000|100%| O|  |TAMS 0x0000000080c00000, 0x0000000080b00000| Untracked 
|  12|0x0000000080c00000, 0x0000000080d00000, 0x0000000080d00000|100%| O|  |TAMS 0x0000000080d00000, 0x0000000080c00000| Untracked 
|  13|0x0000000080d00000, 0x0000000080e00000, 0x0000000080e00000|100%| O|  |TAMS 0x0000000080e00000, 0x0000000080d00000| Untracked 
|  14|0x0000000080e00000, 0x0000000080f00000, 0x0000000080f00000|100%| O|  |TAMS 0x0000000080f00000, 0x0000000080e00000| Untracked 
|  15|0x0000000080f00000, 0x0000000081000000, 0x0000000081000000|100%| O|  |TAMS 0x0000000081000000, 0x0000000080f00000| Untracked 
|  16|0x0000000081000000, 0x0000000081100000, 0x0000000081100000|100%| O|  |TAMS 0x00000000810a9600, 0x0000000081000000| Untracked 
|  17|0x0000000081100000, 0x0000000081200000, 0x0000000081200000|100%| O|  |TAMS 0x0000000081100000, 0x0000000081100000| Untracked 
|  18|0x0000000081200000, 0x0000000081300000, 0x0000000081300000|100%| O|  |TAMS 0x0000000081200000, 0x0000000081200000| Untracked 
|  19|0x0000000081300000, 0x0000000081400000, 0x0000000081400000|100%| O|  |TAMS 0x0000000081300000, 0x0000000081300000| Untracked 
|  20|0x0000000081400000, 0x0000000081500000, 0x0000000081500000|100%| O|  |TAMS 0x0000000081400000, 0x0000000081400000| Untracked 
|  21|0x0000000081500000, 0x0000000081600000, 0x0000000081600000|100%| O|  |TAMS 0x0000000081500000, 0x0000000081500000| Untracked 
|  22|0x0000000081600000, 0x0000000081700000, 0x0000000081700000|100%| O|  |TAMS 0x0000000081600000, 0x0000000081600000| Untracked 
|  23|0x0000000081700000, 0x0000000081700000, 0x0000000081800000|  0%| F|  |TAMS 0x0000000081700000, 0x0000000081700000| Untracked 
|  24|0x0000000081800000, 0x0000000081900000, 0x0000000081900000|100%| O|  |TAMS 0x0000000081800000, 0x0000000081800000| Untracked 
|  25|0x0000000081900000, 0x0000000081a00000, 0x0000000081a00000|100%| O|  |TAMS 0x0000000081900000, 0x0000000081900000| Untracked 
|  26|0x0000000081a00000, 0x0000000081b00000, 0x0000000081b00000|100%| O|  |TAMS 0x0000000081a00000, 0x0000000081a00000| Untracked 
|  27|0x0000000081b00000, 0x0000000081b77800, 0x0000000081c00000| 46%| O|  |TAMS 0x0000000081b00000, 0x0000000081b00000| Untracked 
|  28|0x0000000081c00000, 0x0000000081c00000, 0x0000000081d00000|  0%| F|  |TAMS 0x0000000081c00000, 0x0000000081c00000| Untracked 
|  29|0x0000000081d00000, 0x0000000081d00000, 0x0000000081e00000|  0%| F|  |TAMS 0x0000000081d00000, 0x0000000081d00000| Untracked 
|  30|0x0000000081e00000, 0x0000000081e00000, 0x0000000081f00000|  0%| F|  |TAMS 0x0000000081e00000, 0x0000000081e00000| Untracked 
|  31|0x0000000081f00000, 0x0000000081f00000, 0x0000000082000000|  0%| F|  |TAMS 0x0000000081f00000, 0x0000000081f00000| Untracked 
|  32|0x0000000082000000, 0x0000000082000000, 0x0000000082100000|  0%| F|  |TAMS 0x0000000082000000, 0x0000000082000000| Untracked 
|  33|0x0000000082100000, 0x0000000082100000, 0x0000000082200000|  0%| F|  |TAMS 0x0000000082100000, 0x0000000082100000| Untracked 
|  34|0x0000000082200000, 0x0000000082200000, 0x0000000082300000|  0%| F|  |TAMS 0x0000000082200000, 0x0000000082200000| Untracked 
|  35|0x0000000082300000, 0x0000000082300000, 0x0000000082400000|  0%| F|  |TAMS 0x0000000082300000, 0x0000000082300000| Untracked 
|  36|0x0000000082400000, 0x0000000082400000, 0x0000000082500000|  0%| F|  |TAMS 0x0000000082400000, 0x0000000082400000| Untracked 
|  37|0x0000000082500000, 0x0000000082500000, 0x0000000082600000|  0%| F|  |TAMS 0x0000000082500000, 0x0000000082500000| Untracked 
|  38|0x0000000082600000, 0x0000000082600000, 0x0000000082700000|  0%| F|  |TAMS 0x0000000082600000, 0x0000000082600000| Untracked 
|  39|0x0000000082700000, 0x0000000082700000, 0x0000000082800000|  0%| F|  |TAMS 0x0000000082700000, 0x0000000082700000| Untracked 
|  40|0x0000000082800000, 0x0000000082800000, 0x0000000082900000|  0%| F|  |TAMS 0x0000000082800000, 0x0000000082800000| Untracked 
|  41|0x0000000082900000, 0x0000000082900000, 0x0000000082a00000|  0%| F|  |TAMS 0x0000000082900000, 0x0000000082900000| Untracked 
|  42|0x0000000082a00000, 0x0000000082a00000, 0x0000000082b00000|  0%| F|  |TAMS 0x0000000082a00000, 0x0000000082a00000| Untracked 
|  43|0x0000000082b00000, 0x0000000082b00000, 0x0000000082c00000|  0%| F|  |TAMS 0x0000000082b00000, 0x0000000082b00000| Untracked 
|  44|0x0000000082c00000, 0x0000000082c00000, 0x0000000082d00000|  0%| F|  |TAMS 0x0000000082c00000, 0x0000000082c00000| Untracked 
|  45|0x0000000082d00000, 0x0000000082d00000, 0x0000000082e00000|  0%| F|  |TAMS 0x0000000082d00000, 0x0000000082d00000| Untracked 
|  46|0x0000000082e00000, 0x0000000082e00000, 0x0000000082f00000|  0%| F|  |TAMS 0x0000000082e00000, 0x0000000082e00000| Untracked 
|  47|0x0000000082f00000, 0x0000000082f00000, 0x0000000083000000|  0%| F|  |TAMS 0x0000000082f00000, 0x0000000082f00000| Untracked 
|  48|0x0000000083000000, 0x0000000083000000, 0x0000000083100000|  0%| F|  |TAMS 0x0000000083000000, 0x0000000083000000| Untracked 
|  49|0x0000000083100000, 0x0000000083100000, 0x0000000083200000|  0%| F|  |TAMS 0x0000000083100000, 0x0000000083100000| Untracked 
|  50|0x0000000083200000, 0x0000000083200000, 0x0000000083300000|  0%| F|  |TAMS 0x0000000083200000, 0x0000000083200000| Untracked 
|  51|0x0000000083300000, 0x0000000083300000, 0x0000000083400000|  0%| F|  |TAMS 0x0000000083300000, 0x0000000083300000| Untracked 
|  52|0x0000000083400000, 0x0000000083400000, 0x0000000083500000|  0%| F|  |TAMS 0x0000000083400000, 0x0000000083400000| Untracked 
|  53|0x0000000083500000, 0x0000000083500000, 0x0000000083600000|  0%| F|  |TAMS 0x0000000083500000, 0x0000000083500000| Untracked 
|  54|0x0000000083600000, 0x0000000083600000, 0x0000000083700000|  0%| F|  |TAMS 0x0000000083600000, 0x0000000083600000| Untracked 
|  55|0x0000000083700000, 0x0000000083700000, 0x0000000083800000|  0%| F|  |TAMS 0x0000000083700000, 0x0000000083700000| Untracked 
|  56|0x0000000083800000, 0x0000000083800000, 0x0000000083900000|  0%| F|  |TAMS 0x0000000083800000, 0x0000000083800000| Untracked 
|  57|0x0000000083900000, 0x0000000083900000, 0x0000000083a00000|  0%| F|  |TAMS 0x0000000083900000, 0x0000000083900000| Untracked 
|  58|0x0000000083a00000, 0x0000000083a00000, 0x0000000083b00000|  0%| F|  |TAMS 0x0000000083a00000, 0x0000000083a00000| Untracked 
|  59|0x0000000083b00000, 0x0000000083b00000, 0x0000000083c00000|  0%| F|  |TAMS 0x0000000083b00000, 0x0000000083b00000| Untracked 
|  60|0x0000000083c00000, 0x0000000083c00000, 0x0000000083d00000|  0%| F|  |TAMS 0x0000000083c00000, 0x0000000083c00000| Untracked 
|  61|0x0000000083d00000, 0x0000000083de4bc0, 0x0000000083e00000| 89%| S|CS|TAMS 0x0000000083d00000, 0x0000000083d00000| Complete 
|  62|0x0000000083e00000, 0x0000000083f00000, 0x0000000083f00000|100%| S|CS|TAMS 0x0000000083e00000, 0x0000000083e00000| Complete 
|  63|0x0000000083f00000, 0x0000000084000000, 0x0000000084000000|100%| S|CS|TAMS 0x0000000083f00000, 0x0000000083f00000| Complete 
|  64|0x0000000084000000, 0x0000000084100000, 0x0000000084100000|100%| S|CS|TAMS 0x0000000084000000, 0x0000000084000000| Complete 
|  65|0x0000000084100000, 0x0000000084100000, 0x0000000084200000|  0%| F|  |TAMS 0x0000000084100000, 0x0000000084100000| Untracked 
|  66|0x0000000084200000, 0x0000000084200000, 0x0000000084300000|  0%| F|  |TAMS 0x0000000084200000, 0x0000000084200000| Untracked 
|  67|0x0000000084300000, 0x0000000084300000, 0x0000000084400000|  0%| F|  |TAMS 0x0000000084300000, 0x0000000084300000| Untracked 
|  68|0x0000000084400000, 0x0000000084400000, 0x0000000084500000|  0%| F|  |TAMS 0x0000000084400000, 0x0000000084400000| Untracked 
|  69|0x0000000084500000, 0x0000000084500000, 0x0000000084600000|  0%| F|  |TAMS 0x0000000084500000, 0x0000000084500000| Untracked 
|  70|0x0000000084600000, 0x0000000084600000, 0x0000000084700000|  0%| F|  |TAMS 0x0000000084600000, 0x0000000084600000| Untracked 
|  71|0x0000000084700000, 0x0000000084700000, 0x0000000084800000|  0%| F|  |TAMS 0x0000000084700000, 0x0000000084700000| Untracked 
|  72|0x0000000084800000, 0x0000000084800000, 0x0000000084900000|  0%| F|  |TAMS 0x0000000084800000, 0x0000000084800000| Untracked 
|  73|0x0000000084900000, 0x0000000084900000, 0x0000000084a00000|  0%| F|  |TAMS 0x0000000084900000, 0x0000000084900000| Untracked 
|  74|0x0000000084a00000, 0x0000000084a00000, 0x0000000084b00000|  0%| F|  |TAMS 0x0000000084a00000, 0x0000000084a00000| Untracked 
|  75|0x0000000084b00000, 0x0000000084b00000, 0x0000000084c00000|  0%| F|  |TAMS 0x0000000084b00000, 0x0000000084b00000| Untracked 
|  76|0x0000000084c00000, 0x0000000084c00000, 0x0000000084d00000|  0%| F|  |TAMS 0x0000000084c00000, 0x0000000084c00000| Untracked 
|  77|0x0000000084d00000, 0x0000000084d00000, 0x0000000084e00000|  0%| F|  |TAMS 0x0000000084d00000, 0x0000000084d00000| Untracked 
|  78|0x0000000084e00000, 0x0000000084e00000, 0x0000000084f00000|  0%| F|  |TAMS 0x0000000084e00000, 0x0000000084e00000| Untracked 
|  79|0x0000000084f00000, 0x0000000084f00000, 0x0000000085000000|  0%| F|  |TAMS 0x0000000084f00000, 0x0000000084f00000| Untracked 
|  80|0x0000000085000000, 0x0000000085000000, 0x0000000085100000|  0%| F|  |TAMS 0x0000000085000000, 0x0000000085000000| Untracked 
|  81|0x0000000085100000, 0x0000000085100000, 0x0000000085200000|  0%| F|  |TAMS 0x0000000085100000, 0x0000000085100000| Untracked 
|  82|0x0000000085200000, 0x0000000085200000, 0x0000000085300000|  0%| F|  |TAMS 0x0000000085200000, 0x0000000085200000| Untracked 
|  83|0x0000000085300000, 0x0000000085300000, 0x0000000085400000|  0%| F|  |TAMS 0x0000000085300000, 0x0000000085300000| Untracked 
|  84|0x0000000085400000, 0x0000000085400000, 0x0000000085500000|  0%| F|  |TAMS 0x0000000085400000, 0x0000000085400000| Untracked 
|  85|0x0000000085500000, 0x0000000085500000, 0x0000000085600000|  0%| F|  |TAMS 0x0000000085500000, 0x0000000085500000| Untracked 
|  86|0x0000000085600000, 0x0000000085600000, 0x0000000085700000|  0%| F|  |TAMS 0x0000000085600000, 0x0000000085600000| Untracked 
|  87|0x0000000085700000, 0x0000000085700000, 0x0000000085800000|  0%| F|  |TAMS 0x0000000085700000, 0x0000000085700000| Untracked 
|  88|0x0000000085800000, 0x0000000085800000, 0x0000000085900000|  0%| F|  |TAMS 0x0000000085800000, 0x0000000085800000| Untracked 
|  89|0x0000000085900000, 0x0000000085900000, 0x0000000085a00000|  0%| F|  |TAMS 0x0000000085900000, 0x0000000085900000| Untracked 
|  90|0x0000000085a00000, 0x0000000085a00000, 0x0000000085b00000|  0%| F|  |TAMS 0x0000000085a00000, 0x0000000085a00000| Untracked 
|  91|0x0000000085b00000, 0x0000000085b00000, 0x0000000085c00000|  0%| F|  |TAMS 0x0000000085b00000, 0x0000000085b00000| Untracked 
|  92|0x0000000085c00000, 0x0000000085c00000, 0x0000000085d00000|  0%| F|  |TAMS 0x0000000085c00000, 0x0000000085c00000| Untracked 
|  93|0x0000000085d00000, 0x0000000085d00000, 0x0000000085e00000|  0%| F|  |TAMS 0x0000000085d00000, 0x0000000085d00000| Untracked 
|  94|0x0000000085e00000, 0x0000000085e00000, 0x0000000085f00000|  0%| F|  |TAMS 0x0000000085e00000, 0x0000000085e00000| Untracked 
|  95|0x0000000085f00000, 0x0000000085f00000, 0x0000000086000000|  0%| F|  |TAMS 0x0000000085f00000, 0x0000000085f00000| Untracked 
|  96|0x0000000086000000, 0x0000000086000000, 0x0000000086100000|  0%| F|  |TAMS 0x0000000086000000, 0x0000000086000000| Untracked 
|  97|0x0000000086100000, 0x0000000086100000, 0x0000000086200000|  0%| F|  |TAMS 0x0000000086100000, 0x0000000086100000| Untracked 
|  98|0x0000000086200000, 0x0000000086200000, 0x0000000086300000|  0%| F|  |TAMS 0x0000000086200000, 0x0000000086200000| Untracked 
|  99|0x0000000086300000, 0x0000000086300000, 0x0000000086400000|  0%| F|  |TAMS 0x0000000086300000, 0x0000000086300000| Untracked 
| 100|0x0000000086400000, 0x0000000086400000, 0x0000000086500000|  0%| F|  |TAMS 0x0000000086400000, 0x0000000086400000| Untracked 
| 101|0x0000000086500000, 0x0000000086500000, 0x0000000086600000|  0%| F|  |TAMS 0x0000000086500000, 0x0000000086500000| Untracked 
| 102|0x0000000086600000, 0x0000000086600000, 0x0000000086700000|  0%| F|  |TAMS 0x0000000086600000, 0x0000000086600000| Untracked 
| 103|0x0000000086700000, 0x0000000086700000, 0x0000000086800000|  0%| F|  |TAMS 0x0000000086700000, 0x0000000086700000| Untracked 
| 104|0x0000000086800000, 0x0000000086800000, 0x0000000086900000|  0%| F|  |TAMS 0x0000000086800000, 0x0000000086800000| Untracked 
| 105|0x0000000086900000, 0x0000000086900000, 0x0000000086a00000|  0%| F|  |TAMS 0x0000000086900000, 0x0000000086900000| Untracked 
| 106|0x0000000086a00000, 0x0000000086a00000, 0x0000000086b00000|  0%| F|  |TAMS 0x0000000086a00000, 0x0000000086a00000| Untracked 
| 107|0x0000000086b00000, 0x0000000086b00000, 0x0000000086c00000|  0%| F|  |TAMS 0x0000000086b00000, 0x0000000086b00000| Untracked 
| 108|0x0000000086c00000, 0x0000000086c00000, 0x0000000086d00000|  0%| F|  |TAMS 0x0000000086c00000, 0x0000000086c00000| Untracked 
| 109|0x0000000086d00000, 0x0000000086d00000, 0x0000000086e00000|  0%| F|  |TAMS 0x0000000086d00000, 0x0000000086d00000| Untracked 
| 110|0x0000000086e00000, 0x0000000086e00000, 0x0000000086f00000|  0%| F|  |TAMS 0x0000000086e00000, 0x0000000086e00000| Untracked 
| 111|0x0000000086f00000, 0x0000000086f00000, 0x0000000087000000|  0%| F|  |TAMS 0x0000000086f00000, 0x0000000086f00000| Untracked 
| 112|0x0000000087000000, 0x0000000087000000, 0x0000000087100000|  0%| F|  |TAMS 0x0000000087000000, 0x0000000087000000| Untracked 
| 113|0x0000000087100000, 0x0000000087100000, 0x0000000087200000|  0%| F|  |TAMS 0x0000000087100000, 0x0000000087100000| Untracked 
| 114|0x0000000087200000, 0x0000000087200000, 0x0000000087300000|  0%| F|  |TAMS 0x0000000087200000, 0x0000000087200000| Untracked 
| 115|0x0000000087300000, 0x0000000087300000, 0x0000000087400000|  0%| F|  |TAMS 0x0000000087300000, 0x0000000087300000| Untracked 
| 116|0x0000000087400000, 0x0000000087400000, 0x0000000087500000|  0%| F|  |TAMS 0x0000000087400000, 0x0000000087400000| Untracked 
| 117|0x0000000087500000, 0x0000000087500000, 0x0000000087600000|  0%| F|  |TAMS 0x0000000087500000, 0x0000000087500000| Untracked 

Card table byte_map: [0x000001c8315e0000,0x000001c8319e0000] _byte_map_base: 0x000001c8311e0000

Marking Bits (Prev, Next): (CMBitMap*) 0x000001c81e1b0f98, (CMBitMap*) 0x000001c81e1b0fd0
 Prev Bits: [0x000001c831de0000, 0x000001c833de0000)
 Next Bits: [0x000001c833de0000, 0x000001c835de0000)

Polling page: 0x000001c81c170000

Metaspace:

Usage:
  Non-class:     40.85 MB capacity,    40.17 MB ( 98%) used,   574.87 KB (  1%) free+waste,   116.81 KB ( <1%) overhead. 
      Class:      6.25 MB capacity,     5.86 MB ( 94%) used,   342.33 KB (  5%) free+waste,    55.81 KB ( <1%) overhead. 
       Both:     47.09 MB capacity,    46.03 MB ( 98%) used,   917.20 KB (  2%) free+waste,   172.63 KB ( <1%) overhead. 

Virtual space:
  Non-class space:       42.00 MB reserved,      40.95 MB ( 98%) committed 
      Class space:        1.00 GB reserved,       6.25 MB ( <1%) committed 
             Both:        1.04 GB reserved,      47.20 MB (  4%) committed 

Chunk freelists:
   Non-Class:  43.00 KB
       Class:  4.00 KB
        Both:  47.00 KB

MaxMetaspaceSize: 17179869184.00 GB
CompressedClassSpaceSize: 1.00 GB
Initial GC threshold: 20.80 MB
Current GC threshold: 59.09 MB
CDS: off

CodeHeap 'non-profiled nmethods': size=120000Kb used=2383Kb max_used=2383Kb free=117616Kb
 bounds [0x000001c829760000, 0x000001c8299d0000, 0x000001c830c90000]
CodeHeap 'profiled nmethods': size=120000Kb used=8319Kb max_used=8319Kb free=111680Kb
 bounds [0x000001c822230000, 0x000001c822a50000, 0x000001c829760000]
CodeHeap 'non-nmethods': size=5760Kb used=2289Kb max_used=2322Kb free=3470Kb
 bounds [0x000001c821c90000, 0x000001c821f00000, 0x000001c822230000]
 total_blobs=4686 nmethods=3899 adapters=698
 compilation: enabled
              stopped_count=0, restarted_count=0
 full_count=0

Compilation events (20 events):
Event: 7.075 Thread 0x000001c838a6e000 nmethod 3890 0x000001c822a49610 code [0x000001c822a49880, 0x000001c822a4a178]
Event: 7.075 Thread 0x000001c838a6e000 3891       3       org.gradle.internal.instantiation.generator.AbstractClassGenerator$DslMixInPropertyType::claimPropertyImplementation (21 bytes)
Event: 7.075 Thread 0x000001c838a6e000 nmethod 3891 0x000001c822a4a490 code [0x000001c822a4a660, 0x000001c822a4a828]
Event: 7.075 Thread 0x000001c838a6e000 3892       3       org.gradle.internal.instantiation.generator.AbstractClassGenerator$ServicesPropertyHandler::claimPropertyImplementation (40 bytes)
Event: 7.075 Thread 0x000001c838a6e000 nmethod 3892 0x000001c822a4a910 code [0x000001c822a4ab60, 0x000001c822a4b3d8]
Event: 7.075 Thread 0x000001c838a6e000 3893       3       org.gradle.internal.instantiation.generator.AbstractClassGenerator$NamePropertyHandler::claimPropertyImplementation (16 bytes)
Event: 7.075 Thread 0x000001c838a6e000 nmethod 3893 0x000001c822a4b710 code [0x000001c822a4b8e0, 0x000001c822a4bb28]
Event: 7.075 Thread 0x000001c838a6e000 3886       3       java.util.regex.Matcher::appendReplacement (75 bytes)
Event: 7.076 Thread 0x000001c838a6e000 nmethod 3886 0x000001c822a4bc10 code [0x000001c822a4be20, 0x000001c822a4c2c8]
Event: 7.076 Thread 0x000001c838a6e000 3899       3       java.lang.invoke.MethodHandles$Lookup::getDirectMethodForConstant (72 bytes)
Event: 7.077 Thread 0x000001c838a6e000 nmethod 3899 0x000001c822a4c510 code [0x000001c822a4c8a0, 0x000001c822a4dec8]
Event: 7.077 Thread 0x000001c838a6e000 3898       3       java.lang.invoke.MemberName::equals (24 bytes)
Event: 7.077 Thread 0x000001c838a6e000 nmethod 3898 0x000001c822a4e690 code [0x000001c822a4e860, 0x000001c822a4ebe8]
Event: 7.080 Thread 0x000001c838a6e000 3900       3       com.google.common.collect.CollectPreconditions::checkNonnegative (48 bytes)
Event: 7.080 Thread 0x000001c838a6e000 nmethod 3900 0x000001c822a4ec90 code [0x000001c822a4ef40, 0x000001c822a4fa68]
Event: 7.081 Thread 0x000001c838a6a800 3901       4       org.gradle.internal.service.DefaultServiceRegistry$CompositeServiceProvider::getService (49 bytes)
Event: 7.081 Thread 0x000001c83b432000 3902       4       org.gradle.internal.service.DefaultServiceRegistry::unwrap (75 bytes)
Event: 7.082 Thread 0x000001c83b432000 nmethod 3902 0x000001c8299b3610 code [0x000001c8299b37c0, 0x000001c8299b38b8]
Event: 7.082 Thread 0x000001c838a6a800 nmethod 3901 0x000001c8299b3a10 code [0x000001c8299b3ba0, 0x000001c8299b3c98]
Event: 7.087 Thread 0x000001c83cfde800 3903       4       java.util.regex.Matcher::search (154 bytes)

GC Heap History (19 events):
Event: 0.984 GC heap before
{Heap before GC invocations=0 (full 0):
 garbage-first heap   total 120832K, used 29696K [0x0000000080000000, 0x0000000100000000)
  region size 1024K, 24 young (24576K), 0 survivors (0K)
 Metaspace       used 10145K, capacity 10391K, committed 10624K, reserved 1058816K
  class space    used 1043K, capacity 1106K, committed 1152K, reserved 1048576K
}
Event: 0.998 GC heap after
{Heap after GC invocations=1 (full 0):
 garbage-first heap   total 120832K, used 9215K [0x0000000080000000, 0x0000000100000000)
  region size 1024K, 3 young (3072K), 3 survivors (3072K)
 Metaspace       used 10145K, capacity 10391K, committed 10624K, reserved 1058816K
  class space    used 1043K, capacity 1106K, committed 1152K, reserved 1048576K
}
Event: 2.990 GC heap before
{Heap before GC invocations=1 (full 0):
 garbage-first heap   total 120832K, used 77823K [0x0000000080000000, 0x0000000100000000)
  region size 1024K, 70 young (71680K), 3 survivors (3072K)
 Metaspace       used 16744K, capacity 17134K, committed 17152K, reserved 1064960K
  class space    used 1914K, capacity 2036K, committed 2048K, reserved 1048576K
}
Event: 2.997 GC heap after
{Heap after GC invocations=2 (full 0):
 garbage-first heap   total 120832K, used 15881K [0x0000000080000000, 0x0000000100000000)
  region size 1024K, 9 young (9216K), 9 survivors (9216K)
 Metaspace       used 16744K, capacity 17134K, committed 17152K, reserved 1064960K
  class space    used 1914K, capacity 2036K, committed 2048K, reserved 1048576K
}
Event: 3.451 GC heap before
{Heap before GC invocations=2 (full 0):
 garbage-first heap   total 120832K, used 49673K [0x0000000080000000, 0x0000000100000000)
  region size 1024K, 42 young (43008K), 9 survivors (9216K)
 Metaspace       used 20399K, capacity 20817K, committed 20864K, reserved 1067008K
  class space    used 2485K, capacity 2648K, committed 2688K, reserved 1048576K
}
Event: 3.459 GC heap after
{Heap after GC invocations=3 (full 0):
 garbage-first heap   total 120832K, used 17465K [0x0000000080000000, 0x0000000100000000)
  region size 1024K, 2 young (2048K), 2 survivors (2048K)
 Metaspace       used 20399K, capacity 20817K, committed 20864K, reserved 1067008K
  class space    used 2485K, capacity 2648K, committed 2688K, reserved 1048576K
}
Event: 3.507 GC heap before
{Heap before GC invocations=3 (full 0):
 garbage-first heap   total 120832K, used 19513K [0x0000000080000000, 0x0000000100000000)
  region size 1024K, 5 young (5120K), 2 survivors (2048K)
 Metaspace       used 20790K, capacity 21189K, committed 21296K, reserved 1069056K
  class space    used 2531K, capacity 2688K, committed 2688K, reserved 1048576K
}
Event: 3.510 GC heap after
{Heap after GC invocations=4 (full 0):
 garbage-first heap   total 120832K, used 17460K [0x0000000080000000, 0x0000000100000000)
  region size 1024K, 2 young (2048K), 2 survivors (2048K)
 Metaspace       used 20790K, capacity 21189K, committed 21296K, reserved 1069056K
  class space    used 2531K, capacity 2688K, committed 2688K, reserved 1048576K
}
Event: 4.308 GC heap before
{Heap before GC invocations=5 (full 0):
 garbage-first heap   total 120832K, used 68660K [0x0000000080000000, 0x0000000100000000)
  region size 1024K, 52 young (53248K), 2 survivors (2048K)
 Metaspace       used 26108K, capacity 26741K, committed 27008K, reserved 1073152K
  class space    used 3394K, capacity 3633K, committed 3712K, reserved 1048576K
}
Event: 4.314 GC heap after
{Heap after GC invocations=6 (full 0):
 garbage-first heap   total 120832K, used 19265K [0x0000000080000000, 0x0000000100000000)
  region size 1024K, 4 young (4096K), 4 survivors (4096K)
 Metaspace       used 26108K, capacity 26741K, committed 27008K, reserved 1073152K
  class space    used 3394K, capacity 3633K, committed 3712K, reserved 1048576K
}
Event: 5.042 GC heap before
{Heap before GC invocations=6 (full 0):
 garbage-first heap   total 120832K, used 73537K [0x0000000080000000, 0x0000000100000000)
  region size 1024K, 57 young (58368K), 4 survivors (4096K)
 Metaspace       used 31405K, capacity 32183K, committed 32384K, reserved 1077248K
  class space    used 4170K, capacity 4448K, committed 4480K, reserved 1048576K
}
Event: 5.047 GC heap after
{Heap after GC invocations=7 (full 0):
 garbage-first heap   total 120832K, used 20921K [0x0000000080000000, 0x0000000100000000)
  region size 1024K, 5 young (5120K), 5 survivors (5120K)
 Metaspace       used 31405K, capacity 32183K, committed 32384K, reserved 1077248K
  class space    used 4170K, capacity 4448K, committed 4480K, reserved 1048576K
}
Event: 5.396 GC heap before
{Heap before GC invocations=7 (full 0):
 garbage-first heap   total 120832K, used 31161K [0x0000000080000000, 0x0000000100000000)
  region size 1024K, 16 young (16384K), 5 survivors (5120K)
 Metaspace       used 35185K, capacity 35962K, committed 36048K, reserved 1081344K
  class space    used 4529K, capacity 4838K, committed 4864K, reserved 1048576K
}
Event: 5.406 GC heap after
{Heap after GC invocations=8 (full 0):
 garbage-first heap   total 120832K, used 23045K [0x0000000080000000, 0x0000000100000000)
  region size 1024K, 6 young (6144K), 6 survivors (6144K)
 Metaspace       used 35185K, capacity 35962K, committed 36048K, reserved 1081344K
  class space    used 4529K, capacity 4838K, committed 4864K, reserved 1048576K
}
Event: 6.018 GC heap before
{Heap before GC invocations=9 (full 0):
 garbage-first heap   total 120832K, used 72197K [0x0000000080000000, 0x0000000100000000)
  region size 1024K, 52 young (53248K), 6 survivors (6144K)
 Metaspace       used 39218K, capacity 40065K, committed 40400K, reserved 1085440K
  class space    used 4951K, capacity 5262K, committed 5376K, reserved 1048576K
}
Event: 6.029 GC heap after
{Heap after GC invocations=10 (full 0):
 garbage-first heap   total 120832K, used 27095K [0x0000000080000000, 0x0000000100000000)
  region size 1024K, 7 young (7168K), 7 survivors (7168K)
 Metaspace       used 39218K, capacity 40065K, committed 40400K, reserved 1085440K
  class space    used 4951K, capacity 5262K, committed 5376K, reserved 1048576K
}
Event: 6.557 GC heap before
{Heap before GC invocations=10 (full 0):
 garbage-first heap   total 120832K, used 74199K [0x0000000080000000, 0x0000000100000000)
  region size 1024K, 54 young (55296K), 7 survivors (7168K)
 Metaspace       used 42974K, capacity 43933K, committed 43984K, reserved 1087488K
  class space    used 5481K, capacity 5839K, committed 5888K, reserved 1048576K
}
Event: 6.565 GC heap after
{Heap after GC invocations=11 (full 0):
 garbage-first heap   total 120832K, used 29808K [0x0000000080000000, 0x0000000100000000)
  region size 1024K, 7 young (7168K), 7 survivors (7168K)
 Metaspace       used 42974K, capacity 43933K, committed 43984K, reserved 1087488K
  class space    used 5481K, capacity 5839K, committed 5888K, reserved 1048576K
}
Event: 7.093 GC heap before
{Heap before GC invocations=11 (full 0):
 garbage-first heap   total 120832K, used 79984K [0x0000000080000000, 0x0000000100000000)
  region size 1024K, 55 young (56320K), 7 survivors (7168K)
 Metaspace       used 47135K, capacity 48225K, committed 48336K, reserved 1091584K
  class space    used 5997K, capacity 6396K, committed 6400K, reserved 1048576K
}

Deoptimization events (20 events):
Event: 6.641 Thread 0x000001c83c024800 Uncommon trap: trap_request=0xffffffc6 fr.pc=0x000001c829896bf8 relative=0x0000000000000218
Event: 6.641 Thread 0x000001c83c024800 Uncommon trap: reason=bimorphic_or_optimized_type_check action=maybe_recompile pc=0x000001c829896bf8 method=com.google.common.base.CharMatcher.indexIn(Ljava/lang/CharSequence;I)I @ 31 c2
Event: 6.641 Thread 0x000001c83c024800 DEOPT PACKING pc=0x000001c829896bf8 sp=0x0000002f50af9620
Event: 6.641 Thread 0x000001c83c024800 DEOPT UNPACKING pc=0x000001c821cda1af sp=0x0000002f50af95c8 mode 2
Event: 6.681 Thread 0x000001c83c024800 Uncommon trap: trap_request=0xffffff4d fr.pc=0x000001c829964ea4 relative=0x0000000000005a24
Event: 6.681 Thread 0x000001c83c024800 Uncommon trap: reason=unstable_if action=reinterpret pc=0x000001c829964ea4 method=org.objectweb.asm.Frame.execute(IILorg/objectweb/asm/Symbol;Lorg/objectweb/asm/SymbolTable;)V @ 1 c2
Event: 6.681 Thread 0x000001c83c024800 DEOPT PACKING pc=0x000001c829964ea4 sp=0x0000002f50af92f0
Event: 6.681 Thread 0x000001c83c024800 DEOPT UNPACKING pc=0x000001c821cda1af sp=0x0000002f50af9298 mode 2
Event: 6.717 Thread 0x000001c83c024800 Uncommon trap: trap_request=0xffffff4d fr.pc=0x000001c8297e9210 relative=0x00000000000001d0
Event: 6.717 Thread 0x000001c83c024800 Uncommon trap: reason=unstable_if action=reinterpret pc=0x000001c8297e9210 method=java.net.URI$Parser.scan(IILjava/lang/String;)I @ 26 c2
Event: 6.717 Thread 0x000001c83c024800 DEOPT PACKING pc=0x000001c8297e9210 sp=0x0000002f50af8af0
Event: 6.717 Thread 0x000001c83c024800 DEOPT UNPACKING pc=0x000001c821cda1af sp=0x0000002f50af8a80 mode 2
Event: 6.717 Thread 0x000001c83c024800 Uncommon trap: trap_request=0xffffff4d fr.pc=0x000001c8297b8d54 relative=0x0000000000000114
Event: 6.717 Thread 0x000001c83c024800 Uncommon trap: reason=unstable_if action=reinterpret pc=0x000001c8297b8d54 method=java.net.URI.match(CJJ)Z @ 45 c2
Event: 6.717 Thread 0x000001c83c024800 DEOPT PACKING pc=0x000001c8297b8d54 sp=0x0000002f50af8860
Event: 6.717 Thread 0x000001c83c024800 DEOPT UNPACKING pc=0x000001c821cda1af sp=0x0000002f50af8798 mode 2
Event: 6.717 Thread 0x000001c83c024800 Uncommon trap: trap_request=0xffffff4d fr.pc=0x000001c8297840e8 relative=0x0000000000000048
Event: 6.717 Thread 0x000001c83c024800 Uncommon trap: reason=unstable_if action=reinterpret pc=0x000001c8297840e8 method=java.net.URI.match(CJJ)Z @ 19 c2
Event: 6.717 Thread 0x000001c83c024800 DEOPT PACKING pc=0x000001c8297840e8 sp=0x0000002f50af8870
Event: 6.717 Thread 0x000001c83c024800 DEOPT UNPACKING pc=0x000001c821cda1af sp=0x0000002f50af8820 mode 2

Classes redefined (0 events):
No events

Internal exceptions (20 events):
Event: 6.221 Thread 0x000001c83c024800 Exception <a 'java/lang/ClassNotFoundException'{0x00000000864df278}: org/gradle/initialization/DefaultProjectDescriptorCustomizer> (0x00000000864df278) thrown at [./src/hotspot/share/classfile/systemDictionary.cpp, line 231]
Event: 6.224 Thread 0x000001c83c024800 Implicit null exception at 0x000001c8298da5ec to 0x000001c8298da694
Event: 6.354 Thread 0x000001c83ae6c000 Exception <a 'java/lang/NoSuchMethodError'{0x0000000085806710}: <clinit>> (0x0000000085806710) thrown at [./src/hotspot/share/prims/jni.cpp, line 1366]
Event: 6.354 Thread 0x000001c83ae6c000 Exception <a 'java/lang/NoSuchMethodError'{0x0000000085807e00}: <clinit>> (0x0000000085807e00) thrown at [./src/hotspot/share/prims/jni.cpp, line 1366]
Event: 6.355 Thread 0x000001c83ae6c000 Exception <a 'java/lang/NoSuchMethodError'{0x00000000858173a8}: <clinit>> (0x00000000858173a8) thrown at [./src/hotspot/share/prims/jni.cpp, line 1366]
Event: 6.356 Thread 0x000001c83ae6c000 Exception <a 'java/lang/NoSuchMethodError'{0x00000000858199e0}: <clinit>> (0x00000000858199e0) thrown at [./src/hotspot/share/prims/jni.cpp, line 1366]
Event: 6.357 Thread 0x000001c83ae6c000 Exception <a 'java/lang/NoSuchMethodError'{0x00000000858296d0}: <clinit>> (0x00000000858296d0) thrown at [./src/hotspot/share/prims/jni.cpp, line 1366]
Event: 6.457 Thread 0x000001c83c024800 Implicit null exception at 0x000001c82985b6f4 to 0x000001c82985b904
Event: 6.614 Thread 0x000001c83c024800 Exception <a 'java/lang/ClassNotFoundException'{0x00000000873f31b8}: build_7cj27h445vf50y5vuoh54q57gBeanInfo> (0x00000000873f31b8) thrown at [./src/hotspot/share/classfile/systemDictionary.cpp, line 231]
Event: 6.614 Thread 0x000001c83c024800 Exception <a 'java/lang/ClassNotFoundException'{0x000000008720aab0}: org/gradle/api/internal/project/ProjectScriptBeanInfo> (0x000000008720aab0) thrown at [./src/hotspot/share/classfile/systemDictionary.cpp, line 231]
Event: 6.614 Thread 0x000001c83c024800 Exception <a 'java/lang/ClassNotFoundException'{0x00000000872222e0}: org/gradle/api/internal/project/ProjectScriptCustomizer> (0x00000000872222e0) thrown at [./src/hotspot/share/classfile/systemDictionary.cpp, line 231]
Event: 6.615 Thread 0x000001c83c024800 Exception <a 'java/lang/ClassNotFoundException'{0x000000008723e1b0}: build_7cj27h445vf50y5vuoh54q57gCustomizer> (0x000000008723e1b0) thrown at [./src/hotspot/share/classfile/systemDictionary.cpp, line 231]
Event: 6.623 Thread 0x000001c83c024800 Exception <a 'java/lang/ClassNotFoundException'{0x00000000872d29d8}: org/gradle/plugin/use/internal/PluginRequestCollector$PluginDependenciesSpecImplBeanInfo> (0x00000000872d29d8) thrown at [./src/hotspot/share/classfile/systemDictionary.cpp, line 231]
Event: 6.624 Thread 0x000001c83c024800 Exception <a 'java/lang/ClassNotFoundException'{0x00000000871023f8}: org/gradle/plugin/use/internal/PluginRequestCollector$PluginDependenciesSpecImplCustomizer> (0x00000000871023f8) thrown at [./src/hotspot/share/classfile/systemDictionary.cpp, line 231]
Event: 6.629 Thread 0x000001c83c024800 Exception <a 'java/lang/ClassNotFoundException'{0x000000008716b800}: org/gradle/plugin/use/internal/PluginRequestCollector$PluginDependencySpecImplBeanInfo> (0x000000008716b800) thrown at [./src/hotspot/share/classfile/systemDictionary.cpp, line 231]
Event: 6.630 Thread 0x000001c83c024800 Exception <a 'java/lang/ClassNotFoundException'{0x000000008719a180}: org/gradle/plugin/use/internal/PluginRequestCollector$PluginDependencySpecImplCustomizer> (0x000000008719a180) thrown at [./src/hotspot/share/classfile/systemDictionary.cpp, line 231]
Event: 6.871 Thread 0x000001c83c024800 Exception <a 'java/lang/NoSuchMethodError'{0x00000000858eb920}: 'int java.lang.invoke.DirectMethodHandle$Holder.invokeInterface(java.lang.Object, java.lang.Object)'> (0x00000000858eb920) thrown at [./src/hotspot/share/interpreter/linkResolver.cpp, line 773]
Event: 6.872 Thread 0x000001c83c024800 Exception <a 'java/lang/IncompatibleClassChangeError'{0x00000000858ef400}: Found class java.lang.Object, but interface was expected> (0x00000000858ef400) thrown at [./src/hotspot/share/interpreter/linkResolver.cpp, line 839]
Event: 6.951 Thread 0x000001c83c024800 Exception <a 'java/lang/NoSuchMethodError'{0x0000000084f67678}: 'int java.lang.invoke.DirectMethodHandle$Holder.invokeStaticInit(java.lang.Object)'> (0x0000000084f67678) thrown at [./src/hotspot/share/interpreter/linkResolver.cpp, line 773]
Event: 6.986 Thread 0x000001c83c024800 Exception <a 'java/lang/NoSuchMethodError'{0x0000000084c45d40}: 'void java.lang.invoke.DirectMethodHandle$Holder.invokeStatic(java.lang.Object, java.lang.Object, java.lang.Object, int, java.lang.Object)'> (0x0000000084c45d40) thrown at [./src/hotspot/share/interpreter/linkResolver.cpp, line 773]

Events (20 events):
Event: 7.088 loading class org/gradle/caching/internal/origin/OriginMetadataFactory$PropertiesConfigurator
Event: 7.088 loading class org/gradle/caching/internal/origin/OriginMetadataFactory$PropertiesConfigurator done
Event: 7.088 loading class org/gradle/caching/internal/origin/OriginMetadataFactory$PropertiesConfigurator
Event: 7.088 loading class org/gradle/caching/internal/origin/OriginMetadataFactory$PropertiesConfigurator done
Event: 7.089 loading class org/gradle/internal/nativeintegration/network/HostnameLookup
Event: 7.089 loading class org/gradle/internal/nativeintegration/network/HostnameLookup done
Event: 7.089 loading class org/gradle/caching/internal/origin/OriginMetadataFactory$HostnameLookup
Event: 7.089 loading class org/gradle/caching/internal/origin/OriginMetadataFactory$HostnameLookup done
Event: 7.089 loading class org/gradle/caching/internal/controller/impl/DefaultBuildCacheCommandFactory
Event: 7.089 loading class org/gradle/caching/internal/controller/impl/DefaultBuildCacheCommandFactory done
Event: 7.090 loading class org/gradle/caching/internal/controller/BuildCacheStoreCommand
Event: 7.090 loading class org/gradle/caching/internal/controller/BuildCacheStoreCommand done
Event: 7.090 loading class org/gradle/caching/internal/controller/BuildCacheLoadCommand
Event: 7.090 loading class org/gradle/caching/internal/controller/BuildCacheLoadCommand done
Event: 7.090 loading class org/gradle/internal/cleanup/DefaultBuildOutputCleanupRegistry
Event: 7.090 loading class org/gradle/internal/cleanup/DefaultBuildOutputCleanupRegistry done
Event: 7.092 loading class org/gradle/internal/execution/history/impl/DefaultOutputFilesRepository
Event: 7.092 loading class org/gradle/internal/execution/history/impl/DefaultOutputFilesRepository done
Event: 7.093 Thread 0x000001c83e886000 Thread added: 0x000001c83e886000
Event: 7.093 Executing VM operation: G1CollectForAllocation


Dynamic libraries:
0x00007ff7b39e0000 - 0x00007ff7b39ea000 	C:\Program Files\Android\Android Studio\jre\bin\java.exe
0x00007fffa4e60000 - 0x00007fffa5069000 	C:\WINDOWS\SYSTEM32\ntdll.dll
0x00007fffa2f80000 - 0x00007fffa303e000 	C:\WINDOWS\System32\KERNEL32.DLL
0x00007fffa2660000 - 0x00007fffa29db000 	C:\WINDOWS\System32\KERNELBASE.dll
0x00007fffa2bc0000 - 0x00007fffa2cd1000 	C:\WINDOWS\System32\ucrtbase.dll
0x00007fff99e10000 - 0x00007fff99e29000 	C:\Program Files\Android\Android Studio\jre\bin\jli.dll
0x00007fff96580000 - 0x00007fff96597000 	C:\Program Files\Android\Android Studio\jre\bin\VCRUNTIME140.dll
0x00007fffa2ce0000 - 0x00007fffa2e8d000 	C:\WINDOWS\System32\USER32.dll
0x00007fff99ac0000 - 0x00007fff99d65000 	C:\WINDOWS\WinSxS\amd64_microsoft.windows.common-controls_6595b64144ccf1df_6.0.22000.120_none_9d947278b86cc467\COMCTL32.dll
0x00007fffa2450000 - 0x00007fffa2476000 	C:\WINDOWS\System32\win32u.dll
0x00007fffa3a80000 - 0x00007fffa3b23000 	C:\WINDOWS\System32\msvcrt.dll
0x00007fffa38c0000 - 0x00007fffa38e9000 	C:\WINDOWS\System32\GDI32.dll
0x00007fffa2480000 - 0x00007fffa2598000 	C:\WINDOWS\System32\gdi32full.dll
0x00007fffa2330000 - 0x00007fffa23cd000 	C:\WINDOWS\System32\msvcp_win.dll
0x00007fffa3a40000 - 0x00007fffa3a72000 	C:\WINDOWS\System32\IMM32.DLL
0x00007fff8e7b0000 - 0x00007fff8e84d000 	C:\Program Files\Android\Android Studio\jre\bin\msvcp140.dll
0x00007fff57280000 - 0x00007fff57d82000 	C:\Program Files\Android\Android Studio\jre\bin\server\jvm.dll
0x00007fffa3810000 - 0x00007fffa38be000 	C:\WINDOWS\System32\ADVAPI32.dll
0x00007fffa3770000 - 0x00007fffa380e000 	C:\WINDOWS\System32\sechost.dll
0x00007fffa4c70000 - 0x00007fffa4d90000 	C:\WINDOWS\System32\RPCRT4.dll
0x00007fffa4650000 - 0x00007fffa4658000 	C:\WINDOWS\System32\PSAPI.DLL
0x00007fff9cea0000 - 0x00007fff9ced3000 	C:\WINDOWS\SYSTEM32\WINMM.dll
0x00007fff9c460000 - 0x00007fff9c46a000 	C:\WINDOWS\SYSTEM32\VERSION.dll
0x00007fff9daa0000 - 0x00007fff9daa9000 	C:\WINDOWS\SYSTEM32\WSOCK32.dll
0x00007fffa31d0000 - 0x00007fffa323f000 	C:\WINDOWS\System32\WS2_32.dll
0x00007fffa1420000 - 0x00007fffa1438000 	C:\WINDOWS\SYSTEM32\kernel.appcore.dll
0x00007fff964a0000 - 0x00007fff964b1000 	C:\Program Files\Android\Android Studio\jre\bin\verify.dll
0x00007fff99e30000 - 0x00007fff9a051000 	C:\WINDOWS\SYSTEM32\DBGHELP.DLL
0x00007fff966e0000 - 0x00007fff96711000 	C:\WINDOWS\SYSTEM32\dbgcore.DLL
0x00007fffa23d0000 - 0x00007fffa244f000 	C:\WINDOWS\System32\bcryptPrimitives.dll
0x00007fff92760000 - 0x00007fff92789000 	C:\Program Files\Android\Android Studio\jre\bin\java.dll
0x00007fff9d7b0000 - 0x00007fff9d7bb000 	C:\Program Files\Android\Android Studio\jre\bin\jimage.dll
0x00007fff96480000 - 0x00007fff96498000 	C:\Program Files\Android\Android Studio\jre\bin\zip.dll
0x00007fffa3cb0000 - 0x00007fffa4467000 	C:\WINDOWS\System32\SHELL32.dll
0x00007fffa0420000 - 0x00007fffa0c85000 	C:\WINDOWS\SYSTEM32\windows.storage.dll
0x00007fffa48f0000 - 0x00007fffa4c68000 	C:\WINDOWS\System32\combase.dll
0x00007fffa02b0000 - 0x00007fffa0416000 	C:\WINDOWS\SYSTEM32\wintypes.dll
0x00007fffa3950000 - 0x00007fffa3a3a000 	C:\WINDOWS\System32\SHCORE.dll
0x00007fffa4880000 - 0x00007fffa48dd000 	C:\WINDOWS\System32\shlwapi.dll
0x00007fffa2260000 - 0x00007fffa2281000 	C:\WINDOWS\SYSTEM32\profapi.dll
0x00007fff92740000 - 0x00007fff9275a000 	C:\Program Files\Android\Android Studio\jre\bin\net.dll
0x00007fff9e450000 - 0x00007fff9e564000 	C:\WINDOWS\SYSTEM32\WINHTTP.dll
0x00007fffa18c0000 - 0x00007fffa1927000 	C:\WINDOWS\system32\mswsock.dll
0x00007fff92720000 - 0x00007fff92734000 	C:\Program Files\Android\Android Studio\jre\bin\nio.dll
0x00007fff95f20000 - 0x00007fff95f47000 	C:\Users\Veronica\.gradle\native\e1d6ef7f7dcc3fd88c89a11ec53ec762bb8ba0a96d01ffa2cd45eb1d1d8dd5c5\windows-amd64\native-platform.dll
0x00007fff7bf00000 - 0x00007fff7c044000 	C:\Users\Veronica\.gradle\native\0d407fdbe67a94daf76414ababcb853783967236a71b16ec16e742cd7a986fd3\windows-amd64\native-platform-file-events.dll
0x00007fff9d790000 - 0x00007fff9d79a000 	C:\Program Files\Android\Android Studio\jre\bin\management.dll
0x00007fff9d060000 - 0x00007fff9d06d000 	C:\Program Files\Android\Android Studio\jre\bin\management_ext.dll
0x00007fffa1b10000 - 0x00007fffa1b28000 	C:\WINDOWS\SYSTEM32\CRYPTSP.dll
0x00007fffa1380000 - 0x00007fffa13b5000 	C:\WINDOWS\system32\rsaenh.dll
0x00007fffa19b0000 - 0x00007fffa19d9000 	C:\WINDOWS\SYSTEM32\USERENV.dll
0x00007fffa1d10000 - 0x00007fffa1d37000 	C:\WINDOWS\SYSTEM32\bcrypt.dll
0x00007fffa1b00000 - 0x00007fffa1b0c000 	C:\WINDOWS\SYSTEM32\CRYPTBASE.dll
0x00007fffa0ed0000 - 0x00007fffa0efd000 	C:\WINDOWS\SYSTEM32\IPHLPAPI.DLL
0x00007fffa3c40000 - 0x00007fffa3c49000 	C:\WINDOWS\System32\NSI.dll
0x00007fff9ce80000 - 0x00007fff9ce99000 	C:\WINDOWS\SYSTEM32\dhcpcsvc6.DLL
0x00007fff9d2e0000 - 0x00007fff9d2fe000 	C:\WINDOWS\SYSTEM32\dhcpcsvc.DLL
0x00007fffa0f00000 - 0x00007fffa0fe8000 	C:\WINDOWS\SYSTEM32\DNSAPI.dll

dbghelp: loaded successfully - version: 4.0.5 - missing functions: none
symbol engine: initialized successfully - sym options: 0x614 - pdb path: .;C:\Program Files\Android\Android Studio\jre\bin;C:\WINDOWS\SYSTEM32;C:\WINDOWS\WinSxS\amd64_microsoft.windows.common-controls_6595b64144ccf1df_6.0.22000.120_none_9d947278b86cc467;C:\Program Files\Android\Android Studio\jre\bin\server;C:\Users\Veronica\.gradle\native\e1d6ef7f7dcc3fd88c89a11ec53ec762bb8ba0a96d01ffa2cd45eb1d1d8dd5c5\windows-amd64;C:\Users\Veronica\.gradle\native\0d407fdbe67a94daf76414ababcb853783967236a71b16ec16e742cd7a986fd3\windows-amd64

VM Arguments:
jvm_args: --add-opens=java.base/java.util=ALL-UNNAMED --add-opens=java.base/java.lang=ALL-UNNAMED --add-opens=java.base/java.lang.invoke=ALL-UNNAMED --add-opens=java.base/java.util=ALL-UNNAMED --add-opens=java.prefs/java.util.prefs=ALL-UNNAMED --add-opens=java.prefs/java.util.prefs=ALL-UNNAMED --add-opens=java.base/java.nio.charset=ALL-UNNAMED --add-opens=java.base/java.net=ALL-UNNAMED --add-opens=java.base/java.util.concurrent.atomic=ALL-UNNAMED -Xmx2048m -Dfile.encoding=UTF-8 -Duser.country=ES -Duser.language=es -Duser.variant 
java_command: org.gradle.launcher.daemon.bootstrap.GradleDaemon 7.4
java_class_path (initial): C:\Users\Veronica\.gradle\wrapper\dists\gradle-7.4-bin\c0gwcg53nkjbqw7r0h0umtfvt\gradle-7.4\lib\gradle-launcher-7.4.jar
Launcher Type: SUN_STANDARD

[Global flags]
     intx CICompilerCount                          = 4                                         {product} {ergonomic}
     uint ConcGCThreads                            = 3                                         {product} {ergonomic}
     uint G1ConcRefinementThreads                  = 10                                        {product} {ergonomic}
   size_t G1HeapRegionSize                         = 1048576                                   {product} {ergonomic}
    uintx GCDrainStackTargetSize                   = 64                                        {product} {ergonomic}
   size_t InitialHeapSize                          = 123731968                                 {product} {ergonomic}
   size_t MarkStackSize                            = 4194304                                   {product} {ergonomic}
   size_t MaxHeapSize                              = 2147483648                                {product} {command line}
   size_t MaxNewSize                               = 1287651328                                {product} {ergonomic}
   size_t MinHeapDeltaBytes                        = 1048576                                   {product} {ergonomic}
    uintx NonNMethodCodeHeapSize                   = 5836300                                {pd product} {ergonomic}
    uintx NonProfiledCodeHeapSize                  = 122910970                              {pd product} {ergonomic}
    uintx ProfiledCodeHeapSize                     = 122910970                              {pd product} {ergonomic}
    uintx ReservedCodeCacheSize                    = 251658240                              {pd product} {ergonomic}
     bool SegmentedCodeCache                       = true                                      {product} {ergonomic}
     bool UseCompressedClassPointers               = true                                 {lp64_product} {ergonomic}
     bool UseCompressedOops                        = true                                 {lp64_product} {ergonomic}
     bool UseG1GC                                  = true                                      {product} {ergonomic}
     bool UseLargePagesIndividualAllocation        = false                                  {pd product} {ergonomic}

Logging:
Log output configuration:
 #0: stdout all=warning uptime,level,tags
 #1: stderr all=off uptime,level,tags

Environment Variables:
JAVA_HOME=C:\Program Files\Java\jdk1.7.0_80
PATH=C:\ProgramData\Oracle\Java\javapath;C:\oraclexe\app\oracle\product\11.2.0\server\bin;C:\Program Files\Common Files\Oracle\Java\javapath;C:\WINDOWS\system32;C:\WINDOWS;C:\WINDOWS\System32\Wbem;C:\WINDOWS\System32\WindowsPowerShell\v1.0\;C:\WINDOWS\System32\OpenSSH\;C:\Program Files\Git\cmd;C:\Program Files\dotnet\;C:\Users\Veronica\AppData\Local\Microsoft\WindowsApps;;C:\Users\Veronica\AppData\Local\Programs\Microsoft VS Code\bin;C:\Users\Veronica\.dotnet\tools
USERNAME=Veronica
OS=Windows_NT
PROCESSOR_IDENTIFIER=AMD64 Family 23 Model 104 Stepping 1, AuthenticAMD



---------------  S Y S T E M  ---------------

OS: Windows 11 , 64 bit Build 22000 (10.0.22000.1335)
OS uptime: 1 days 16:20 hours

CPU:total 12 (initial active 12) (12 cores per cpu, 2 threads per core) family 23 model 104 stepping 1 microcode 0x0, cmov, cx8, fxsr, mmx, sse, sse2, sse3, ssse3, sse4.1, sse4.2, popcnt, avx, avx2, aes, clmul, mmxext, 3dnowpref, lzcnt, sse4a, ht, tsc, tscinvbit, tscinv, bmi1, bmi2, adx, sha, fma

Memory: 4k page, system-wide physical 7528M (609M free)
TotalPageFile size 11370M (AvailPageFile size 17M)
current process WorkingSet (physical memory assigned to process): 274M, peak: 281M
current process commit charge ("private bytes"): 327M, peak: 351M

vm_info: OpenJDK 64-Bit Server VM (11.0.13+0-b1751.21-8125866) for windows-amd64 JRE (11.0.13+0-b1751.21-8125866), built on Feb  2 2022 03:00:22 by "builder" with MS VC++ 14.0 (VS2015)

END.
