#
# There is insufficient memory for the Java Runtime Environment to continue.
# Native memory allocation (malloc) failed to allocate 1847696 bytes for Chunk::new
# Possible reasons:
#   The system is out of physical RAM or swap space
#   The process is running with CompressedOops enabled, and the Java Heap may be blocking the growth of the native heap
# Possible solutions:
#   Reduce memory load on the system
#   Increase physical memory or swap space
#   Check if swap backing store is full
#   Decrease Java heap size (-Xmx/-Xms)
#   Decrease number of Java threads
#   Decrease Java thread stack sizes (-Xss)
#   Set larger code cache with -XX:ReservedCodeCacheSize=
#   JVM is running with Unscaled Compressed Oops mode in which the Java heap is
#     placed in the first 4GB address space. The Java Heap base address is the
#     maximum limit for the native heap growth. Please use -XX:HeapBaseMinAddress
#     to set the Java Heap base and to place the Java Heap above 4GB virtual address.
# This output file may be truncated or incomplete.
#
#  Out of Memory Error (./src/hotspot/share/memory/arena.cpp:197), pid=1200, tid=11720
#
# JRE version: OpenJDK Runtime Environment (11.0.13) (build 11.0.13+0-b1751.21-8125866)
# Java VM: OpenJDK 64-Bit Server VM (11.0.13+0-b1751.21-8125866, mixed mode, tiered, compressed oops, g1 gc, windows-amd64)
# No core dump will be written. Minidumps are not enabled by default on client versions of Windows
#

---------------  S U M M A R Y ------------

Command Line: --add-opens=java.base/java.util=ALL-UNNAMED --add-opens=java.base/java.lang=ALL-UNNAMED --add-opens=java.base/java.lang.invoke=ALL-UNNAMED --add-opens=java.base/java.util=ALL-UNNAMED --add-opens=java.prefs/java.util.prefs=ALL-UNNAMED --add-opens=java.prefs/java.util.prefs=ALL-UNNAMED --add-opens=java.base/java.nio.charset=ALL-UNNAMED --add-opens=java.base/java.net=ALL-UNNAMED --add-opens=java.base/java.util.concurrent.atomic=ALL-UNNAMED -Xmx2048m -Dfile.encoding=UTF-8 -Duser.country=ES -Duser.language=es -Duser.variant org.gradle.launcher.daemon.bootstrap.GradleDaemon 7.4

Host: AMD Ryzen 5 5500U with Radeon Graphics         , 12 cores, 7G,  Windows 11 , 64 bit Build 22000 (10.0.22000.1335)
Time: Sat Feb 11 14:24:29 2023 Hora estándar romance elapsed time: 4.026739 seconds (0d 0h 0m 4s)

---------------  T H R E A D  ---------------

Current thread (0x0000026735a22000):  JavaThread "C2 CompilerThread1" daemon [_thread_in_native, id=11720, stack(0x0000008495700000,0x0000008495800000)]


Current CompileTask:
C2:   4026 2155   !   4       java.net.URLClassLoader$1::run (81 bytes)

Stack: [0x0000008495700000,0x0000008495800000]
Native frames: (J=compiled Java code, j=interpreted, Vv=VM code, C=native code)
V  [jvm.dll+0x6100fa]
V  [jvm.dll+0x747090]
V  [jvm.dll+0x7486ad]
V  [jvm.dll+0x748d83]
V  [jvm.dll+0x24ab48]
V  [jvm.dll+0xc04dc]
V  [jvm.dll+0xc0a0c]
V  [jvm.dll+0x35eb9d]
V  [jvm.dll+0x32b833]
V  [jvm.dll+0x32ad2a]
V  [jvm.dll+0x2032b2]
V  [jvm.dll+0x202437]
V  [jvm.dll+0x188e01]
V  [jvm.dll+0x21106b]
V  [jvm.dll+0x20f8c1]
V  [jvm.dll+0x70de0f]
V  [jvm.dll+0x706a75]
V  [jvm.dll+0x60ed66]
C  [ucrtbase.dll+0x26c0c]
C  [KERNEL32.DLL+0x155a0]
C  [ntdll.dll+0x485b]


---------------  P R O C E S S  ---------------

Threads class SMR info:
_java_thread_list=0x0000026737976870, length=26, elements={
0x000002671729e000, 0x0000026733b2e000, 0x0000026733b2f800, 0x00000267344e5000,
0x00000267344e6000, 0x00000267344ea000, 0x00000267344eb800, 0x00000267344ec800,
0x00000267344f2000, 0x0000026734637800, 0x0000026737725800, 0x000002673486b800,
0x0000026734b69800, 0x0000026736776000, 0x0000026736b76000, 0x00000267359da000,
0x000002673792a800, 0x00000267368be800, 0x00000267376e7800, 0x000002673600c000,
0x000002673600c800, 0x000002673600d800, 0x000002673600e800, 0x0000026735a22000,
0x0000026737ea0000, 0x0000026737e9d800
}

Java Threads: ( => current thread )
  0x000002671729e000 JavaThread "main" [_thread_blocked, id=13144, stack(0x0000008493b00000,0x0000008493c00000)]
  0x0000026733b2e000 JavaThread "Reference Handler" daemon [_thread_blocked, id=11200, stack(0x0000008494200000,0x0000008494300000)]
  0x0000026733b2f800 JavaThread "Finalizer" daemon [_thread_blocked, id=8316, stack(0x0000008494300000,0x0000008494400000)]
  0x00000267344e5000 JavaThread "Signal Dispatcher" daemon [_thread_blocked, id=1168, stack(0x0000008494400000,0x0000008494500000)]
  0x00000267344e6000 JavaThread "Attach Listener" daemon [_thread_blocked, id=11368, stack(0x0000008494500000,0x0000008494600000)]
  0x00000267344ea000 JavaThread "Service Thread" daemon [_thread_blocked, id=7708, stack(0x0000008494600000,0x0000008494700000)]
  0x00000267344eb800 JavaThread "C2 CompilerThread0" daemon [_thread_in_native, id=10848, stack(0x0000008494700000,0x0000008494800000)]
  0x00000267344ec800 JavaThread "C1 CompilerThread0" daemon [_thread_blocked, id=7440, stack(0x0000008494800000,0x0000008494900000)]
  0x00000267344f2000 JavaThread "Sweeper thread" daemon [_thread_blocked, id=9232, stack(0x0000008494900000,0x0000008494a00000)]
  0x0000026734637800 JavaThread "Common-Cleaner" daemon [_thread_blocked, id=5960, stack(0x0000008494a00000,0x0000008494b00000)]
  0x0000026737725800 JavaThread "Daemon health stats" [_thread_blocked, id=4808, stack(0x0000008494f00000,0x0000008495000000)]
  0x000002673486b800 JavaThread "Incoming local TCP Connector on port 55670" [_thread_in_native, id=7088, stack(0x0000008494c00000,0x0000008494d00000)]
  0x0000026734b69800 JavaThread "Daemon periodic checks" [_thread_blocked, id=13728, stack(0x0000008494d00000,0x0000008494e00000)]
  0x0000026736776000 JavaThread "Daemon" [_thread_blocked, id=8288, stack(0x0000008495000000,0x0000008495100000)]
  0x0000026736b76000 JavaThread "Handler for socket connection from /127.0.0.1:55670 to /127.0.0.1:55671" [_thread_in_native, id=13964, stack(0x0000008495100000,0x0000008495200000)]
  0x00000267359da000 JavaThread "Cancel handler" [_thread_blocked, id=10120, stack(0x0000008495200000,0x0000008495300000)]
  0x000002673792a800 JavaThread "Daemon worker" [_thread_in_vm, id=16692, stack(0x0000008495300000,0x0000008495400000)]
  0x00000267368be800 JavaThread "Asynchronous log dispatcher for DefaultDaemonConnection: socket connection from /127.0.0.1:55670 to /127.0.0.1:55671" [_thread_blocked, id=4376, stack(0x0000008495400000,0x0000008495500000)]
  0x00000267376e7800 JavaThread "Stdin handler" [_thread_blocked, id=9212, stack(0x0000008495500000,0x0000008495600000)]
  0x000002673600c000 JavaThread "Daemon client event forwarder" [_thread_blocked, id=13476, stack(0x0000008495600000,0x0000008495700000)]
  0x000002673600c800 JavaThread "Cache worker for journal cache (C:\Users\Veronica\.gradle\caches\journal-1)" [_thread_blocked, id=11944, stack(0x0000008496100000,0x0000008496200000)]
  0x000002673600d800 JavaThread "File lock request listener" [_thread_in_native, id=15292, stack(0x0000008496200000,0x0000008496300000)]
  0x000002673600e800 JavaThread "Cache worker for file hash cache (C:\Users\Veronica\.gradle\caches\7.4\fileHashes)" [_thread_blocked, id=9632, stack(0x0000008496300000,0x0000008496400000)]
=>0x0000026735a22000 JavaThread "C2 CompilerThread1" daemon [_thread_in_native, id=11720, stack(0x0000008495700000,0x0000008495800000)]
  0x0000026737ea0000 JavaThread "File watcher server" daemon [_thread_in_native, id=9596, stack(0x0000008496600000,0x0000008496700000)]
  0x0000026737e9d800 JavaThread "File watcher consumer" daemon [_thread_blocked, id=14820, stack(0x0000008496700000,0x0000008496800000)]

Other Threads:
  0x0000026733b2a800 VMThread "VM Thread" [stack: 0x0000008494100000,0x0000008494200000] [id=7472]
  0x0000026734655800 WatcherThread [stack: 0x0000008494b00000,0x0000008494c00000] [id=2380]
  0x00000267172b8800 GCTaskThread "GC Thread#0" [stack: 0x0000008493c00000,0x0000008493d00000] [id=12572]
  0x0000026735d71800 GCTaskThread "GC Thread#1" [stack: 0x0000008494e00000,0x0000008494f00000] [id=12912]
  0x0000026736010000 GCTaskThread "GC Thread#2" [stack: 0x0000008495800000,0x0000008495900000] [id=3660]
  0x0000026735f2a000 GCTaskThread "GC Thread#3" [stack: 0x0000008495900000,0x0000008495a00000] [id=6440]
  0x0000026735f2a800 GCTaskThread "GC Thread#4" [stack: 0x0000008495a00000,0x0000008495b00000] [id=4820]
  0x00000267369d6800 GCTaskThread "GC Thread#5" [stack: 0x0000008495b00000,0x0000008495c00000] [id=9716]
  0x00000267369d7000 GCTaskThread "GC Thread#6" [stack: 0x0000008495c00000,0x0000008495d00000] [id=17372]
  0x0000026736d4e000 GCTaskThread "GC Thread#7" [stack: 0x0000008495d00000,0x0000008495e00000] [id=14212]
  0x0000026736d4f000 GCTaskThread "GC Thread#8" [stack: 0x0000008495e00000,0x0000008495f00000] [id=6904]
  0x0000026735e5e800 GCTaskThread "GC Thread#9" [stack: 0x0000008495f00000,0x0000008496000000] [id=11836]
  0x00000267172e9000 ConcurrentGCThread "G1 Main Marker" [stack: 0x0000008493d00000,0x0000008493e00000] [id=12928]
  0x00000267172eb000 ConcurrentGCThread "G1 Conc#0" [stack: 0x0000008493e00000,0x0000008493f00000] [id=2196]
  0x0000026737073000 ConcurrentGCThread "G1 Conc#1" [stack: 0x0000008496400000,0x0000008496500000] [id=16888]
  0x0000026735058800 ConcurrentGCThread "G1 Conc#2" [stack: 0x0000008496500000,0x0000008496600000] [id=16964]
  0x000002671737e800 ConcurrentGCThread "G1 Refine#0" [stack: 0x0000008493f00000,0x0000008494000000] [id=10836]
  0x0000026735d96000 ConcurrentGCThread "G1 Refine#1" [stack: 0x0000008496000000,0x0000008496100000] [id=2564]
  0x0000026733974800 ConcurrentGCThread "G1 Young RemSet Sampling" [stack: 0x0000008494000000,0x0000008494100000] [id=16368]

Threads with active compile tasks:
C2 CompilerThread0   4041 2156       4       java.net.URLClassLoader$1::run (5 bytes)
C2 CompilerThread1   4041 2155   !   4       java.net.URLClassLoader$1::run (81 bytes)

VM state:not at safepoint (normal execution)

VM Mutex/Monitor currently owned by a thread: None

Heap address: 0x0000000080000000, size: 2048 MB, Compressed Oops mode: 32-bit
Narrow klass base: 0x0000000000000000, Narrow klass shift: 3
Compressed class space size: 1073741824 Address: 0x0000000100000000

Heap:
 garbage-first heap   total 120832K, used 23207K [0x0000000080000000, 0x0000000100000000)
  region size 1024K, 9 young (9216K), 4 survivors (4096K)
 Metaspace       used 26620K, capacity 27273K, committed 27520K, reserved 1073152K
  class space    used 3441K, capacity 3640K, committed 3712K, reserved 1048576K
Heap Regions: E=young(eden), S=young(survivor), O=old, HS=humongous(starts), HC=humongous(continues), CS=collection set, F=free, A=archive, TAMS=top-at-mark-start (previous, next)
|   0|0x0000000080000000, 0x0000000080100000, 0x0000000080100000|100%| O|  |TAMS 0x0000000080100000, 0x0000000080000000| Untracked 
|   1|0x0000000080100000, 0x0000000080200000, 0x0000000080200000|100%| O|  |TAMS 0x0000000080200000, 0x0000000080100000| Untracked 
|   2|0x0000000080200000, 0x0000000080300000, 0x0000000080300000|100%| O|  |TAMS 0x0000000080300000, 0x0000000080200000| Untracked 
|   3|0x0000000080300000, 0x0000000080400000, 0x0000000080400000|100%|HS|  |TAMS 0x0000000080400000, 0x0000000080300000| Complete 
|   4|0x0000000080400000, 0x0000000080500000, 0x0000000080500000|100%|HC|  |TAMS 0x0000000080500000, 0x0000000080400000| Complete 
|   5|0x0000000080500000, 0x0000000080600000, 0x0000000080600000|100%|HC|  |TAMS 0x0000000080600000, 0x0000000080500000| Complete 
|   6|0x0000000080600000, 0x0000000080700000, 0x0000000080700000|100%| O|  |TAMS 0x0000000080700000, 0x0000000080600000| Untracked 
|   7|0x0000000080700000, 0x0000000080800000, 0x0000000080800000|100%| O|  |TAMS 0x0000000080800000, 0x0000000080700000| Untracked 
|   8|0x0000000080800000, 0x0000000080900000, 0x0000000080900000|100%| O|  |TAMS 0x0000000080900000, 0x0000000080800000| Untracked 
|   9|0x0000000080900000, 0x0000000080a00000, 0x0000000080a00000|100%| O|  |TAMS 0x0000000080a00000, 0x0000000080900000| Untracked 
|  10|0x0000000080a00000, 0x0000000080b00000, 0x0000000080b00000|100%| O|  |TAMS 0x0000000080b00000, 0x0000000080a00000| Untracked 
|  11|0x0000000080b00000, 0x0000000080c00000, 0x0000000080c00000|100%| O|  |TAMS 0x0000000080c00000, 0x0000000080b00000| Untracked 
|  12|0x0000000080c00000, 0x0000000080d00000, 0x0000000080d00000|100%| O|  |TAMS 0x0000000080d00000, 0x0000000080c00000| Untracked 
|  13|0x0000000080d00000, 0x0000000080e00000, 0x0000000080e00000|100%| O|  |TAMS 0x0000000080e00000, 0x0000000080d00000| Untracked 
|  14|0x0000000080e00000, 0x0000000080f00000, 0x0000000080f00000|100%| O|  |TAMS 0x0000000080f00000, 0x0000000080e00000| Untracked 
|  15|0x0000000080f00000, 0x0000000080f78a00, 0x0000000081000000| 47%| O|  |TAMS 0x0000000080f78a00, 0x0000000080f00000| Untracked 
|  16|0x0000000081000000, 0x0000000081000000, 0x0000000081100000|  0%| F|  |TAMS 0x0000000081000000, 0x0000000081000000| Untracked 
|  17|0x0000000081100000, 0x0000000081100000, 0x0000000081200000|  0%| F|  |TAMS 0x0000000081100000, 0x0000000081100000| Untracked 
|  18|0x0000000081200000, 0x0000000081200000, 0x0000000081300000|  0%| F|  |TAMS 0x0000000081200000, 0x0000000081200000| Untracked 
|  19|0x0000000081300000, 0x0000000081300000, 0x0000000081400000|  0%| F|  |TAMS 0x0000000081300000, 0x0000000081300000| Untracked 
|  20|0x0000000081400000, 0x0000000081400000, 0x0000000081500000|  0%| F|  |TAMS 0x0000000081400000, 0x0000000081400000| Untracked 
|  21|0x0000000081500000, 0x0000000081500000, 0x0000000081600000|  0%| F|  |TAMS 0x0000000081500000, 0x0000000081500000| Untracked 
|  22|0x0000000081600000, 0x0000000081600000, 0x0000000081700000|  0%| F|  |TAMS 0x0000000081600000, 0x0000000081600000| Untracked 
|  23|0x0000000081700000, 0x0000000081700000, 0x0000000081800000|  0%| F|  |TAMS 0x0000000081700000, 0x0000000081700000| Untracked 
|  24|0x0000000081800000, 0x0000000081800000, 0x0000000081900000|  0%| F|  |TAMS 0x0000000081800000, 0x0000000081800000| Untracked 
|  25|0x0000000081900000, 0x0000000081900000, 0x0000000081a00000|  0%| F|  |TAMS 0x0000000081900000, 0x0000000081900000| Untracked 
|  26|0x0000000081a00000, 0x0000000081a00000, 0x0000000081b00000|  0%| F|  |TAMS 0x0000000081a00000, 0x0000000081a00000| Untracked 
|  27|0x0000000081b00000, 0x0000000081b00000, 0x0000000081c00000|  0%| F|  |TAMS 0x0000000081b00000, 0x0000000081b00000| Untracked 
|  28|0x0000000081c00000, 0x0000000081c00000, 0x0000000081d00000|  0%| F|  |TAMS 0x0000000081c00000, 0x0000000081c00000| Untracked 
|  29|0x0000000081d00000, 0x0000000081d00000, 0x0000000081e00000|  0%| F|  |TAMS 0x0000000081d00000, 0x0000000081d00000| Untracked 
|  30|0x0000000081e00000, 0x0000000081e00000, 0x0000000081f00000|  0%| F|  |TAMS 0x0000000081e00000, 0x0000000081e00000| Untracked 
|  31|0x0000000081f00000, 0x0000000081f00000, 0x0000000082000000|  0%| F|  |TAMS 0x0000000081f00000, 0x0000000081f00000| Untracked 
|  32|0x0000000082000000, 0x0000000082000000, 0x0000000082100000|  0%| F|  |TAMS 0x0000000082000000, 0x0000000082000000| Untracked 
|  33|0x0000000082100000, 0x0000000082100000, 0x0000000082200000|  0%| F|  |TAMS 0x0000000082100000, 0x0000000082100000| Untracked 
|  34|0x0000000082200000, 0x0000000082200000, 0x0000000082300000|  0%| F|  |TAMS 0x0000000082200000, 0x0000000082200000| Untracked 
|  35|0x0000000082300000, 0x0000000082300000, 0x0000000082400000|  0%| F|  |TAMS 0x0000000082300000, 0x0000000082300000| Untracked 
|  36|0x0000000082400000, 0x0000000082400000, 0x0000000082500000|  0%| F|  |TAMS 0x0000000082400000, 0x0000000082400000| Untracked 
|  37|0x0000000082500000, 0x0000000082500000, 0x0000000082600000|  0%| F|  |TAMS 0x0000000082500000, 0x0000000082500000| Untracked 
|  38|0x0000000082600000, 0x0000000082600000, 0x0000000082700000|  0%| F|  |TAMS 0x0000000082600000, 0x0000000082600000| Untracked 
|  39|0x0000000082700000, 0x0000000082700000, 0x0000000082800000|  0%| F|  |TAMS 0x0000000082700000, 0x0000000082700000| Untracked 
|  40|0x0000000082800000, 0x0000000082800000, 0x0000000082900000|  0%| F|  |TAMS 0x0000000082800000, 0x0000000082800000| Untracked 
|  41|0x0000000082900000, 0x0000000082900000, 0x0000000082a00000|  0%| F|  |TAMS 0x0000000082900000, 0x0000000082900000| Untracked 
|  42|0x0000000082a00000, 0x0000000082a00000, 0x0000000082b00000|  0%| F|  |TAMS 0x0000000082a00000, 0x0000000082a00000| Untracked 
|  43|0x0000000082b00000, 0x0000000082b00000, 0x0000000082c00000|  0%| F|  |TAMS 0x0000000082b00000, 0x0000000082b00000| Untracked 
|  44|0x0000000082c00000, 0x0000000082c00000, 0x0000000082d00000|  0%| F|  |TAMS 0x0000000082c00000, 0x0000000082c00000| Untracked 
|  45|0x0000000082d00000, 0x0000000082d00000, 0x0000000082e00000|  0%| F|  |TAMS 0x0000000082d00000, 0x0000000082d00000| Untracked 
|  46|0x0000000082e00000, 0x0000000082e00000, 0x0000000082f00000|  0%| F|  |TAMS 0x0000000082e00000, 0x0000000082e00000| Untracked 
|  47|0x0000000082f00000, 0x0000000082f00000, 0x0000000083000000|  0%| F|  |TAMS 0x0000000082f00000, 0x0000000082f00000| Untracked 
|  48|0x0000000083000000, 0x0000000083000000, 0x0000000083100000|  0%| F|  |TAMS 0x0000000083000000, 0x0000000083000000| Untracked 
|  49|0x0000000083100000, 0x0000000083100000, 0x0000000083200000|  0%| F|  |TAMS 0x0000000083100000, 0x0000000083100000| Untracked 
|  50|0x0000000083200000, 0x0000000083200000, 0x0000000083300000|  0%| F|  |TAMS 0x0000000083200000, 0x0000000083200000| Untracked 
|  51|0x0000000083300000, 0x0000000083300000, 0x0000000083400000|  0%| F|  |TAMS 0x0000000083300000, 0x0000000083300000| Untracked 
|  52|0x0000000083400000, 0x0000000083400000, 0x0000000083500000|  0%| F|  |TAMS 0x0000000083400000, 0x0000000083400000| Untracked 
|  53|0x0000000083500000, 0x0000000083500000, 0x0000000083600000|  0%| F|  |TAMS 0x0000000083500000, 0x0000000083500000| Untracked 
|  54|0x0000000083600000, 0x0000000083600000, 0x0000000083700000|  0%| F|  |TAMS 0x0000000083600000, 0x0000000083600000| Untracked 
|  55|0x0000000083700000, 0x0000000083700000, 0x0000000083800000|  0%| F|  |TAMS 0x0000000083700000, 0x0000000083700000| Untracked 
|  56|0x0000000083800000, 0x0000000083800000, 0x0000000083900000|  0%| F|  |TAMS 0x0000000083800000, 0x0000000083800000| Untracked 
|  57|0x0000000083900000, 0x0000000083900000, 0x0000000083a00000|  0%| F|  |TAMS 0x0000000083900000, 0x0000000083900000| Untracked 
|  58|0x0000000083a00000, 0x0000000083a00000, 0x0000000083b00000|  0%| F|  |TAMS 0x0000000083a00000, 0x0000000083a00000| Untracked 
|  59|0x0000000083b00000, 0x0000000083b00000, 0x0000000083c00000|  0%| F|  |TAMS 0x0000000083b00000, 0x0000000083b00000| Untracked 
|  60|0x0000000083c00000, 0x0000000083c00000, 0x0000000083d00000|  0%| F|  |TAMS 0x0000000083c00000, 0x0000000083c00000| Untracked 
|  61|0x0000000083d00000, 0x0000000083d00000, 0x0000000083e00000|  0%| F|  |TAMS 0x0000000083d00000, 0x0000000083d00000| Untracked 
|  62|0x0000000083e00000, 0x0000000083e00000, 0x0000000083f00000|  0%| F|  |TAMS 0x0000000083e00000, 0x0000000083e00000| Untracked 
|  63|0x0000000083f00000, 0x0000000083f31380, 0x0000000084000000| 19%| S|CS|TAMS 0x0000000083f00000, 0x0000000083f00000| Complete 
|  64|0x0000000084000000, 0x0000000084100000, 0x0000000084100000|100%| S|CS|TAMS 0x0000000084000000, 0x0000000084000000| Complete 
|  65|0x0000000084100000, 0x0000000084200000, 0x0000000084200000|100%| S|CS|TAMS 0x0000000084100000, 0x0000000084100000| Complete 
|  66|0x0000000084200000, 0x0000000084300000, 0x0000000084300000|100%| S|CS|TAMS 0x0000000084200000, 0x0000000084200000| Complete 
|  67|0x0000000084300000, 0x0000000084300000, 0x0000000084400000|  0%| F|  |TAMS 0x0000000084300000, 0x0000000084300000| Untracked 
|  68|0x0000000084400000, 0x0000000084400000, 0x0000000084500000|  0%| F|  |TAMS 0x0000000084400000, 0x0000000084400000| Untracked 
|  69|0x0000000084500000, 0x0000000084500000, 0x0000000084600000|  0%| F|  |TAMS 0x0000000084500000, 0x0000000084500000| Untracked 
|  70|0x0000000084600000, 0x0000000084600000, 0x0000000084700000|  0%| F|  |TAMS 0x0000000084600000, 0x0000000084600000| Untracked 
|  71|0x0000000084700000, 0x0000000084700000, 0x0000000084800000|  0%| F|  |TAMS 0x0000000084700000, 0x0000000084700000| Untracked 
|  72|0x0000000084800000, 0x0000000084800000, 0x0000000084900000|  0%| F|  |TAMS 0x0000000084800000, 0x0000000084800000| Untracked 
|  73|0x0000000084900000, 0x0000000084900000, 0x0000000084a00000|  0%| F|  |TAMS 0x0000000084900000, 0x0000000084900000| Untracked 
|  74|0x0000000084a00000, 0x0000000084a00000, 0x0000000084b00000|  0%| F|  |TAMS 0x0000000084a00000, 0x0000000084a00000| Untracked 
|  75|0x0000000084b00000, 0x0000000084b00000, 0x0000000084c00000|  0%| F|  |TAMS 0x0000000084b00000, 0x0000000084b00000| Untracked 
|  76|0x0000000084c00000, 0x0000000084c00000, 0x0000000084d00000|  0%| F|  |TAMS 0x0000000084c00000, 0x0000000084c00000| Untracked 
|  77|0x0000000084d00000, 0x0000000084d00000, 0x0000000084e00000|  0%| F|  |TAMS 0x0000000084d00000, 0x0000000084d00000| Untracked 
|  78|0x0000000084e00000, 0x0000000084e00000, 0x0000000084f00000|  0%| F|  |TAMS 0x0000000084e00000, 0x0000000084e00000| Untracked 
|  79|0x0000000084f00000, 0x0000000084f00000, 0x0000000085000000|  0%| F|  |TAMS 0x0000000084f00000, 0x0000000084f00000| Untracked 
|  80|0x0000000085000000, 0x0000000085000000, 0x0000000085100000|  0%| F|  |TAMS 0x0000000085000000, 0x0000000085000000| Untracked 
|  81|0x0000000085100000, 0x0000000085100000, 0x0000000085200000|  0%| F|  |TAMS 0x0000000085100000, 0x0000000085100000| Untracked 
|  82|0x0000000085200000, 0x0000000085200000, 0x0000000085300000|  0%| F|  |TAMS 0x0000000085200000, 0x0000000085200000| Untracked 
|  83|0x0000000085300000, 0x0000000085300000, 0x0000000085400000|  0%| F|  |TAMS 0x0000000085300000, 0x0000000085300000| Untracked 
|  84|0x0000000085400000, 0x0000000085400000, 0x0000000085500000|  0%| F|  |TAMS 0x0000000085400000, 0x0000000085400000| Untracked 
|  85|0x0000000085500000, 0x0000000085500000, 0x0000000085600000|  0%| F|  |TAMS 0x0000000085500000, 0x0000000085500000| Untracked 
|  86|0x0000000085600000, 0x0000000085600000, 0x0000000085700000|  0%| F|  |TAMS 0x0000000085600000, 0x0000000085600000| Untracked 
|  87|0x0000000085700000, 0x0000000085700000, 0x0000000085800000|  0%| F|  |TAMS 0x0000000085700000, 0x0000000085700000| Untracked 
|  88|0x0000000085800000, 0x0000000085800000, 0x0000000085900000|  0%| F|  |TAMS 0x0000000085800000, 0x0000000085800000| Untracked 
|  89|0x0000000085900000, 0x0000000085900000, 0x0000000085a00000|  0%| F|  |TAMS 0x0000000085900000, 0x0000000085900000| Untracked 
|  90|0x0000000085a00000, 0x0000000085a00000, 0x0000000085b00000|  0%| F|  |TAMS 0x0000000085a00000, 0x0000000085a00000| Untracked 
|  91|0x0000000085b00000, 0x0000000085b00000, 0x0000000085c00000|  0%| F|  |TAMS 0x0000000085b00000, 0x0000000085b00000| Untracked 
|  92|0x0000000085c00000, 0x0000000085c00000, 0x0000000085d00000|  0%| F|  |TAMS 0x0000000085c00000, 0x0000000085c00000| Untracked 
|  93|0x0000000085d00000, 0x0000000085d00000, 0x0000000085e00000|  0%| F|  |TAMS 0x0000000085d00000, 0x0000000085d00000| Untracked 
|  94|0x0000000085e00000, 0x0000000085e00000, 0x0000000085f00000|  0%| F|  |TAMS 0x0000000085e00000, 0x0000000085e00000| Untracked 
|  95|0x0000000085f00000, 0x0000000085f00000, 0x0000000086000000|  0%| F|  |TAMS 0x0000000085f00000, 0x0000000085f00000| Untracked 
|  96|0x0000000086000000, 0x0000000086000000, 0x0000000086100000|  0%| F|  |TAMS 0x0000000086000000, 0x0000000086000000| Untracked 
|  97|0x0000000086100000, 0x0000000086100000, 0x0000000086200000|  0%| F|  |TAMS 0x0000000086100000, 0x0000000086100000| Untracked 
|  98|0x0000000086200000, 0x0000000086200000, 0x0000000086300000|  0%| F|  |TAMS 0x0000000086200000, 0x0000000086200000| Untracked 
|  99|0x0000000086300000, 0x0000000086300000, 0x0000000086400000|  0%| F|  |TAMS 0x0000000086300000, 0x0000000086300000| Untracked 
| 100|0x0000000086400000, 0x0000000086400000, 0x0000000086500000|  0%| F|  |TAMS 0x0000000086400000, 0x0000000086400000| Untracked 
| 101|0x0000000086500000, 0x0000000086500000, 0x0000000086600000|  0%| F|  |TAMS 0x0000000086500000, 0x0000000086500000| Untracked 
| 102|0x0000000086600000, 0x0000000086600000, 0x0000000086700000|  0%| F|  |TAMS 0x0000000086600000, 0x0000000086600000| Untracked 
| 103|0x0000000086700000, 0x0000000086700000, 0x0000000086800000|  0%| F|  |TAMS 0x0000000086700000, 0x0000000086700000| Untracked 
| 104|0x0000000086800000, 0x0000000086800000, 0x0000000086900000|  0%| F|  |TAMS 0x0000000086800000, 0x0000000086800000| Untracked 
| 105|0x0000000086900000, 0x0000000086900000, 0x0000000086a00000|  0%| F|  |TAMS 0x0000000086900000, 0x0000000086900000| Untracked 
| 106|0x0000000086a00000, 0x0000000086a00000, 0x0000000086b00000|  0%| F|  |TAMS 0x0000000086a00000, 0x0000000086a00000| Untracked 
| 107|0x0000000086b00000, 0x0000000086b00000, 0x0000000086c00000|  0%| F|  |TAMS 0x0000000086b00000, 0x0000000086b00000| Untracked 
| 108|0x0000000086c00000, 0x0000000086c00000, 0x0000000086d00000|  0%| F|  |TAMS 0x0000000086c00000, 0x0000000086c00000| Untracked 
| 109|0x0000000086d00000, 0x0000000086d00000, 0x0000000086e00000|  0%| F|  |TAMS 0x0000000086d00000, 0x0000000086d00000| Untracked 
| 110|0x0000000086e00000, 0x0000000086e00000, 0x0000000086f00000|  0%| F|  |TAMS 0x0000000086e00000, 0x0000000086e00000| Untracked 
| 111|0x0000000086f00000, 0x0000000086f00000, 0x0000000087000000|  0%| F|  |TAMS 0x0000000086f00000, 0x0000000086f00000| Untracked 
| 112|0x0000000087000000, 0x0000000087080800, 0x0000000087100000| 50%| E|  |TAMS 0x0000000087000000, 0x0000000087000000| Complete 
| 113|0x0000000087100000, 0x0000000087200000, 0x0000000087200000|100%| E|CS|TAMS 0x0000000087100000, 0x0000000087100000| Complete 
| 114|0x0000000087200000, 0x0000000087300000, 0x0000000087300000|100%| E|CS|TAMS 0x0000000087200000, 0x0000000087200000| Complete 
| 115|0x0000000087300000, 0x0000000087400000, 0x0000000087400000|100%| E|CS|TAMS 0x0000000087300000, 0x0000000087300000| Complete 
| 116|0x0000000087400000, 0x0000000087500000, 0x0000000087500000|100%| E|CS|TAMS 0x0000000087400000, 0x0000000087400000| Complete 
| 117|0x0000000087500000, 0x0000000087600000, 0x0000000087600000|100%| E|CS|TAMS 0x0000000087500000, 0x0000000087500000| Complete 

Card table byte_map: [0x000002672c640000,0x000002672ca40000] _byte_map_base: 0x000002672c240000

Marking Bits (Prev, Next): (CMBitMap*) 0x00000267172e0550, (CMBitMap*) 0x00000267172e0518
 Prev Bits: [0x000002672ee40000, 0x0000026730e40000)
 Next Bits: [0x000002672ce40000, 0x000002672ee40000)

Polling page: 0x0000026717380000

Metaspace:

Usage:
  Non-class:     23.08 MB capacity,    22.65 MB ( 98%) used,   386.02 KB (  2%) free+waste,    51.50 KB ( <1%) overhead. 
      Class:      3.55 MB capacity,     3.36 MB ( 95%) used,   169.84 KB (  5%) free+waste,    25.88 KB ( <1%) overhead. 
       Both:     26.63 MB capacity,    26.02 MB ( 98%) used,   555.85 KB (  2%) free+waste,    77.38 KB ( <1%) overhead. 

Virtual space:
  Non-class space:       24.00 MB reserved,      23.25 MB ( 97%) committed 
      Class space:        1.00 GB reserved,       3.63 MB ( <1%) committed 
             Both:        1.02 GB reserved,      26.88 MB (  3%) committed 

Chunk freelists:
   Non-Class:  47.00 KB
       Class:  8.00 KB
        Both:  55.00 KB

MaxMetaspaceSize: 17179869184.00 GB
CompressedClassSpaceSize: 1.00 GB
Initial GC threshold: 20.80 MB
Current GC threshold: 35.20 MB
CDS: off

CodeHeap 'non-profiled nmethods': size=120000Kb used=1182Kb max_used=1182Kb free=118817Kb
 bounds [0x0000026724090000, 0x0000026724300000, 0x000002672b5c0000]
CodeHeap 'profiled nmethods': size=120000Kb used=4687Kb max_used=4687Kb free=115312Kb
 bounds [0x000002671cb60000, 0x000002671d000000, 0x0000026724090000]
CodeHeap 'non-nmethods': size=5760Kb used=1220Kb max_used=1256Kb free=4539Kb
 bounds [0x000002671c5c0000, 0x000002671c830000, 0x000002671cb60000]
 total_blobs=2718 nmethods=2216 adapters=414
 compilation: enabled
              stopped_count=0, restarted_count=0
 full_count=0

Compilation events (20 events):
Event: 3.975 Thread 0x00000267344ec800 2212   !   3       jdk.internal.ref.PhantomCleanable::isListEmpty (34 bytes)
Event: 3.975 Thread 0x00000267344ec800 nmethod 2212 0x000002671cfea690 code [0x000002671cfea840, 0x000002671cfeab38]
Event: 3.975 Thread 0x00000267344ec800 2213       3       jdk.internal.misc.InnocuousThread::eraseThreadLocals (23 bytes)
Event: 3.975 Thread 0x00000267344ec800 nmethod 2213 0x000002671cfeac90 code [0x000002671cfeae40, 0x000002671cfeb018]
Event: 3.978 Thread 0x00000267344ec800 2214       3       java.util.concurrent.ConcurrentHashMap::remove (8 bytes)
Event: 3.978 Thread 0x00000267344ec800 nmethod 2214 0x000002671cfeb090 code [0x000002671cfeb240, 0x000002671cfeb388]
Event: 3.979 Thread 0x00000267344ec800 2216       3       jdk.internal.misc.Unsafe::weakCompareAndSetInt (11 bytes)
Event: 3.979 Thread 0x00000267344ec800 nmethod 2216 0x000002671cfeb410 code [0x000002671cfeb5c0, 0x000002671cfeb6d8]
Event: 3.983 Thread 0x00000267344ec800 2217       3       jdk.internal.misc.Unsafe::getAndAddInt (27 bytes)
Event: 3.983 Thread 0x00000267344ec800 nmethod 2217 0x000002671cfeb790 code [0x000002671cfeb940, 0x000002671cfebb78]
Event: 3.997 Thread 0x00000267344ec800 2218 %     3       java.util.Properties$LineReader::readLine @ 224 (635 bytes)
Event: 4.001 Thread 0x00000267344ec800 nmethod 2218% 0x000002671cfebc90 code [0x000002671cfec060, 0x000002671cfeee58]
Event: 4.001 Thread 0x00000267344ec800 2219       3       java.util.Properties::loadConvert (524 bytes)
Event: 4.003 Thread 0x00000267344ec800 nmethod 2219 0x000002671cfefc90 code [0x000002671cfeffc0, 0x000002671cff15f8]
Event: 4.014 Thread 0x00000267344ec800 2220       3       java.util.concurrent.ConcurrentHashMap$EntryIterator::next (5 bytes)
Event: 4.014 Thread 0x00000267344ec800 nmethod 2220 0x000002671cff1d90 code [0x000002671cff1f40, 0x000002671cff2068]
Event: 4.014 Thread 0x00000267344ec800 2222       3       java.util.HashMap::putMapEntries (154 bytes)
Event: 4.015 Thread 0x00000267344ec800 nmethod 2222 0x000002671cff2110 code [0x000002671cff23e0, 0x000002671cff3108]
Event: 4.015 Thread 0x00000267344ec800 2221       3       java.util.concurrent.ConcurrentHashMap$EntryIterator::next (51 bytes)
Event: 4.015 Thread 0x00000267344ec800 nmethod 2221 0x000002671cff3490 code [0x000002671cff3680, 0x000002671cff3b78]

GC Heap History (8 events):
Event: 0.979 GC heap before
{Heap before GC invocations=0 (full 0):
 garbage-first heap   total 120832K, used 29696K [0x0000000080000000, 0x0000000100000000)
  region size 1024K, 24 young (24576K), 0 survivors (0K)
 Metaspace       used 10086K, capacity 10327K, committed 10624K, reserved 1058816K
  class space    used 1035K, capacity 1106K, committed 1152K, reserved 1048576K
}
Event: 0.988 GC heap after
{Heap after GC invocations=1 (full 0):
 garbage-first heap   total 120832K, used 9304K [0x0000000080000000, 0x0000000100000000)
  region size 1024K, 3 young (3072K), 3 survivors (3072K)
 Metaspace       used 10086K, capacity 10327K, committed 10624K, reserved 1058816K
  class space    used 1035K, capacity 1106K, committed 1152K, reserved 1048576K
}
Event: 2.808 GC heap before
{Heap before GC invocations=1 (full 0):
 garbage-first heap   total 120832K, used 77912K [0x0000000080000000, 0x0000000100000000)
  region size 1024K, 70 young (71680K), 3 survivors (3072K)
 Metaspace       used 17076K, capacity 17457K, committed 17536K, reserved 1064960K
  class space    used 1956K, capacity 2101K, committed 2176K, reserved 1048576K
}
Event: 2.818 GC heap after
{Heap after GC invocations=2 (full 0):
 garbage-first heap   total 120832K, used 15729K [0x0000000080000000, 0x0000000100000000)
  region size 1024K, 9 young (9216K), 9 survivors (9216K)
 Metaspace       used 17076K, capacity 17457K, committed 17536K, reserved 1064960K
  class space    used 1956K, capacity 2101K, committed 2176K, reserved 1048576K
}
Event: 3.249 GC heap before
{Heap before GC invocations=2 (full 0):
 garbage-first heap   total 120832K, used 50545K [0x0000000080000000, 0x0000000100000000)
  region size 1024K, 44 young (45056K), 9 survivors (9216K)
 Metaspace       used 20791K, capacity 21189K, committed 21296K, reserved 1069056K
  class space    used 2530K, capacity 2688K, committed 2688K, reserved 1048576K
}
Event: 3.259 GC heap after
{Heap after GC invocations=3 (full 0):
 garbage-first heap   total 120832K, used 17453K [0x0000000080000000, 0x0000000100000000)
  region size 1024K, 2 young (2048K), 2 survivors (2048K)
 Metaspace       used 20791K, capacity 21189K, committed 21296K, reserved 1069056K
  class space    used 2530K, capacity 2688K, committed 2688K, reserved 1048576K
}
Event: 3.969 GC heap before
{Heap before GC invocations=4 (full 0):
 garbage-first heap   total 120832K, used 67629K [0x0000000080000000, 0x0000000100000000)
  region size 1024K, 51 young (52224K), 2 survivors (2048K)
 Metaspace       used 26015K, capacity 26676K, committed 27008K, reserved 1073152K
  class space    used 3375K, capacity 3590K, committed 3712K, reserved 1048576K
}
Event: 3.974 GC heap after
{Heap after GC invocations=5 (full 0):
 garbage-first heap   total 120832K, used 19111K [0x0000000080000000, 0x0000000100000000)
  region size 1024K, 4 young (4096K), 4 survivors (4096K)
 Metaspace       used 26015K, capacity 26676K, committed 27008K, reserved 1073152K
  class space    used 3375K, capacity 3590K, committed 3712K, reserved 1048576K
}

Deoptimization events (20 events):
Event: 3.583 Thread 0x000002673792a800 DEOPT PACKING pc=0x00000267241529fc sp=0x00000084953f8a10
Event: 3.583 Thread 0x000002673792a800 DEOPT UNPACKING pc=0x000002671c60a1af sp=0x00000084953f8978 mode 2
Event: 3.599 Thread 0x000002673792a800 DEOPT PACKING pc=0x000002671ceead76 sp=0x00000084953f6790
Event: 3.599 Thread 0x000002673792a800 DEOPT UNPACKING pc=0x000002671c60a95e sp=0x00000084953f5cb0 mode 0
Event: 3.609 Thread 0x000002673792a800 DEOPT PACKING pc=0x000002671ceead55 sp=0x00000084953f8e50
Event: 3.609 Thread 0x000002673792a800 DEOPT UNPACKING pc=0x000002671c60a95e sp=0x00000084953f8370 mode 0
Event: 3.635 Thread 0x000002673792a800 DEOPT PACKING pc=0x000002671ceead55 sp=0x00000084953f9ee0
Event: 3.635 Thread 0x000002673792a800 DEOPT UNPACKING pc=0x000002671c60a95e sp=0x00000084953f9400 mode 0
Event: 3.791 Thread 0x000002673792a800 Uncommon trap: trap_request=0xffffffcc fr.pc=0x00000267241b1ce8 relative=0x0000000000000328
Event: 3.791 Thread 0x000002673792a800 Uncommon trap: reason=intrinsic_or_type_checked_inlining action=make_not_entrant pc=0x00000267241b1ce8 method=java.util.Arrays.copyOf([Ljava/lang/Object;ILjava/lang/Class;)[Ljava/lang/Object; @ 35 c2
Event: 3.791 Thread 0x000002673792a800 DEOPT PACKING pc=0x00000267241b1ce8 sp=0x00000084953f8f60
Event: 3.791 Thread 0x000002673792a800 DEOPT UNPACKING pc=0x000002671c60a1af sp=0x00000084953f8ef0 mode 2
Event: 3.893 Thread 0x000002673792a800 Uncommon trap: trap_request=0xffffff7e fr.pc=0x00000267241b29a8 relative=0x0000000000000168
Event: 3.893 Thread 0x000002673792a800 Uncommon trap: reason=predicate action=maybe_recompile pc=0x00000267241b29a8 method=com.google.common.base.CharMatcher.indexIn(Ljava/lang/CharSequence;I)I @ 19 c2
Event: 3.893 Thread 0x000002673792a800 DEOPT PACKING pc=0x00000267241b29a8 sp=0x00000084953fb710
Event: 3.893 Thread 0x000002673792a800 DEOPT UNPACKING pc=0x000002671c60a1af sp=0x00000084953fb6a0 mode 2
Event: 3.913 Thread 0x000002673792a800 Uncommon trap: trap_request=0xffffff4d fr.pc=0x00000267241466ec relative=0x000000000000142c
Event: 3.913 Thread 0x000002673792a800 Uncommon trap: reason=unstable_if action=reinterpret pc=0x00000267241466ec method=java.util.concurrent.ConcurrentHashMap.putVal(Ljava/lang/Object;Ljava/lang/Object;Z)Ljava/lang/Object; @ 231 c2
Event: 3.913 Thread 0x000002673792a800 DEOPT PACKING pc=0x00000267241466ec sp=0x00000084953fc970
Event: 3.913 Thread 0x000002673792a800 DEOPT UNPACKING pc=0x000002671c60a1af sp=0x00000084953fc8f0 mode 2

Classes redefined (0 events):
No events

Internal exceptions (20 events):
Event: 3.139 Thread 0x000002673792a800 Exception <a 'java/lang/NoSuchMethodError'{0x0000000085978120}: 'java.lang.Object java.lang.invoke.DirectMethodHandle$Holder.invokeStatic(java.lang.Object, java.lang.Object, java.lang.Object, int)'> (0x0000000085978120) thrown at [./src/hotspot/share/interpreter/linkResolver.cpp, line 773]
Event: 3.139 Thread 0x000002673792a800 Exception <a 'java/lang/NoSuchMethodError'{0x000000008597c838}: 'java.lang.Object java.lang.invoke.DirectMethodHandle$Holder.invokeSpecial(java.lang.Object, java.lang.Object, java.lang.Object, java.lang.Object, int)'> (0x000000008597c838) thrown at [./src/hotspot/share/interpreter/linkResolver.cpp, line 773]
Event: 3.139 Thread 0x000002673792a800 Exception <a 'java/lang/NoSuchMethodError'{0x0000000085980770}: 'java.lang.Object java.lang.invoke.Invokers$Holder.linkToTargetMethod(java.lang.Object, java.lang.Object, int, java.lang.Object)'> (0x0000000085980770) thrown at [./src/hotspot/share/interpreter/linkResolver.cpp, line 773]
Event: 3.279 Thread 0x000002673792a800 Exception <a 'java/lang/NoSuchMethodError'{0x00000000875c1240}: 'int java.lang.invoke.DirectMethodHandle$Holder.invokeSpecialIFC(java.lang.Object, java.lang.Object, java.lang.Object, java.lang.Object)'> (0x00000000875c1240) thrown at [./src/hotspot/share/interpreter/linkResolver.cpp, line 773]
Event: 3.281 Thread 0x000002673792a800 Exception <a 'java/lang/NoSuchMethodError'{0x00000000875cf1f8}: 'java.lang.Object java.lang.invoke.DirectMethodHandle$Holder.invokeInterface(java.lang.Object, java.lang.Object, java.lang.Object)'> (0x00000000875cf1f8) thrown at [./src/hotspot/share/interpreter/linkResolver.cpp, line 773]
Event: 3.281 Thread 0x000002673792a800 Exception <a 'java/lang/IncompatibleClassChangeError'{0x00000000875d26d0}: Found class java.lang.Object, but interface was expected> (0x00000000875d26d0) thrown at [./src/hotspot/share/interpreter/linkResolver.cpp, line 839]
Event: 3.397 Thread 0x000002673792a800 Exception <a 'java/lang/NoSuchMethodError'{0x0000000086d58068}: 'void java.lang.invoke.DirectMethodHandle$Holder.invokeSpecial(java.lang.Object, java.lang.Object, java.lang.Object, java.lang.Object, java.lang.Object)'> (0x0000000086d58068) thrown at [./src/hotspot/share/interpreter/linkResolver.cpp, line 773]
Event: 3.425 Thread 0x000002673792a800 Exception <a 'java/lang/NoSuchMethodError'{0x0000000086b85a40}: 'java.lang.Object java.lang.invoke.DirectMethodHandle$Holder.invokeSpecial(java.lang.Object, java.lang.Object, java.lang.Object, java.lang.Object, java.lang.Object, java.lang.Object, java.lang.Object, java.lang.Object, java.lang.Object)'> (0x0000000086b85a40) thrown at [./src/hotspot/share/interpreter/linkResolver.cpp, line 773]
Event: 3.518 Thread 0x000002673792a800 Exception <a 'java/lang/NoSuchMethodError'{0x00000000861c0098}: 'java.lang.Object java.lang.invoke.DirectMethodHandle$Holder.invokeVirtual(java.lang.Object, java.lang.Object, java.lang.Object, java.lang.Object)'> (0x00000000861c0098) thrown at [./src/hotspot/share/interpreter/linkResolver.cpp, line 773]
Event: 3.630 Thread 0x000002673792a800 Exception <a 'java/lang/NoSuchMethodError'{0x0000000085a08678}: 'void java.lang.invoke.DirectMethodHandle$Holder.invokeSpecial(java.lang.Object, java.lang.Object, java.lang.Object, java.lang.Object, java.lang.Object, java.lang.Object)'> (0x0000000085a08678) thrown at [./src/hotspot/share/interpreter/linkResolver.cpp, line 773]
Event: 3.643 Thread 0x000002673792a800 Exception <a 'java/lang/NoSuchMethodError'{0x0000000085a84748}: 'void java.lang.invoke.DirectMethodHandle$Holder.invokeSpecial(java.lang.Object, java.lang.Object, java.lang.Object, java.lang.Object, java.lang.Object, java.lang.Object, java.lang.Object)'> (0x0000000085a84748) thrown at [./src/hotspot/share/interpreter/linkResolver.cpp, line 773]
Event: 3.644 Thread 0x000002673792a800 Exception <a 'java/lang/NoSuchMethodError'{0x0000000085a8cc38}: 'java.lang.Object java.lang.invoke.Invokers$Holder.linkToTargetMethod(java.lang.Object, java.lang.Object, java.lang.Object, java.lang.Object, java.lang.Object, java.lang.Object)'> (0x0000000085a8cc38) thrown at [./src/hotspot/share/interpreter/linkResolver.cpp, line 773]
Event: 3.673 Thread 0x000002673792a800 Exception <a 'java/lang/NoSuchMethodError'{0x00000000858569c0}: 'java.lang.Object java.lang.invoke.DirectMethodHandle$Holder.invokeVirtual(java.lang.Object, java.lang.Object, java.lang.Object, java.lang.Object, java.lang.Object, java.lang.Object, java.lang.Object, java.lang.Object, java.lang.Object, java.lang.Object, java.lang.Object, java.lang.Object, java.lang.Object, java.lang.Object, java.lang.Object, java.lang.Object, java.lang.Object, java.lang.Object, java.lang.Object, java.lang.Object, java.lang.Ob
Event: 3.736 Thread 0x000002673792a800 Exception <a 'java/lang/NoSuchMethodError'{0x0000000084e5dd00}: 'int java.lang.invoke.DirectMethodHandle$Holder.invokeStaticInit(java.lang.Object, java.lang.Object, java.lang.Object)'> (0x0000000084e5dd00) thrown at [./src/hotspot/share/interpreter/linkResolver.cpp, line 773]
Event: 3.818 Thread 0x000002673792a800 Exception <a 'java/lang/NoSuchMethodError'{0x0000000084af1ca8}: 'void java.lang.invoke.DirectMethodHandle$Holder.invokeStaticInit(java.lang.Object, java.lang.Object)'> (0x0000000084af1ca8) thrown at [./src/hotspot/share/interpreter/linkResolver.cpp, line 773]
Event: 3.936 Thread 0x000002673792a800 Exception <a 'java/lang/NoSuchMethodError'{0x0000000084488d88}: 'void java.lang.invoke.DirectMethodHandle$Holder.invokeStatic(java.lang.Object, java.lang.Object, java.lang.Object, java.lang.Object)'> (0x0000000084488d88) thrown at [./src/hotspot/share/interpreter/linkResolver.cpp, line 773]
Event: 3.939 Thread 0x000002673792a800 Exception <a 'java/lang/NoSuchMethodError'{0x00000000844a7f50}: 'int java.lang.invoke.DirectMethodHandle$Holder.invokeVirtual(java.lang.Object, java.lang.Object)'> (0x00000000844a7f50) thrown at [./src/hotspot/share/interpreter/linkResolver.cpp, line 773]
Event: 3.942 Thread 0x000002673792a800 Exception <a 'java/lang/NoSuchMethodError'{0x00000000844c0af8}: 'java.lang.Object java.lang.invoke.DirectMethodHandle$Holder.invokeVirtual(java.lang.Object, java.lang.Object, java.lang.Object)'> (0x00000000844c0af8) thrown at [./src/hotspot/share/interpreter/linkResolver.cpp, line 773]
Event: 3.950 Thread 0x000002673792a800 Exception <a 'java/lang/NoSuchMethodError'{0x0000000084308be8}: 'int java.lang.invoke.DirectMethodHandle$Holder.invokeVirtual(java.lang.Object, java.lang.Object, java.lang.Object)'> (0x0000000084308be8) thrown at [./src/hotspot/share/interpreter/linkResolver.cpp, line 773]
Event: 3.990 Thread 0x000002673792a800 Exception <a 'java/lang/NoSuchMethodError'{0x00000000875cdd18}: 'void java.lang.invoke.DirectMethodHandle$Holder.invokeSpecial(java.lang.Object, java.lang.Object)'> (0x00000000875cdd18) thrown at [./src/hotspot/share/interpreter/linkResolver.cpp, line 773]

Events (20 events):
Event: 4.017 loading class org/gradle/initialization/BuildOperationSettingsProcessor$2
Event: 4.017 loading class org/gradle/initialization/BuildOperationSettingsProcessor$2 done
Event: 4.018 loading class org/gradle/initialization/BuildOperationSettingsProcessor$2$1
Event: 4.018 loading class org/gradle/initialization/BuildOperationSettingsProcessor$2$1 done
Event: 4.018 loading class org/gradle/initialization/EvaluateSettingsBuildOperationType$Details
Event: 4.018 loading class org/gradle/initialization/EvaluateSettingsBuildOperationType$Details done
Event: 4.019 loading class org/gradle/groovy/scripts/TextResourceScriptSource
Event: 4.019 loading class org/gradle/groovy/scripts/TextResourceScriptSource done
Event: 4.020 loading class org/gradle/internal/resource/UriTextResource
Event: 4.020 loading class org/gradle/internal/resource/UriTextResource done
Event: 4.021 loading class org/gradle/internal/resource/ResourceLocation
Event: 4.021 loading class org/gradle/internal/resource/ResourceLocation done
Event: 4.021 loading class org/gradle/internal/resource/ResourceIsAFolderException
Event: 4.021 loading class org/gradle/internal/resource/ResourceIsAFolderException done
Event: 4.022 loading class org/gradle/api/internal/initialization/DefaultClassLoaderScope
Event: 4.022 loading class org/gradle/api/internal/initialization/DefaultClassLoaderScope done
Event: 4.023 loading class org/gradle/initialization/DefaultSettings
Event: 4.023 loading class org/gradle/initialization/DefaultSettings done
Event: 4.025 loading class org/gradle/api/internal/initialization/RootScriptDomainObjectContext
Event: 4.025 loading class org/gradle/api/internal/initialization/RootScriptDomainObjectContext done


Dynamic libraries:
0x00007ff7ef540000 - 0x00007ff7ef54a000 	C:\Program Files\Android\Android Studio\jre\bin\java.exe
0x00007fffa4e60000 - 0x00007fffa5069000 	C:\WINDOWS\SYSTEM32\ntdll.dll
0x00007fffa2f80000 - 0x00007fffa303e000 	C:\WINDOWS\System32\KERNEL32.DLL
0x00007fffa2660000 - 0x00007fffa29db000 	C:\WINDOWS\System32\KERNELBASE.dll
0x00007fffa2bc0000 - 0x00007fffa2cd1000 	C:\WINDOWS\System32\ucrtbase.dll
0x00007fff9d0b0000 - 0x00007fff9d0c9000 	C:\Program Files\Android\Android Studio\jre\bin\jli.dll
0x00007fff9cff0000 - 0x00007fff9d007000 	C:\Program Files\Android\Android Studio\jre\bin\VCRUNTIME140.dll
0x00007fffa2ce0000 - 0x00007fffa2e8d000 	C:\WINDOWS\System32\USER32.dll
0x00007fff99ac0000 - 0x00007fff99d65000 	C:\WINDOWS\WinSxS\amd64_microsoft.windows.common-controls_6595b64144ccf1df_6.0.22000.120_none_9d947278b86cc467\COMCTL32.dll
0x00007fffa2450000 - 0x00007fffa2476000 	C:\WINDOWS\System32\win32u.dll
0x00007fffa3a80000 - 0x00007fffa3b23000 	C:\WINDOWS\System32\msvcrt.dll
0x00007fffa38c0000 - 0x00007fffa38e9000 	C:\WINDOWS\System32\GDI32.dll
0x00007fffa2480000 - 0x00007fffa2598000 	C:\WINDOWS\System32\gdi32full.dll
0x00007fffa2330000 - 0x00007fffa23cd000 	C:\WINDOWS\System32\msvcp_win.dll
0x00007fffa3a40000 - 0x00007fffa3a72000 	C:\WINDOWS\System32\IMM32.DLL
0x00007fff920b0000 - 0x00007fff9214d000 	C:\Program Files\Android\Android Studio\jre\bin\msvcp140.dll
0x00007fff57280000 - 0x00007fff57d82000 	C:\Program Files\Android\Android Studio\jre\bin\server\jvm.dll
0x00007fffa3810000 - 0x00007fffa38be000 	C:\WINDOWS\System32\ADVAPI32.dll
0x00007fffa3770000 - 0x00007fffa380e000 	C:\WINDOWS\System32\sechost.dll
0x00007fffa4c70000 - 0x00007fffa4d90000 	C:\WINDOWS\System32\RPCRT4.dll
0x00007fffa4650000 - 0x00007fffa4658000 	C:\WINDOWS\System32\PSAPI.DLL
0x00007fff9daa0000 - 0x00007fff9daa9000 	C:\WINDOWS\SYSTEM32\WSOCK32.dll
0x00007fff9cea0000 - 0x00007fff9ced3000 	C:\WINDOWS\SYSTEM32\WINMM.dll
0x00007fff9c460000 - 0x00007fff9c46a000 	C:\WINDOWS\SYSTEM32\VERSION.dll
0x00007fffa31d0000 - 0x00007fffa323f000 	C:\WINDOWS\System32\WS2_32.dll
0x00007fffa1420000 - 0x00007fffa1438000 	C:\WINDOWS\SYSTEM32\kernel.appcore.dll
0x00007fff964a0000 - 0x00007fff964b1000 	C:\Program Files\Android\Android Studio\jre\bin\verify.dll
0x00007fff99e30000 - 0x00007fff9a051000 	C:\WINDOWS\SYSTEM32\DBGHELP.DLL
0x00007fff966e0000 - 0x00007fff96711000 	C:\WINDOWS\SYSTEM32\dbgcore.DLL
0x00007fffa23d0000 - 0x00007fffa244f000 	C:\WINDOWS\System32\bcryptPrimitives.dll
0x00007fff92760000 - 0x00007fff92789000 	C:\Program Files\Android\Android Studio\jre\bin\java.dll
0x00007fff9d7b0000 - 0x00007fff9d7bb000 	C:\Program Files\Android\Android Studio\jre\bin\jimage.dll
0x00007fff96480000 - 0x00007fff96498000 	C:\Program Files\Android\Android Studio\jre\bin\zip.dll
0x00007fffa3cb0000 - 0x00007fffa4467000 	C:\WINDOWS\System32\SHELL32.dll
0x00007fffa0420000 - 0x00007fffa0c85000 	C:\WINDOWS\SYSTEM32\windows.storage.dll
0x00007fffa48f0000 - 0x00007fffa4c68000 	C:\WINDOWS\System32\combase.dll
0x00007fffa02b0000 - 0x00007fffa0416000 	C:\WINDOWS\SYSTEM32\wintypes.dll
0x00007fffa3950000 - 0x00007fffa3a3a000 	C:\WINDOWS\System32\SHCORE.dll
0x00007fffa4880000 - 0x00007fffa48dd000 	C:\WINDOWS\System32\shlwapi.dll
0x00007fffa2260000 - 0x00007fffa2281000 	C:\WINDOWS\SYSTEM32\profapi.dll
0x00007fff92740000 - 0x00007fff9275a000 	C:\Program Files\Android\Android Studio\jre\bin\net.dll
0x00007fff9e450000 - 0x00007fff9e564000 	C:\WINDOWS\SYSTEM32\WINHTTP.dll
0x00007fffa18c0000 - 0x00007fffa1927000 	C:\WINDOWS\system32\mswsock.dll
0x00007fff92720000 - 0x00007fff92734000 	C:\Program Files\Android\Android Studio\jre\bin\nio.dll
0x00007fff95f20000 - 0x00007fff95f47000 	C:\Users\Veronica\.gradle\native\e1d6ef7f7dcc3fd88c89a11ec53ec762bb8ba0a96d01ffa2cd45eb1d1d8dd5c5\windows-amd64\native-platform.dll
0x00007fff74e50000 - 0x00007fff74f94000 	C:\Users\Veronica\.gradle\native\0d407fdbe67a94daf76414ababcb853783967236a71b16ec16e742cd7a986fd3\windows-amd64\native-platform-file-events.dll
0x00007fff9d790000 - 0x00007fff9d79a000 	C:\Program Files\Android\Android Studio\jre\bin\management.dll
0x00007fff9d060000 - 0x00007fff9d06d000 	C:\Program Files\Android\Android Studio\jre\bin\management_ext.dll
0x00007fffa1b10000 - 0x00007fffa1b28000 	C:\WINDOWS\SYSTEM32\CRYPTSP.dll
0x00007fffa1380000 - 0x00007fffa13b5000 	C:\WINDOWS\system32\rsaenh.dll
0x00007fffa19b0000 - 0x00007fffa19d9000 	C:\WINDOWS\SYSTEM32\USERENV.dll
0x00007fffa1d10000 - 0x00007fffa1d37000 	C:\WINDOWS\SYSTEM32\bcrypt.dll
0x00007fffa1b00000 - 0x00007fffa1b0c000 	C:\WINDOWS\SYSTEM32\CRYPTBASE.dll
0x00007fffa0ed0000 - 0x00007fffa0efd000 	C:\WINDOWS\SYSTEM32\IPHLPAPI.DLL
0x00007fffa3c40000 - 0x00007fffa3c49000 	C:\WINDOWS\System32\NSI.dll
0x00007fff9ce80000 - 0x00007fff9ce99000 	C:\WINDOWS\SYSTEM32\dhcpcsvc6.DLL
0x00007fff9d2e0000 - 0x00007fff9d2fe000 	C:\WINDOWS\SYSTEM32\dhcpcsvc.DLL
0x00007fffa0f00000 - 0x00007fffa0fe8000 	C:\WINDOWS\SYSTEM32\DNSAPI.dll

dbghelp: loaded successfully - version: 4.0.5 - missing functions: none
symbol engine: initialized successfully - sym options: 0x614 - pdb path: .;C:\Program Files\Android\Android Studio\jre\bin;C:\WINDOWS\SYSTEM32;C:\WINDOWS\WinSxS\amd64_microsoft.windows.common-controls_6595b64144ccf1df_6.0.22000.120_none_9d947278b86cc467;C:\Program Files\Android\Android Studio\jre\bin\server;C:\Users\Veronica\.gradle\native\e1d6ef7f7dcc3fd88c89a11ec53ec762bb8ba0a96d01ffa2cd45eb1d1d8dd5c5\windows-amd64;C:\Users\Veronica\.gradle\native\0d407fdbe67a94daf76414ababcb853783967236a71b16ec16e742cd7a986fd3\windows-amd64

VM Arguments:
jvm_args: --add-opens=java.base/java.util=ALL-UNNAMED --add-opens=java.base/java.lang=ALL-UNNAMED --add-opens=java.base/java.lang.invoke=ALL-UNNAMED --add-opens=java.base/java.util=ALL-UNNAMED --add-opens=java.prefs/java.util.prefs=ALL-UNNAMED --add-opens=java.prefs/java.util.prefs=ALL-UNNAMED --add-opens=java.base/java.nio.charset=ALL-UNNAMED --add-opens=java.base/java.net=ALL-UNNAMED --add-opens=java.base/java.util.concurrent.atomic=ALL-UNNAMED -Xmx2048m -Dfile.encoding=UTF-8 -Duser.country=ES -Duser.language=es -Duser.variant 
java_command: org.gradle.launcher.daemon.bootstrap.GradleDaemon 7.4
java_class_path (initial): C:\Users\Veronica\.gradle\wrapper\dists\gradle-7.4-bin\c0gwcg53nkjbqw7r0h0umtfvt\gradle-7.4\lib\gradle-launcher-7.4.jar
Launcher Type: SUN_STANDARD

[Global flags]
     intx CICompilerCount                          = 4                                         {product} {ergonomic}
     uint ConcGCThreads                            = 3                                         {product} {ergonomic}
     uint G1ConcRefinementThreads                  = 10                                        {product} {ergonomic}
   size_t G1HeapRegionSize                         = 1048576                                   {product} {ergonomic}
    uintx GCDrainStackTargetSize                   = 64                                        {product} {ergonomic}
   size_t InitialHeapSize                          = 123731968                                 {product} {ergonomic}
   size_t MarkStackSize                            = 4194304                                   {product} {ergonomic}
   size_t MaxHeapSize                              = 2147483648                                {product} {command line}
   size_t MaxNewSize                               = 1287651328                                {product} {ergonomic}
   size_t MinHeapDeltaBytes                        = 1048576                                   {product} {ergonomic}
    uintx NonNMethodCodeHeapSize                   = 5836300                                {pd product} {ergonomic}
    uintx NonProfiledCodeHeapSize                  = 122910970                              {pd product} {ergonomic}
    uintx ProfiledCodeHeapSize                     = 122910970                              {pd product} {ergonomic}
    uintx ReservedCodeCacheSize                    = 251658240                              {pd product} {ergonomic}
     bool SegmentedCodeCache                       = true                                      {product} {ergonomic}
     bool UseCompressedClassPointers               = true                                 {lp64_product} {ergonomic}
     bool UseCompressedOops                        = true                                 {lp64_product} {ergonomic}
     bool UseG1GC                                  = true                                      {product} {ergonomic}
     bool UseLargePagesIndividualAllocation        = false                                  {pd product} {ergonomic}

Logging:
Log output configuration:
 #0: stdout all=warning uptime,level,tags
 #1: stderr all=off uptime,level,tags

Environment Variables:
JAVA_HOME=C:\Program Files\Java\jdk1.7.0_80
PATH=C:\ProgramData\Oracle\Java\javapath;C:\oraclexe\app\oracle\product\11.2.0\server\bin;C:\Program Files\Common Files\Oracle\Java\javapath;C:\WINDOWS\system32;C:\WINDOWS;C:\WINDOWS\System32\Wbem;C:\WINDOWS\System32\WindowsPowerShell\v1.0\;C:\WINDOWS\System32\OpenSSH\;C:\Program Files\Git\cmd;C:\Program Files\dotnet\;C:\Users\Veronica\AppData\Local\Microsoft\WindowsApps;;C:\Users\Veronica\AppData\Local\Programs\Microsoft VS Code\bin;C:\Users\Veronica\.dotnet\tools
USERNAME=Veronica
OS=Windows_NT
PROCESSOR_IDENTIFIER=AMD64 Family 23 Model 104 Stepping 1, AuthenticAMD



---------------  S Y S T E M  ---------------

OS: Windows 11 , 64 bit Build 22000 (10.0.22000.1335)
OS uptime: 1 days 17:02 hours

CPU:total 12 (initial active 12) (12 cores per cpu, 2 threads per core) family 23 model 104 stepping 1 microcode 0x0, cmov, cx8, fxsr, mmx, sse, sse2, sse3, ssse3, sse4.1, sse4.2, popcnt, avx, avx2, aes, clmul, mmxext, 3dnowpref, lzcnt, sse4a, ht, tsc, tscinvbit, tscinv, bmi1, bmi2, adx, sha, fma

Memory: 4k page, system-wide physical 7528M (721M free)
TotalPageFile size 11370M (AvailPageFile size 6M)
current process WorkingSet (physical memory assigned to process): 215M, peak: 215M
current process commit charge ("private bytes"): 284M, peak: 284M

vm_info: OpenJDK 64-Bit Server VM (11.0.13+0-b1751.21-8125866) for windows-amd64 JRE (11.0.13+0-b1751.21-8125866), built on Feb  2 2022 03:00:22 by "builder" with MS VC++ 14.0 (VS2015)

END.
