#
# There is insufficient memory for the Java Runtime Environment to continue.
# Native memory allocation (malloc) failed to allocate 869776 bytes for Chunk::new
# Possible reasons:
#   The system is out of physical RAM or swap space
#   The process is running with CompressedOops enabled, and the Java Heap may be blocking the growth of the native heap
# Possible solutions:
#   Reduce memory load on the system
#   Increase physical memory or swap space
#   Check if swap backing store is full
#   Decrease Java heap size (-Xmx/-Xms)
#   Decrease number of Java threads
#   Decrease Java thread stack sizes (-Xss)
#   Set larger code cache with -XX:ReservedCodeCacheSize=
#   JVM is running with Unscaled Compressed Oops mode in which the Java heap is
#     placed in the first 4GB address space. The Java Heap base address is the
#     maximum limit for the native heap growth. Please use -XX:HeapBaseMinAddress
#     to set the Java Heap base and to place the Java Heap above 4GB virtual address.
# This output file may be truncated or incomplete.
#
#  Out of Memory Error (./src/hotspot/share/memory/arena.cpp:197), pid=9752, tid=2784
#
# JRE version: OpenJDK Runtime Environment (11.0.13) (build 11.0.13+0-b1751.21-8125866)
# Java VM: OpenJDK 64-Bit Server VM (11.0.13+0-b1751.21-8125866, mixed mode, tiered, compressed oops, g1 gc, windows-amd64)
# No core dump will be written. Minidumps are not enabled by default on client versions of Windows
#

---------------  S U M M A R Y ------------

Command Line: --add-opens=java.base/java.util=ALL-UNNAMED --add-opens=java.base/java.lang=ALL-UNNAMED --add-opens=java.base/java.lang.invoke=ALL-UNNAMED --add-opens=java.base/java.util=ALL-UNNAMED --add-opens=java.prefs/java.util.prefs=ALL-UNNAMED --add-opens=java.prefs/java.util.prefs=ALL-UNNAMED --add-opens=java.base/java.nio.charset=ALL-UNNAMED --add-opens=java.base/java.net=ALL-UNNAMED --add-opens=java.base/java.util.concurrent.atomic=ALL-UNNAMED -Xmx2048m -Dfile.encoding=UTF-8 -Duser.country=ES -Duser.language=es -Duser.variant org.gradle.launcher.daemon.bootstrap.GradleDaemon 7.4

Host: AMD Ryzen 5 5500U with Radeon Graphics         , 12 cores, 7G,  Windows 11 , 64 bit Build 22000 (10.0.22000.1335)
Time: Sat Feb 11 14:25:35 2023 Hora estándar romance elapsed time: 4.756403 seconds (0d 0h 0m 4s)

---------------  T H R E A D  ---------------

Current thread (0x000002752995d000):  JavaThread "C2 CompilerThread0" daemon [_thread_in_native, id=2784, stack(0x0000009f86700000,0x0000009f86800000)]


Current CompileTask:
C2:   4756 2531   !   4       java.net.URL::<init> (543 bytes)

Stack: [0x0000009f86700000,0x0000009f86800000]
Native frames: (J=compiled Java code, j=interpreted, Vv=VM code, C=native code)
V  [jvm.dll+0x6100fa]
V  [jvm.dll+0x747090]
V  [jvm.dll+0x7486ad]
V  [jvm.dll+0x748d83]
V  [jvm.dll+0x24ab48]
V  [jvm.dll+0xc04dc]
V  [jvm.dll+0xc0a0c]
V  [jvm.dll+0x2bfab4]
V  [jvm.dll+0x524238]
V  [jvm.dll+0x20b193]
V  [jvm.dll+0x204ca0]
V  [jvm.dll+0x2023c2]
V  [jvm.dll+0x188e01]
V  [jvm.dll+0x21106b]
V  [jvm.dll+0x20f8c1]
V  [jvm.dll+0x70de0f]
V  [jvm.dll+0x706a75]
V  [jvm.dll+0x60ed66]
C  [ucrtbase.dll+0x26c0c]
C  [KERNEL32.DLL+0x155a0]
C  [ntdll.dll+0x485b]


---------------  P R O C E S S  ---------------

Threads class SMR info:
_java_thread_list=0x000002752d443740, length=32, elements={
0x000002750d0ad000, 0x000002752993c000, 0x000002752993d000, 0x000002752a302800,
0x0000027529959000, 0x000002752995a000, 0x000002752995d000, 0x000002752995e800,
0x000002752996d800, 0x000002752a45a800, 0x000002752c857800, 0x000002752a52a800,
0x000002752b04d800, 0x000002752d260800, 0x000002752c619800, 0x000002752c6b7800,
0x000002752c3c0800, 0x000002752bb9f000, 0x000002752b655800, 0x000002752c219800,
0x000002752c218800, 0x000002752c217000, 0x000002752c218000, 0x000002752d73b800,
0x000002752d286000, 0x000002752d287000, 0x000002752d285800, 0x000002752d284800,
0x000002752d281000, 0x000002752d282000, 0x000002752d283000, 0x000002752d306000
}

Java Threads: ( => current thread )
  0x000002750d0ad000 JavaThread "main" [_thread_blocked, id=11496, stack(0x0000009f85b00000,0x0000009f85c00000)]
  0x000002752993c000 JavaThread "Reference Handler" daemon [_thread_blocked, id=10804, stack(0x0000009f86200000,0x0000009f86300000)]
  0x000002752993d000 JavaThread "Finalizer" daemon [_thread_blocked, id=16628, stack(0x0000009f86300000,0x0000009f86400000)]
  0x000002752a302800 JavaThread "Signal Dispatcher" daemon [_thread_blocked, id=13860, stack(0x0000009f86400000,0x0000009f86500000)]
  0x0000027529959000 JavaThread "Attach Listener" daemon [_thread_blocked, id=17244, stack(0x0000009f86500000,0x0000009f86600000)]
  0x000002752995a000 JavaThread "Service Thread" daemon [_thread_blocked, id=9872, stack(0x0000009f86600000,0x0000009f86700000)]
=>0x000002752995d000 JavaThread "C2 CompilerThread0" daemon [_thread_in_native, id=2784, stack(0x0000009f86700000,0x0000009f86800000)]
  0x000002752995e800 JavaThread "C1 CompilerThread0" daemon [_thread_blocked, id=2240, stack(0x0000009f86800000,0x0000009f86900000)]
  0x000002752996d800 JavaThread "Sweeper thread" daemon [_thread_blocked, id=11240, stack(0x0000009f86900000,0x0000009f86a00000)]
  0x000002752a45a800 JavaThread "Common-Cleaner" daemon [_thread_blocked, id=2300, stack(0x0000009f86a00000,0x0000009f86b00000)]
  0x000002752c857800 JavaThread "Daemon health stats" [_thread_blocked, id=10388, stack(0x0000009f86f00000,0x0000009f87000000)]
  0x000002752a52a800 JavaThread "Incoming local TCP Connector on port 55678" [_thread_in_native, id=15236, stack(0x0000009f86c00000,0x0000009f86d00000)]
  0x000002752b04d800 JavaThread "Daemon periodic checks" [_thread_blocked, id=1096, stack(0x0000009f86d00000,0x0000009f86e00000)]
  0x000002752d260800 JavaThread "Daemon" [_thread_blocked, id=15768, stack(0x0000009f87000000,0x0000009f87100000)]
  0x000002752c619800 JavaThread "Handler for socket connection from /127.0.0.1:55678 to /127.0.0.1:55679" [_thread_in_native, id=10228, stack(0x0000009f87100000,0x0000009f87200000)]
  0x000002752c6b7800 JavaThread "Cancel handler" [_thread_blocked, id=13440, stack(0x0000009f87200000,0x0000009f87300000)]
  0x000002752c3c0800 JavaThread "Daemon worker" [_thread_in_vm, id=11968, stack(0x0000009f87300000,0x0000009f87400000)]
  0x000002752bb9f000 JavaThread "Asynchronous log dispatcher for DefaultDaemonConnection: socket connection from /127.0.0.1:55678 to /127.0.0.1:55679" [_thread_blocked, id=4992, stack(0x0000009f87d00000,0x0000009f87e00000)]
  0x000002752b655800 JavaThread "Stdin handler" [_thread_blocked, id=15804, stack(0x0000009f87e00000,0x0000009f87f00000)]
  0x000002752c219800 JavaThread "Daemon client event forwarder" [_thread_blocked, id=2628, stack(0x0000009f87f00000,0x0000009f88000000)]
  0x000002752c218800 JavaThread "Cache worker for journal cache (C:\Users\Veronica\.gradle\caches\journal-1)" [_thread_blocked, id=7096, stack(0x0000009f88000000,0x0000009f88100000)]
  0x000002752c217000 JavaThread "File lock request listener" [_thread_in_native, id=11216, stack(0x0000009f88100000,0x0000009f88200000)]
  0x000002752c218000 JavaThread "Cache worker for file hash cache (C:\Users\Veronica\.gradle\caches\7.4\fileHashes)" [_thread_blocked, id=2120, stack(0x0000009f88200000,0x0000009f88300000)]
  0x000002752d73b800 JavaThread "C2 CompilerThread1" daemon [_thread_in_native, id=6552, stack(0x0000009f88500000,0x0000009f88600000)]
  0x000002752d286000 JavaThread "File watcher server" daemon [_thread_in_native, id=6012, stack(0x0000009f88600000,0x0000009f88700000)]
  0x000002752d287000 JavaThread "File watcher consumer" daemon [_thread_blocked, id=13020, stack(0x0000009f88700000,0x0000009f88800000)]
  0x000002752d285800 JavaThread "Cache worker for checksums cache (C:\Users\Veronica\AndroidStudioProjects\SocketsPSP\.gradle\7.4\checksums)" [_thread_blocked, id=12448, stack(0x0000009f88800000,0x0000009f88900000)]
  0x000002752d284800 JavaThread "Cache worker for cache directory md-rule (C:\Users\Veronica\.gradle\caches\7.4\md-rule)" [_thread_blocked, id=4340, stack(0x0000009f88900000,0x0000009f88a00000)]
  0x000002752d281000 JavaThread "Cache worker for file hash cache (C:\Users\Veronica\AndroidStudioProjects\SocketsPSP\.gradle\7.4\fileHashes)" [_thread_blocked, id=15516, stack(0x0000009f88a00000,0x0000009f88b00000)]
  0x000002752d282000 JavaThread "Cache worker for cache directory md-supplier (C:\Users\Veronica\.gradle\caches\7.4\md-supplier)" [_thread_blocked, id=12652, stack(0x0000009f88b00000,0x0000009f88c00000)]
  0x000002752d283000 JavaThread "Cache worker for execution history cache (C:\Users\Veronica\.gradle\caches\7.4\executionHistory)" [_thread_blocked, id=12084, stack(0x0000009f88c00000,0x0000009f88d00000)]
  0x000002752d306000 JavaThread "C2 CompilerThread2" daemon [_thread_in_native, id=3104, stack(0x0000009f88d00000,0x0000009f88e00000)]

Other Threads:
  0x000002752993a000 VMThread "VM Thread" [stack: 0x0000009f86100000,0x0000009f86200000] [id=6312]
  0x000002752a483800 WatcherThread [stack: 0x0000009f86b00000,0x0000009f86c00000] [id=4060]
  0x000002750d0c6800 GCTaskThread "GC Thread#0" [stack: 0x0000009f85c00000,0x0000009f85d00000] [id=10252]
  0x000002752b52d800 GCTaskThread "GC Thread#1" [stack: 0x0000009f86e00000,0x0000009f86f00000] [id=11532]
  0x000002752b9b2800 GCTaskThread "GC Thread#2" [stack: 0x0000009f87400000,0x0000009f87500000] [id=14524]
  0x000002752c4f7800 GCTaskThread "GC Thread#3" [stack: 0x0000009f87500000,0x0000009f87600000] [id=10956]
  0x000002752c538800 GCTaskThread "GC Thread#4" [stack: 0x0000009f87600000,0x0000009f87700000] [id=8852]
  0x000002752c417000 GCTaskThread "GC Thread#5" [stack: 0x0000009f87700000,0x0000009f87800000] [id=1776]
  0x000002752c41a000 GCTaskThread "GC Thread#6" [stack: 0x0000009f87800000,0x0000009f87900000] [id=2904]
  0x000002752c41d800 GCTaskThread "GC Thread#7" [stack: 0x0000009f87900000,0x0000009f87a00000] [id=11616]
  0x000002752c41b000 GCTaskThread "GC Thread#8" [stack: 0x0000009f87a00000,0x0000009f87b00000] [id=16568]
  0x000002752c41b800 GCTaskThread "GC Thread#9" [stack: 0x0000009f87b00000,0x0000009f87c00000] [id=3196]
  0x000002750d0f7000 ConcurrentGCThread "G1 Main Marker" [stack: 0x0000009f85d00000,0x0000009f85e00000] [id=3048]
  0x000002750d0f9000 ConcurrentGCThread "G1 Conc#0" [stack: 0x0000009f85e00000,0x0000009f85f00000] [id=15140]
  0x000002752c41e800 ConcurrentGCThread "G1 Conc#1" [stack: 0x0000009f88300000,0x0000009f88400000] [id=8044]
  0x000002752c418000 ConcurrentGCThread "G1 Conc#2" [stack: 0x0000009f88400000,0x0000009f88500000] [id=2204]
  0x0000027529784800 ConcurrentGCThread "G1 Refine#0" [stack: 0x0000009f85f00000,0x0000009f86000000] [id=16076]
  0x000002752baaf000 ConcurrentGCThread "G1 Refine#1" [stack: 0x0000009f87c00000,0x0000009f87d00000] [id=1248]
  0x0000027529789000 ConcurrentGCThread "G1 Young RemSet Sampling" [stack: 0x0000009f86000000,0x0000009f86100000] [id=16480]

Threads with active compile tasks:
C2 CompilerThread0   4772 2531   !   4       java.net.URL::<init> (543 bytes)
C2 CompilerThread1   4772 2546  s!   4       jdk.internal.loader.URLClassPath::getLoader (194 bytes)
C2 CompilerThread2   4772 2637 % !   4       java.util.concurrent.ConcurrentHashMap::transfer @ 437 (828 bytes)

VM state:not at safepoint (normal execution)

VM Mutex/Monitor currently owned by a thread: None

Heap address: 0x0000000080000000, size: 2048 MB, Compressed Oops mode: 32-bit
Narrow klass base: 0x0000000000000000, Narrow klass shift: 3
Compressed class space size: 1073741824 Address: 0x0000000100000000

Heap:
 garbage-first heap   total 120832K, used 32466K [0x0000000080000000, 0x0000000100000000)
  region size 1024K, 18 young (18432K), 5 survivors (5120K)
 Metaspace       used 32362K, capacity 33155K, committed 33404K, reserved 1079296K
  class space    used 4238K, capacity 4517K, committed 4556K, reserved 1048576K
Heap Regions: E=young(eden), S=young(survivor), O=old, HS=humongous(starts), HC=humongous(continues), CS=collection set, F=free, A=archive, TAMS=top-at-mark-start (previous, next)
|   0|0x0000000080000000, 0x0000000080100000, 0x0000000080100000|100%| O|  |TAMS 0x0000000080100000, 0x0000000080000000| Untracked 
|   1|0x0000000080100000, 0x0000000080200000, 0x0000000080200000|100%| O|  |TAMS 0x0000000080200000, 0x0000000080100000| Untracked 
|   2|0x0000000080200000, 0x0000000080300000, 0x0000000080300000|100%| O|  |TAMS 0x0000000080300000, 0x0000000080200000| Untracked 
|   3|0x0000000080300000, 0x0000000080400000, 0x0000000080400000|100%|HS|  |TAMS 0x0000000080400000, 0x0000000080300000| Complete 
|   4|0x0000000080400000, 0x0000000080500000, 0x0000000080500000|100%|HC|  |TAMS 0x0000000080500000, 0x0000000080400000| Complete 
|   5|0x0000000080500000, 0x0000000080600000, 0x0000000080600000|100%|HC|  |TAMS 0x0000000080600000, 0x0000000080500000| Complete 
|   6|0x0000000080600000, 0x0000000080700000, 0x0000000080700000|100%| O|  |TAMS 0x0000000080700000, 0x0000000080600000| Untracked 
|   7|0x0000000080700000, 0x0000000080800000, 0x0000000080800000|100%| O|  |TAMS 0x0000000080800000, 0x0000000080700000| Untracked 
|   8|0x0000000080800000, 0x0000000080900000, 0x0000000080900000|100%| O|  |TAMS 0x0000000080900000, 0x0000000080800000| Untracked 
|   9|0x0000000080900000, 0x0000000080a00000, 0x0000000080a00000|100%| O|  |TAMS 0x0000000080a00000, 0x0000000080900000| Untracked 
|  10|0x0000000080a00000, 0x0000000080b00000, 0x0000000080b00000|100%| O|  |TAMS 0x0000000080b00000, 0x0000000080a00000| Untracked 
|  11|0x0000000080b00000, 0x0000000080c00000, 0x0000000080c00000|100%| O|  |TAMS 0x0000000080c00000, 0x0000000080b00000| Untracked 
|  12|0x0000000080c00000, 0x0000000080d00000, 0x0000000080d00000|100%| O|  |TAMS 0x0000000080d00000, 0x0000000080c00000| Untracked 
|  13|0x0000000080d00000, 0x0000000080e00000, 0x0000000080e00000|100%| O|  |TAMS 0x0000000080e00000, 0x0000000080d00000| Untracked 
|  14|0x0000000080e00000, 0x0000000080f00000, 0x0000000080f00000|100%| O|  |TAMS 0x0000000080f00000, 0x0000000080e00000| Untracked 
|  15|0x0000000080f00000, 0x0000000080f5ae00, 0x0000000081000000| 35%| O|  |TAMS 0x0000000080f5ae00, 0x0000000080f00000| Untracked 
|  16|0x0000000081000000, 0x0000000081000000, 0x0000000081100000|  0%| F|  |TAMS 0x0000000081000000, 0x0000000081000000| Untracked 
|  17|0x0000000081100000, 0x0000000081100000, 0x0000000081200000|  0%| F|  |TAMS 0x0000000081100000, 0x0000000081100000| Untracked 
|  18|0x0000000081200000, 0x0000000081200000, 0x0000000081300000|  0%| F|  |TAMS 0x0000000081200000, 0x0000000081200000| Untracked 
|  19|0x0000000081300000, 0x0000000081300000, 0x0000000081400000|  0%| F|  |TAMS 0x0000000081300000, 0x0000000081300000| Untracked 
|  20|0x0000000081400000, 0x0000000081400000, 0x0000000081500000|  0%| F|  |TAMS 0x0000000081400000, 0x0000000081400000| Untracked 
|  21|0x0000000081500000, 0x0000000081500000, 0x0000000081600000|  0%| F|  |TAMS 0x0000000081500000, 0x0000000081500000| Untracked 
|  22|0x0000000081600000, 0x0000000081600000, 0x0000000081700000|  0%| F|  |TAMS 0x0000000081600000, 0x0000000081600000| Untracked 
|  23|0x0000000081700000, 0x0000000081700000, 0x0000000081800000|  0%| F|  |TAMS 0x0000000081700000, 0x0000000081700000| Untracked 
|  24|0x0000000081800000, 0x0000000081800000, 0x0000000081900000|  0%| F|  |TAMS 0x0000000081800000, 0x0000000081800000| Untracked 
|  25|0x0000000081900000, 0x0000000081900000, 0x0000000081a00000|  0%| F|  |TAMS 0x0000000081900000, 0x0000000081900000| Untracked 
|  26|0x0000000081a00000, 0x0000000081a00000, 0x0000000081b00000|  0%| F|  |TAMS 0x0000000081a00000, 0x0000000081a00000| Untracked 
|  27|0x0000000081b00000, 0x0000000081b00000, 0x0000000081c00000|  0%| F|  |TAMS 0x0000000081b00000, 0x0000000081b00000| Untracked 
|  28|0x0000000081c00000, 0x0000000081c00000, 0x0000000081d00000|  0%| F|  |TAMS 0x0000000081c00000, 0x0000000081c00000| Untracked 
|  29|0x0000000081d00000, 0x0000000081d00000, 0x0000000081e00000|  0%| F|  |TAMS 0x0000000081d00000, 0x0000000081d00000| Untracked 
|  30|0x0000000081e00000, 0x0000000081e00000, 0x0000000081f00000|  0%| F|  |TAMS 0x0000000081e00000, 0x0000000081e00000| Untracked 
|  31|0x0000000081f00000, 0x0000000081f00000, 0x0000000082000000|  0%| F|  |TAMS 0x0000000081f00000, 0x0000000081f00000| Untracked 
|  32|0x0000000082000000, 0x0000000082000000, 0x0000000082100000|  0%| F|  |TAMS 0x0000000082000000, 0x0000000082000000| Untracked 
|  33|0x0000000082100000, 0x0000000082100000, 0x0000000082200000|  0%| F|  |TAMS 0x0000000082100000, 0x0000000082100000| Untracked 
|  34|0x0000000082200000, 0x0000000082200000, 0x0000000082300000|  0%| F|  |TAMS 0x0000000082200000, 0x0000000082200000| Untracked 
|  35|0x0000000082300000, 0x0000000082300000, 0x0000000082400000|  0%| F|  |TAMS 0x0000000082300000, 0x0000000082300000| Untracked 
|  36|0x0000000082400000, 0x0000000082400000, 0x0000000082500000|  0%| F|  |TAMS 0x0000000082400000, 0x0000000082400000| Untracked 
|  37|0x0000000082500000, 0x0000000082500000, 0x0000000082600000|  0%| F|  |TAMS 0x0000000082500000, 0x0000000082500000| Untracked 
|  38|0x0000000082600000, 0x0000000082600000, 0x0000000082700000|  0%| F|  |TAMS 0x0000000082600000, 0x0000000082600000| Untracked 
|  39|0x0000000082700000, 0x0000000082700000, 0x0000000082800000|  0%| F|  |TAMS 0x0000000082700000, 0x0000000082700000| Untracked 
|  40|0x0000000082800000, 0x0000000082800000, 0x0000000082900000|  0%| F|  |TAMS 0x0000000082800000, 0x0000000082800000| Untracked 
|  41|0x0000000082900000, 0x0000000082900000, 0x0000000082a00000|  0%| F|  |TAMS 0x0000000082900000, 0x0000000082900000| Untracked 
|  42|0x0000000082a00000, 0x0000000082a00000, 0x0000000082b00000|  0%| F|  |TAMS 0x0000000082a00000, 0x0000000082a00000| Untracked 
|  43|0x0000000082b00000, 0x0000000082b00000, 0x0000000082c00000|  0%| F|  |TAMS 0x0000000082b00000, 0x0000000082b00000| Untracked 
|  44|0x0000000082c00000, 0x0000000082c00000, 0x0000000082d00000|  0%| F|  |TAMS 0x0000000082c00000, 0x0000000082c00000| Untracked 
|  45|0x0000000082d00000, 0x0000000082d00000, 0x0000000082e00000|  0%| F|  |TAMS 0x0000000082d00000, 0x0000000082d00000| Untracked 
|  46|0x0000000082e00000, 0x0000000082e00000, 0x0000000082f00000|  0%| F|  |TAMS 0x0000000082e00000, 0x0000000082e00000| Untracked 
|  47|0x0000000082f00000, 0x0000000082f00000, 0x0000000083000000|  0%| F|  |TAMS 0x0000000082f00000, 0x0000000082f00000| Untracked 
|  48|0x0000000083000000, 0x0000000083000000, 0x0000000083100000|  0%| F|  |TAMS 0x0000000083000000, 0x0000000083000000| Untracked 
|  49|0x0000000083100000, 0x0000000083100000, 0x0000000083200000|  0%| F|  |TAMS 0x0000000083100000, 0x0000000083100000| Untracked 
|  50|0x0000000083200000, 0x0000000083200000, 0x0000000083300000|  0%| F|  |TAMS 0x0000000083200000, 0x0000000083200000| Untracked 
|  51|0x0000000083300000, 0x0000000083300000, 0x0000000083400000|  0%| F|  |TAMS 0x0000000083300000, 0x0000000083300000| Untracked 
|  52|0x0000000083400000, 0x0000000083400000, 0x0000000083500000|  0%| F|  |TAMS 0x0000000083400000, 0x0000000083400000| Untracked 
|  53|0x0000000083500000, 0x0000000083500000, 0x0000000083600000|  0%| F|  |TAMS 0x0000000083500000, 0x0000000083500000| Untracked 
|  54|0x0000000083600000, 0x0000000083600000, 0x0000000083700000|  0%| F|  |TAMS 0x0000000083600000, 0x0000000083600000| Untracked 
|  55|0x0000000083700000, 0x0000000083700000, 0x0000000083800000|  0%| F|  |TAMS 0x0000000083700000, 0x0000000083700000| Untracked 
|  56|0x0000000083800000, 0x0000000083800000, 0x0000000083900000|  0%| F|  |TAMS 0x0000000083800000, 0x0000000083800000| Untracked 
|  57|0x0000000083900000, 0x0000000083900000, 0x0000000083a00000|  0%| F|  |TAMS 0x0000000083900000, 0x0000000083900000| Untracked 
|  58|0x0000000083a00000, 0x0000000083a00000, 0x0000000083b00000|  0%| F|  |TAMS 0x0000000083a00000, 0x0000000083a00000| Untracked 
|  59|0x0000000083b00000, 0x0000000083b59c50, 0x0000000083c00000| 35%| S|CS|TAMS 0x0000000083b00000, 0x0000000083b00000| Complete 
|  60|0x0000000083c00000, 0x0000000083d00000, 0x0000000083d00000|100%| S|CS|TAMS 0x0000000083c00000, 0x0000000083c00000| Complete 
|  61|0x0000000083d00000, 0x0000000083e00000, 0x0000000083e00000|100%| S|CS|TAMS 0x0000000083d00000, 0x0000000083d00000| Complete 
|  62|0x0000000083e00000, 0x0000000083f00000, 0x0000000083f00000|100%| S|CS|TAMS 0x0000000083e00000, 0x0000000083e00000| Complete 
|  63|0x0000000083f00000, 0x0000000084000000, 0x0000000084000000|100%| S|CS|TAMS 0x0000000083f00000, 0x0000000083f00000| Complete 
|  64|0x0000000084000000, 0x0000000084000000, 0x0000000084100000|  0%| F|  |TAMS 0x0000000084000000, 0x0000000084000000| Untracked 
|  65|0x0000000084100000, 0x0000000084100000, 0x0000000084200000|  0%| F|  |TAMS 0x0000000084100000, 0x0000000084100000| Untracked 
|  66|0x0000000084200000, 0x0000000084200000, 0x0000000084300000|  0%| F|  |TAMS 0x0000000084200000, 0x0000000084200000| Untracked 
|  67|0x0000000084300000, 0x0000000084300000, 0x0000000084400000|  0%| F|  |TAMS 0x0000000084300000, 0x0000000084300000| Untracked 
|  68|0x0000000084400000, 0x0000000084400000, 0x0000000084500000|  0%| F|  |TAMS 0x0000000084400000, 0x0000000084400000| Untracked 
|  69|0x0000000084500000, 0x0000000084500000, 0x0000000084600000|  0%| F|  |TAMS 0x0000000084500000, 0x0000000084500000| Untracked 
|  70|0x0000000084600000, 0x0000000084600000, 0x0000000084700000|  0%| F|  |TAMS 0x0000000084600000, 0x0000000084600000| Untracked 
|  71|0x0000000084700000, 0x0000000084700000, 0x0000000084800000|  0%| F|  |TAMS 0x0000000084700000, 0x0000000084700000| Untracked 
|  72|0x0000000084800000, 0x0000000084800000, 0x0000000084900000|  0%| F|  |TAMS 0x0000000084800000, 0x0000000084800000| Untracked 
|  73|0x0000000084900000, 0x0000000084900000, 0x0000000084a00000|  0%| F|  |TAMS 0x0000000084900000, 0x0000000084900000| Untracked 
|  74|0x0000000084a00000, 0x0000000084a00000, 0x0000000084b00000|  0%| F|  |TAMS 0x0000000084a00000, 0x0000000084a00000| Untracked 
|  75|0x0000000084b00000, 0x0000000084b00000, 0x0000000084c00000|  0%| F|  |TAMS 0x0000000084b00000, 0x0000000084b00000| Untracked 
|  76|0x0000000084c00000, 0x0000000084c00000, 0x0000000084d00000|  0%| F|  |TAMS 0x0000000084c00000, 0x0000000084c00000| Untracked 
|  77|0x0000000084d00000, 0x0000000084d00000, 0x0000000084e00000|  0%| F|  |TAMS 0x0000000084d00000, 0x0000000084d00000| Untracked 
|  78|0x0000000084e00000, 0x0000000084e00000, 0x0000000084f00000|  0%| F|  |TAMS 0x0000000084e00000, 0x0000000084e00000| Untracked 
|  79|0x0000000084f00000, 0x0000000084f00000, 0x0000000085000000|  0%| F|  |TAMS 0x0000000084f00000, 0x0000000084f00000| Untracked 
|  80|0x0000000085000000, 0x0000000085000000, 0x0000000085100000|  0%| F|  |TAMS 0x0000000085000000, 0x0000000085000000| Untracked 
|  81|0x0000000085100000, 0x0000000085100000, 0x0000000085200000|  0%| F|  |TAMS 0x0000000085100000, 0x0000000085100000| Untracked 
|  82|0x0000000085200000, 0x0000000085200000, 0x0000000085300000|  0%| F|  |TAMS 0x0000000085200000, 0x0000000085200000| Untracked 
|  83|0x0000000085300000, 0x0000000085300000, 0x0000000085400000|  0%| F|  |TAMS 0x0000000085300000, 0x0000000085300000| Untracked 
|  84|0x0000000085400000, 0x0000000085400000, 0x0000000085500000|  0%| F|  |TAMS 0x0000000085400000, 0x0000000085400000| Untracked 
|  85|0x0000000085500000, 0x0000000085500000, 0x0000000085600000|  0%| F|  |TAMS 0x0000000085500000, 0x0000000085500000| Untracked 
|  86|0x0000000085600000, 0x0000000085600000, 0x0000000085700000|  0%| F|  |TAMS 0x0000000085600000, 0x0000000085600000| Untracked 
|  87|0x0000000085700000, 0x0000000085700000, 0x0000000085800000|  0%| F|  |TAMS 0x0000000085700000, 0x0000000085700000| Untracked 
|  88|0x0000000085800000, 0x0000000085800000, 0x0000000085900000|  0%| F|  |TAMS 0x0000000085800000, 0x0000000085800000| Untracked 
|  89|0x0000000085900000, 0x0000000085900000, 0x0000000085a00000|  0%| F|  |TAMS 0x0000000085900000, 0x0000000085900000| Untracked 
|  90|0x0000000085a00000, 0x0000000085a00000, 0x0000000085b00000|  0%| F|  |TAMS 0x0000000085a00000, 0x0000000085a00000| Untracked 
|  91|0x0000000085b00000, 0x0000000085b00000, 0x0000000085c00000|  0%| F|  |TAMS 0x0000000085b00000, 0x0000000085b00000| Untracked 
|  92|0x0000000085c00000, 0x0000000085c00000, 0x0000000085d00000|  0%| F|  |TAMS 0x0000000085c00000, 0x0000000085c00000| Untracked 
|  93|0x0000000085d00000, 0x0000000085d00000, 0x0000000085e00000|  0%| F|  |TAMS 0x0000000085d00000, 0x0000000085d00000| Untracked 
|  94|0x0000000085e00000, 0x0000000085e00000, 0x0000000085f00000|  0%| F|  |TAMS 0x0000000085e00000, 0x0000000085e00000| Untracked 
|  95|0x0000000085f00000, 0x0000000085f00000, 0x0000000086000000|  0%| F|  |TAMS 0x0000000085f00000, 0x0000000085f00000| Untracked 
|  96|0x0000000086000000, 0x0000000086000000, 0x0000000086100000|  0%| F|  |TAMS 0x0000000086000000, 0x0000000086000000| Untracked 
|  97|0x0000000086100000, 0x0000000086100000, 0x0000000086200000|  0%| F|  |TAMS 0x0000000086100000, 0x0000000086100000| Untracked 
|  98|0x0000000086200000, 0x0000000086200000, 0x0000000086300000|  0%| F|  |TAMS 0x0000000086200000, 0x0000000086200000| Untracked 
|  99|0x0000000086300000, 0x0000000086300000, 0x0000000086400000|  0%| F|  |TAMS 0x0000000086300000, 0x0000000086300000| Untracked 
| 100|0x0000000086400000, 0x0000000086400000, 0x0000000086500000|  0%| F|  |TAMS 0x0000000086400000, 0x0000000086400000| Untracked 
| 101|0x0000000086500000, 0x0000000086500000, 0x0000000086600000|  0%| F|  |TAMS 0x0000000086500000, 0x0000000086500000| Untracked 
| 102|0x0000000086600000, 0x0000000086600000, 0x0000000086700000|  0%| F|  |TAMS 0x0000000086600000, 0x0000000086600000| Untracked 
| 103|0x0000000086700000, 0x0000000086700000, 0x0000000086800000|  0%| F|  |TAMS 0x0000000086700000, 0x0000000086700000| Untracked 
| 104|0x0000000086800000, 0x0000000086800000, 0x0000000086900000|  0%| F|  |TAMS 0x0000000086800000, 0x0000000086800000| Untracked 
| 105|0x0000000086900000, 0x000000008693c4a0, 0x0000000086a00000| 23%| E|  |TAMS 0x0000000086900000, 0x0000000086900000| Complete 
| 106|0x0000000086a00000, 0x0000000086b00000, 0x0000000086b00000|100%| E|CS|TAMS 0x0000000086a00000, 0x0000000086a00000| Complete 
| 107|0x0000000086b00000, 0x0000000086c00000, 0x0000000086c00000|100%| E|CS|TAMS 0x0000000086b00000, 0x0000000086b00000| Complete 
| 108|0x0000000086c00000, 0x0000000086d00000, 0x0000000086d00000|100%| E|CS|TAMS 0x0000000086c00000, 0x0000000086c00000| Complete 
| 109|0x0000000086d00000, 0x0000000086e00000, 0x0000000086e00000|100%| E|CS|TAMS 0x0000000086d00000, 0x0000000086d00000| Complete 
| 110|0x0000000086e00000, 0x0000000086f00000, 0x0000000086f00000|100%| E|CS|TAMS 0x0000000086e00000, 0x0000000086e00000| Complete 
| 111|0x0000000086f00000, 0x0000000087000000, 0x0000000087000000|100%| E|CS|TAMS 0x0000000086f00000, 0x0000000086f00000| Complete 
| 112|0x0000000087000000, 0x0000000087100000, 0x0000000087100000|100%| E|CS|TAMS 0x0000000087000000, 0x0000000087000000| Complete 
| 113|0x0000000087100000, 0x0000000087200000, 0x0000000087200000|100%| E|CS|TAMS 0x0000000087100000, 0x0000000087100000| Complete 
| 114|0x0000000087200000, 0x0000000087300000, 0x0000000087300000|100%| E|CS|TAMS 0x0000000087200000, 0x0000000087200000| Complete 
| 115|0x0000000087300000, 0x0000000087400000, 0x0000000087400000|100%| E|CS|TAMS 0x0000000087300000, 0x0000000087300000| Complete 
| 116|0x0000000087400000, 0x0000000087500000, 0x0000000087500000|100%| E|CS|TAMS 0x0000000087400000, 0x0000000087400000| Complete 
| 117|0x0000000087500000, 0x0000000087600000, 0x0000000087600000|100%| E|CS|TAMS 0x0000000087500000, 0x0000000087500000| Complete 

Card table byte_map: [0x0000027522430000,0x0000027522830000] _byte_map_base: 0x0000027522030000

Marking Bits (Prev, Next): (CMBitMap*) 0x000002750d0ee520, (CMBitMap*) 0x000002750d0ee4e8
 Prev Bits: [0x0000027524c30000, 0x0000027526c30000)
 Next Bits: [0x0000027522c30000, 0x0000027524c30000)

Polling page: 0x000002750d190000

Metaspace:

Usage:
  Non-class:     27.97 MB capacity,    27.46 MB ( 98%) used,   445.18 KB (  2%) free+waste,    69.00 KB ( <1%) overhead. 
      Class:      4.41 MB capacity,     4.14 MB ( 94%) used,   244.46 KB (  5%) free+waste,    34.19 KB ( <1%) overhead. 
       Both:     32.38 MB capacity,    31.60 MB ( 98%) used,   689.64 KB (  2%) free+waste,   103.19 KB ( <1%) overhead. 

Virtual space:
  Non-class space:       30.00 MB reserved,      28.17 MB ( 94%) committed 
      Class space:        1.00 GB reserved,       4.45 MB ( <1%) committed 
             Both:        1.03 GB reserved,      32.62 MB (  3%) committed 

Chunk freelists:
   Non-Class:  18.00 KB
       Class:  0 bytes
        Both:  18.00 KB

MaxMetaspaceSize: 17179869184.00 GB
CompressedClassSpaceSize: 1.00 GB
Initial GC threshold: 20.80 MB
Current GC threshold: 35.20 MB
CDS: off

CodeHeap 'non-profiled nmethods': size=120000Kb used=1427Kb max_used=1427Kb free=118572Kb
 bounds [0x0000027519e70000, 0x000002751a0e0000, 0x00000275213a0000]
CodeHeap 'profiled nmethods': size=120000Kb used=5715Kb max_used=5715Kb free=114284Kb
 bounds [0x0000027512940000, 0x0000027512ee0000, 0x0000027519e70000]
CodeHeap 'non-nmethods': size=5760Kb used=1230Kb max_used=1282Kb free=4529Kb
 bounds [0x00000275123a0000, 0x0000027512610000, 0x0000027512940000]
 total_blobs=3179 nmethods=2671 adapters=420
 compilation: enabled
              stopped_count=0, restarted_count=0
 full_count=0

Compilation events (20 events):
Event: 4.747 Thread 0x000002752995e800 2663       3       org.codehaus.groovy.util.FastArray::add (71 bytes)
Event: 4.748 Thread 0x000002752995e800 nmethod 2663 0x0000027512ecdc10 code [0x0000027512ecde00, 0x0000027512ece308]
Event: 4.748 Thread 0x000002752995e800 2653       1       org.codehaus.groovy.reflection.CachedClass::getTheClass (5 bytes)
Event: 4.748 Thread 0x000002752995e800 nmethod 2653 0x0000027519fd4510 code [0x0000027519fd46c0, 0x0000027519fd4778]
Event: 4.748 Thread 0x000002752995e800 2664       1       java.lang.ClassValue::version (5 bytes)
Event: 4.748 Thread 0x000002752995e800 nmethod 2664 0x0000027519fd4810 code [0x0000027519fd49c0, 0x0000027519fd4a78]
Event: 4.748 Thread 0x000002752995e800 2665       3       java.lang.Class::getDeclaredMethods (27 bytes)
Event: 4.748 Thread 0x000002752995e800 nmethod 2665 0x0000027512ece490 code [0x0000027512ece680, 0x0000027512ece918]
Event: 4.749 Thread 0x000002752995e800 2666       3       java.lang.PublicMethods$MethodList::getMostSpecific (63 bytes)
Event: 4.750 Thread 0x000002752995e800 nmethod 2666 0x0000027512ecea10 code [0x0000027512ecebe0, 0x0000027512eceee8]
Event: 4.750 Thread 0x000002752995e800 2667       3       org.codehaus.groovy.util.ManagedReference::<init> (40 bytes)
Event: 4.750 Thread 0x000002752995e800 nmethod 2667 0x0000027512ecf090 code [0x0000027512ecf280, 0x0000027512ecf718]
Event: 4.750 Thread 0x000002752995e800 2668       3       org.codehaus.groovy.util.ManagedReference::<init> (14 bytes)
Event: 4.751 Thread 0x000002752995e800 nmethod 2668 0x0000027512ecf890 code [0x0000027512ecfa60, 0x0000027512ecfbe8]
Event: 4.751 Thread 0x000002752995e800 2670   !   3       org.codehaus.groovy.util.LazyReference::getLocked (85 bytes)
Event: 4.753 Thread 0x000002752995e800 nmethod 2670 0x0000027512ecfd10 code [0x0000027512ed0040, 0x0000027512ed1178]
Event: 4.753 Thread 0x000002752995e800 2671       3       java.util.concurrent.locks.AbstractQueuedSynchronizer::compareAndSetState (10 bytes)
Event: 4.754 Thread 0x000002752995e800 nmethod 2671 0x0000027512ed1810 code [0x0000027512ed1a20, 0x0000027512ed1f98]
Event: 4.754 Thread 0x000002752995e800 2672       3       org.codehaus.groovy.util.LockableObject::tryRelease (45 bytes)
Event: 4.754 Thread 0x000002752995e800 nmethod 2672 0x0000027512ed2210 code [0x0000027512ed23e0, 0x0000027512ed26a8]

GC Heap History (12 events):
Event: 0.943 GC heap before
{Heap before GC invocations=0 (full 0):
 garbage-first heap   total 120832K, used 29696K [0x0000000080000000, 0x0000000100000000)
  region size 1024K, 24 young (24576K), 0 survivors (0K)
 Metaspace       used 10160K, capacity 10391K, committed 10624K, reserved 1058816K
  class space    used 1043K, capacity 1106K, committed 1152K, reserved 1048576K
}
Event: 0.953 GC heap after
{Heap after GC invocations=1 (full 0):
 garbage-first heap   total 120832K, used 9278K [0x0000000080000000, 0x0000000100000000)
  region size 1024K, 3 young (3072K), 3 survivors (3072K)
 Metaspace       used 10160K, capacity 10391K, committed 10624K, reserved 1058816K
  class space    used 1043K, capacity 1106K, committed 1152K, reserved 1048576K
}
Event: 2.715 GC heap before
{Heap before GC invocations=1 (full 0):
 garbage-first heap   total 120832K, used 77886K [0x0000000080000000, 0x0000000100000000)
  region size 1024K, 70 young (71680K), 3 survivors (3072K)
 Metaspace       used 16740K, capacity 17134K, committed 17152K, reserved 1064960K
  class space    used 1909K, capacity 2036K, committed 2048K, reserved 1048576K
}
Event: 2.722 GC heap after
{Heap after GC invocations=2 (full 0):
 garbage-first heap   total 120832K, used 15886K [0x0000000080000000, 0x0000000100000000)
  region size 1024K, 9 young (9216K), 9 survivors (9216K)
 Metaspace       used 16740K, capacity 17134K, committed 17152K, reserved 1064960K
  class space    used 1909K, capacity 2036K, committed 2048K, reserved 1048576K
}
Event: 3.066 GC heap before
{Heap before GC invocations=2 (full 0):
 garbage-first heap   total 120832K, used 48654K [0x0000000080000000, 0x0000000100000000)
  region size 1024K, 41 young (41984K), 9 survivors (9216K)
 Metaspace       used 20145K, capacity 20590K, committed 20864K, reserved 1067008K
  class space    used 2455K, capacity 2615K, committed 2688K, reserved 1048576K
}
Event: 3.074 GC heap after
{Heap after GC invocations=3 (full 0):
 garbage-first heap   total 120832K, used 17287K [0x0000000080000000, 0x0000000100000000)
  region size 1024K, 2 young (2048K), 2 survivors (2048K)
 Metaspace       used 20145K, capacity 20590K, committed 20864K, reserved 1067008K
  class space    used 2455K, capacity 2615K, committed 2688K, reserved 1048576K
}
Event: 3.134 GC heap before
{Heap before GC invocations=3 (full 0):
 garbage-first heap   total 120832K, used 20359K [0x0000000080000000, 0x0000000100000000)
  region size 1024K, 6 young (6144K), 2 survivors (2048K)
 Metaspace       used 20729K, capacity 21187K, committed 21296K, reserved 1069056K
  class space    used 2525K, capacity 2686K, committed 2688K, reserved 1048576K
}
Event: 3.137 GC heap after
{Heap after GC invocations=4 (full 0):
 garbage-first heap   total 120832K, used 17211K [0x0000000080000000, 0x0000000100000000)
  region size 1024K, 2 young (2048K), 2 survivors (2048K)
 Metaspace       used 20729K, capacity 21187K, committed 21296K, reserved 1069056K
  class space    used 2525K, capacity 2686K, committed 2688K, reserved 1048576K
}
Event: 3.772 GC heap before
{Heap before GC invocations=5 (full 0):
 garbage-first heap   total 120832K, used 64315K [0x0000000080000000, 0x0000000100000000)
  region size 1024K, 48 young (49152K), 2 survivors (2048K)
 Metaspace       used 25576K, capacity 26220K, committed 26236K, reserved 1073152K
  class space    used 3298K, capacity 3518K, committed 3532K, reserved 1048576K
}
Event: 3.776 GC heap after
{Heap after GC invocations=6 (full 0):
 garbage-first heap   total 120832K, used 18995K [0x0000000080000000, 0x0000000100000000)
  region size 1024K, 4 young (4096K), 4 survivors (4096K)
 Metaspace       used 25576K, capacity 26220K, committed 26236K, reserved 1073152K
  class space    used 3298K, capacity 3518K, committed 3532K, reserved 1048576K
}
Event: 4.474 GC heap before
{Heap before GC invocations=6 (full 0):
 garbage-first heap   total 120832K, used 70195K [0x0000000080000000, 0x0000000100000000)
  region size 1024K, 54 young (55296K), 4 survivors (4096K)
 Metaspace       used 30136K, capacity 30823K, committed 31100K, reserved 1077248K
  class space    used 3994K, capacity 4250K, committed 4300K, reserved 1048576K
}
Event: 4.480 GC heap after
{Heap after GC invocations=7 (full 0):
 garbage-first heap   total 120832K, used 20178K [0x0000000080000000, 0x0000000100000000)
  region size 1024K, 5 young (5120K), 5 survivors (5120K)
 Metaspace       used 30136K, capacity 30823K, committed 31100K, reserved 1077248K
  class space    used 3994K, capacity 4250K, committed 4300K, reserved 1048576K
}

Deoptimization events (20 events):
Event: 3.783 Thread 0x000002752c3c0800 DEOPT PACKING pc=0x0000027519f19b6c sp=0x0000009f873fc700
Event: 3.783 Thread 0x000002752c3c0800 DEOPT UNPACKING pc=0x00000275123ea1af sp=0x0000009f873fc680 mode 2
Event: 4.176 Thread 0x000002752c3c0800 Uncommon trap: trap_request=0xffffff4d fr.pc=0x0000027519f6344c relative=0x000000000000020c
Event: 4.176 Thread 0x000002752c3c0800 Uncommon trap: reason=unstable_if action=reinterpret pc=0x0000027519f6344c method=java.util.HashMap.hash(Ljava/lang/Object;)I @ 1 c2
Event: 4.176 Thread 0x000002752c3c0800 DEOPT PACKING pc=0x0000027519f6344c sp=0x0000009f873f7950
Event: 4.176 Thread 0x000002752c3c0800 DEOPT UNPACKING pc=0x00000275123ea1af sp=0x0000009f873f7888 mode 2
Event: 4.176 Thread 0x000002752c3c0800 Uncommon trap: trap_request=0xffffff4d fr.pc=0x0000027519e8942c relative=0x000000000000008c
Event: 4.176 Thread 0x000002752c3c0800 Uncommon trap: reason=unstable_if action=reinterpret pc=0x0000027519e8942c method=java.util.HashMap.hash(Ljava/lang/Object;)I @ 1 c2
Event: 4.176 Thread 0x000002752c3c0800 DEOPT PACKING pc=0x0000027519e8942c sp=0x0000009f873f76c0
Event: 4.176 Thread 0x000002752c3c0800 DEOPT UNPACKING pc=0x00000275123ea1af sp=0x0000009f873f7658 mode 2
Event: 4.223 Thread 0x000002752c3c0800 Uncommon trap: trap_request=0xffffff4d fr.pc=0x0000027519fb4964 relative=0x00000000000001a4
Event: 4.223 Thread 0x000002752c3c0800 Uncommon trap: reason=unstable_if action=reinterpret pc=0x0000027519fb4964 method=java.util.regex.Pattern$BmpCharProperty.match(Ljava/util/regex/Matcher;ILjava/lang/CharSequence;)Z @ 39 c2
Event: 4.223 Thread 0x000002752c3c0800 DEOPT PACKING pc=0x0000027519fb4964 sp=0x0000009f873f9180
Event: 4.223 Thread 0x000002752c3c0800 DEOPT UNPACKING pc=0x00000275123ea1af sp=0x0000009f873f9130 mode 2
Event: 4.361 Thread 0x000002752c3c0800 DEOPT PACKING pc=0x0000027512d3ce79 sp=0x0000009f873f69f0
Event: 4.361 Thread 0x000002752c3c0800 DEOPT UNPACKING pc=0x00000275123ea95e sp=0x0000009f873f5f38 mode 0
Event: 4.532 Thread 0x000002752c3c0800 Uncommon trap: trap_request=0xffffff4d fr.pc=0x0000027519f586b0 relative=0x0000000000000230
Event: 4.532 Thread 0x000002752c3c0800 Uncommon trap: reason=unstable_if action=reinterpret pc=0x0000027519f586b0 method=java.util.HashMap.putVal(ILjava/lang/Object;Ljava/lang/Object;ZZ)Ljava/lang/Object; @ 162 c2
Event: 4.532 Thread 0x000002752c3c0800 DEOPT PACKING pc=0x0000027519f586b0 sp=0x0000009f873fa2b0
Event: 4.532 Thread 0x000002752c3c0800 DEOPT UNPACKING pc=0x00000275123ea1af sp=0x0000009f873fa1c0 mode 2

Classes redefined (0 events):
No events

Internal exceptions (20 events):
Event: 3.847 Thread 0x000002752c3c0800 Exception <a 'java/lang/NoSuchMethodError'{0x0000000087317ba8}: 'int java.lang.invoke.DirectMethodHandle$Holder.invokeVirtual(java.lang.Object, java.lang.Object)'> (0x0000000087317ba8) thrown at [./src/hotspot/share/interpreter/linkResolver.cpp, line 773]
Event: 3.849 Thread 0x000002752c3c0800 Exception <a 'java/lang/NoSuchMethodError'{0x0000000087330750}: 'java.lang.Object java.lang.invoke.DirectMethodHandle$Holder.invokeVirtual(java.lang.Object, java.lang.Object, java.lang.Object)'> (0x0000000087330750) thrown at [./src/hotspot/share/interpreter/linkResolver.cpp, line 773]
Event: 3.856 Thread 0x000002752c3c0800 Exception <a 'java/lang/NoSuchMethodError'{0x000000008735cc70}: 'int java.lang.invoke.DirectMethodHandle$Holder.invokeVirtual(java.lang.Object, java.lang.Object, java.lang.Object)'> (0x000000008735cc70) thrown at [./src/hotspot/share/interpreter/linkResolver.cpp, line 773]
Event: 3.887 Thread 0x000002752c3c0800 Exception <a 'java/lang/NoSuchMethodError'{0x00000000871228d8}: 'void java.lang.invoke.DirectMethodHandle$Holder.invokeSpecial(java.lang.Object, java.lang.Object)'> (0x00000000871228d8) thrown at [./src/hotspot/share/interpreter/linkResolver.cpp, line 773]
Event: 4.072 Thread 0x000002752c3c0800 Exception <a 'java/lang/NoSuchMethodError'{0x00000000863d5fa8}: 'java.lang.Object java.lang.invoke.DirectMethodHandle$Holder.invokeSpecialIFC(java.lang.Object, java.lang.Object, java.lang.Object, java.lang.Object)'> (0x00000000863d5fa8) thrown at [./src/hotspot/share/interpreter/linkResolver.cpp, line 773]
Event: 4.176 Thread 0x000002752c3c0800 Implicit null exception at 0x0000027519f63275 to 0x0000027519f6343c
Event: 4.176 Thread 0x000002752c3c0800 Implicit null exception at 0x0000027519e893af to 0x0000027519e8941d
Event: 4.227 Thread 0x000002752c3c0800 Exception <a 'java/lang/NoSuchMethodError'{0x00000000858a9228}: 'java.lang.Object java.lang.invoke.DirectMethodHandle$Holder.invokeSpecial(java.lang.Object, java.lang.Object, java.lang.Object, java.lang.Object, java.lang.Object, java.lang.Object, java.lang.Object, java.lang.Object, java.lang.Object, java.lang.Object, java.lang.Object, java.lang.Object, java.lang.Object)'> (0x00000000858a9228) thrown at [./src/hotspot/share/interpreter/linkResolver.cpp, line 773]
Event: 4.228 Thread 0x000002752c3c0800 Exception <a 'java/lang/NoSuchMethodError'{0x00000000858ba330}: 'java.lang.Object java.lang.invoke.DirectMethodHandle$Holder.invokeSpecial(java.lang.Object, java.lang.Object, java.lang.Object, java.lang.Object, java.lang.Object, java.lang.Object, java.lang.Object, java.lang.Object, java.lang.Object, java.lang.Object, java.lang.Object, java.lang.Object)'> (0x00000000858ba330) thrown at [./src/hotspot/share/interpreter/linkResolver.cpp, line 773]
Event: 4.229 Thread 0x000002752c3c0800 Exception <a 'java/lang/NoSuchMethodError'{0x00000000858bf700}: 'java.lang.Object java.lang.invoke.Invokers$Holder.linkToTargetMethod(java.lang.Object, java.lang.Object, java.lang.Object, java.lang.Object, java.lang.Object, java.lang.Object, java.lang.Object, java.lang.Object, java.lang.Object, java.lang.Object, java.lang.Object)'> (0x00000000858bf700) thrown at [./src/hotspot/share/interpreter/linkResolver.cpp, line 773]
Event: 4.236 Thread 0x000002752c3c0800 Exception <a 'java/lang/NoSuchMethodError'{0x0000000085760038}: 'java.lang.Object java.lang.invoke.DirectMethodHandle$Holder.invokeSpecial(java.lang.Object, java.lang.Object, java.lang.Object, java.lang.Object, java.lang.Object, java.lang.Object, java.lang.Object, java.lang.Object, java.lang.Object, java.lang.Object, java.lang.Object, java.lang.Object, java.lang.Object, java.lang.Object)'> (0x0000000085760038) thrown at [./src/hotspot/share/interpreter/linkResolver.cpp, line 773]
Event: 4.237 Thread 0x000002752c3c0800 Exception <a 'java/lang/NoSuchMethodError'{0x0000000085771958}: 'java.lang.Object java.lang.invoke.Invokers$Holder.linkToTargetMethod(java.lang.Object, java.lang.Object, java.lang.Object, java.lang.Object, java.lang.Object, java.lang.Object, java.lang.Object, java.lang.Object, java.lang.Object, java.lang.Object, java.lang.Object, java.lang.Object)'> (0x0000000085771958) thrown at [./src/hotspot/share/interpreter/linkResolver.cpp, line 773]
Event: 4.253 Thread 0x000002752c3c0800 Exception <a 'java/lang/NoSuchMethodError'{0x000000008565d848}: 'java.lang.Object java.lang.invoke.DirectMethodHandle$Holder.invokeStaticInit(java.lang.Object, java.lang.Object, java.lang.Object, java.lang.Object)'> (0x000000008565d848) thrown at [./src/hotspot/share/interpreter/linkResolver.cpp, line 773]
Event: 4.354 Thread 0x000002752c3c0800 Exception <a 'java/lang/NoSuchMethodError'{0x0000000084d6ac48}: 'java.lang.Object java.lang.invoke.Invokers$Holder.linkToTargetMethod(java.lang.Object, java.lang.Object, java.lang.Object, java.lang.Object, java.lang.Object, java.lang.Object, java.lang.Object, java.lang.Object)'> (0x0000000084d6ac48) thrown at [./src/hotspot/share/interpreter/linkResolver.cpp, line 773]
Event: 4.358 Thread 0x000002752c3c0800 Exception <a 'java/lang/NoSuchMethodError'{0x0000000084dc3a28}: 'java.lang.Object java.lang.invoke.Invokers$Holder.linkToTargetMethod(java.lang.Object, java.lang.Object, java.lang.Object, java.lang.Object, java.lang.Object, java.lang.Object, java.lang.Object)'> (0x0000000084dc3a28) thrown at [./src/hotspot/share/interpreter/linkResolver.cpp, line 773]
Event: 4.365 Thread 0x000002752c3c0800 Exception <a 'java/lang/IncompatibleClassChangeError'{0x0000000084c1ae68}: Found class java.lang.Object, but interface was expected> (0x0000000084c1ae68) thrown at [./src/hotspot/share/interpreter/linkResolver.cpp, line 839]
Event: 4.676 Thread 0x000002752c3c0800 Exception <a 'java/lang/NoSuchMethodError'{0x0000000086b2eb70}: 'void java.lang.invoke.DirectMethodHandle$Holder.invokeStaticInit(java.lang.Object, java.lang.Object, java.lang.Object)'> (0x0000000086b2eb70) thrown at [./src/hotspot/share/interpreter/linkResolver.cpp, line 773]
Event: 4.677 Thread 0x000002752c3c0800 Exception <a 'java/lang/NoSuchMethodError'{0x0000000086b35dc8}: 'void java.lang.invoke.DirectMethodHandle$Holder.invokeStaticInit(java.lang.Object, java.lang.Object, java.lang.Object, java.lang.Object)'> (0x0000000086b35dc8) thrown at [./src/hotspot/share/interpreter/linkResolver.cpp, line 773]
Event: 4.682 Thread 0x000002752c3c0800 Exception <a 'java/lang/NoSuchMethodError'{0x0000000086b58500}: 'void java.lang.invoke.DirectMethodHandle$Holder.invokeStaticInit(java.lang.Object, java.lang.Object, java.lang.Object, java.lang.Object, java.lang.Object)'> (0x0000000086b58500) thrown at [./src/hotspot/share/interpreter/linkResolver.cpp, line 773]
Event: 4.730 Thread 0x000002752c3c0800 Exception <a 'java/lang/NoSuchMethodError'{0x0000000086bb72c8}: 'int java.lang.invoke.DirectMethodHandle$Holder.invokeStaticInit(java.lang.Object, java.lang.Object, java.lang.Object, java.lang.Object)'> (0x0000000086bb72c8) thrown at [./src/hotspot/share/interpreter/linkResolver.cpp, line 773]

Events (20 events):
Event: 4.665 loading class org/codehaus/groovy/runtime/DefaultGroovyMethodsSupport
Event: 4.665 loading class org/codehaus/groovy/runtime/DefaultGroovyMethodsSupport done
Event: 4.667 loading class jdk/internal/module/SystemModules$all
Event: 4.670 loading class jdk/internal/module/SystemModules$all done
Event: 4.675 loading class java/util/Spliterators$IteratorSpliterator
Event: 4.675 loading class java/util/Spliterators$IteratorSpliterator done
Event: 4.704 Thread 0x000002752d306000 Thread added: 0x000002752d306000
Event: 4.729 loading class org/codehaus/groovy/reflection/ReflectionUtils$ClassContextHelper
Event: 4.729 loading class org/codehaus/groovy/reflection/ReflectionUtils$ClassContextHelper done
Event: 4.738 loading class org/codehaus/groovy/reflection/CachedMethod$MyComparator
Event: 4.738 loading class org/codehaus/groovy/reflection/CachedMethod$MyComparator done
Event: 4.740 loading class org/codehaus/groovy/reflection/CachedClass$CachedMethodComparatorByName
Event: 4.740 loading class org/codehaus/groovy/reflection/CachedClass$CachedMethodComparatorByName done
Event: 4.743 loading class java/lang/ClassFormatError
Event: 4.743 loading class java/lang/ClassFormatError done
Event: 4.752 loading class java/lang/ProcessHandle$Info
Event: 4.752 loading class java/lang/ProcessHandle$Info done
Event: 4.752 loading class java/util/concurrent/CompletableFuture
Event: 4.754 loading class java/util/concurrent/CompletionStage
Event: 4.754 loading class java/util/concurrent/CompletionStage done


Dynamic libraries:
0x00007ff7ef540000 - 0x00007ff7ef54a000 	C:\Program Files\Android\Android Studio\jre\bin\java.exe
0x00007fffa4e60000 - 0x00007fffa5069000 	C:\WINDOWS\SYSTEM32\ntdll.dll
0x00007fffa2f80000 - 0x00007fffa303e000 	C:\WINDOWS\System32\KERNEL32.DLL
0x00007fffa2660000 - 0x00007fffa29db000 	C:\WINDOWS\System32\KERNELBASE.dll
0x00007fffa2bc0000 - 0x00007fffa2cd1000 	C:\WINDOWS\System32\ucrtbase.dll
0x00007fff9cff0000 - 0x00007fff9d009000 	C:\Program Files\Android\Android Studio\jre\bin\jli.dll
0x00007fff9d0b0000 - 0x00007fff9d0c7000 	C:\Program Files\Android\Android Studio\jre\bin\VCRUNTIME140.dll
0x00007fffa2ce0000 - 0x00007fffa2e8d000 	C:\WINDOWS\System32\USER32.dll
0x00007fffa2450000 - 0x00007fffa2476000 	C:\WINDOWS\System32\win32u.dll
0x00007fff99ac0000 - 0x00007fff99d65000 	C:\WINDOWS\WinSxS\amd64_microsoft.windows.common-controls_6595b64144ccf1df_6.0.22000.120_none_9d947278b86cc467\COMCTL32.dll
0x00007fffa38c0000 - 0x00007fffa38e9000 	C:\WINDOWS\System32\GDI32.dll
0x00007fffa3a80000 - 0x00007fffa3b23000 	C:\WINDOWS\System32\msvcrt.dll
0x00007fffa2480000 - 0x00007fffa2598000 	C:\WINDOWS\System32\gdi32full.dll
0x00007fffa2330000 - 0x00007fffa23cd000 	C:\WINDOWS\System32\msvcp_win.dll
0x00007fffa3a40000 - 0x00007fffa3a72000 	C:\WINDOWS\System32\IMM32.DLL
0x00007fff920b0000 - 0x00007fff9214d000 	C:\Program Files\Android\Android Studio\jre\bin\msvcp140.dll
0x00007fff57280000 - 0x00007fff57d82000 	C:\Program Files\Android\Android Studio\jre\bin\server\jvm.dll
0x00007fffa3810000 - 0x00007fffa38be000 	C:\WINDOWS\System32\ADVAPI32.dll
0x00007fffa3770000 - 0x00007fffa380e000 	C:\WINDOWS\System32\sechost.dll
0x00007fffa4c70000 - 0x00007fffa4d90000 	C:\WINDOWS\System32\RPCRT4.dll
0x00007fffa4650000 - 0x00007fffa4658000 	C:\WINDOWS\System32\PSAPI.DLL
0x00007fff9cea0000 - 0x00007fff9ced3000 	C:\WINDOWS\SYSTEM32\WINMM.dll
0x00007fff9daa0000 - 0x00007fff9daa9000 	C:\WINDOWS\SYSTEM32\WSOCK32.dll
0x00007fff9c460000 - 0x00007fff9c46a000 	C:\WINDOWS\SYSTEM32\VERSION.dll
0x00007fffa31d0000 - 0x00007fffa323f000 	C:\WINDOWS\System32\WS2_32.dll
0x00007fffa1420000 - 0x00007fffa1438000 	C:\WINDOWS\SYSTEM32\kernel.appcore.dll
0x00007fff964a0000 - 0x00007fff964b1000 	C:\Program Files\Android\Android Studio\jre\bin\verify.dll
0x00007fff99e30000 - 0x00007fff9a051000 	C:\WINDOWS\SYSTEM32\DBGHELP.DLL
0x00007fff966e0000 - 0x00007fff96711000 	C:\WINDOWS\SYSTEM32\dbgcore.DLL
0x00007fffa23d0000 - 0x00007fffa244f000 	C:\WINDOWS\System32\bcryptPrimitives.dll
0x00007fff92760000 - 0x00007fff92789000 	C:\Program Files\Android\Android Studio\jre\bin\java.dll
0x00007fff9d7b0000 - 0x00007fff9d7bb000 	C:\Program Files\Android\Android Studio\jre\bin\jimage.dll
0x00007fff96480000 - 0x00007fff96498000 	C:\Program Files\Android\Android Studio\jre\bin\zip.dll
0x00007fffa3cb0000 - 0x00007fffa4467000 	C:\WINDOWS\System32\SHELL32.dll
0x00007fffa0420000 - 0x00007fffa0c85000 	C:\WINDOWS\SYSTEM32\windows.storage.dll
0x00007fffa48f0000 - 0x00007fffa4c68000 	C:\WINDOWS\System32\combase.dll
0x00007fffa02b0000 - 0x00007fffa0416000 	C:\WINDOWS\SYSTEM32\wintypes.dll
0x00007fffa3950000 - 0x00007fffa3a3a000 	C:\WINDOWS\System32\SHCORE.dll
0x00007fffa4880000 - 0x00007fffa48dd000 	C:\WINDOWS\System32\shlwapi.dll
0x00007fffa2260000 - 0x00007fffa2281000 	C:\WINDOWS\SYSTEM32\profapi.dll
0x00007fff92740000 - 0x00007fff9275a000 	C:\Program Files\Android\Android Studio\jre\bin\net.dll
0x00007fff9e450000 - 0x00007fff9e564000 	C:\WINDOWS\SYSTEM32\WINHTTP.dll
0x00007fffa18c0000 - 0x00007fffa1927000 	C:\WINDOWS\system32\mswsock.dll
0x00007fff92720000 - 0x00007fff92734000 	C:\Program Files\Android\Android Studio\jre\bin\nio.dll
0x00007fff95f20000 - 0x00007fff95f47000 	C:\Users\Veronica\.gradle\native\e1d6ef7f7dcc3fd88c89a11ec53ec762bb8ba0a96d01ffa2cd45eb1d1d8dd5c5\windows-amd64\native-platform.dll
0x00007fff74e50000 - 0x00007fff74f94000 	C:\Users\Veronica\.gradle\native\0d407fdbe67a94daf76414ababcb853783967236a71b16ec16e742cd7a986fd3\windows-amd64\native-platform-file-events.dll
0x00007fff9d790000 - 0x00007fff9d79a000 	C:\Program Files\Android\Android Studio\jre\bin\management.dll
0x00007fff9d060000 - 0x00007fff9d06d000 	C:\Program Files\Android\Android Studio\jre\bin\management_ext.dll
0x00007fffa1b10000 - 0x00007fffa1b28000 	C:\WINDOWS\SYSTEM32\CRYPTSP.dll
0x00007fffa1380000 - 0x00007fffa13b5000 	C:\WINDOWS\system32\rsaenh.dll
0x00007fffa19b0000 - 0x00007fffa19d9000 	C:\WINDOWS\SYSTEM32\USERENV.dll
0x00007fffa1d10000 - 0x00007fffa1d37000 	C:\WINDOWS\SYSTEM32\bcrypt.dll
0x00007fffa1b00000 - 0x00007fffa1b0c000 	C:\WINDOWS\SYSTEM32\CRYPTBASE.dll
0x00007fffa0ed0000 - 0x00007fffa0efd000 	C:\WINDOWS\SYSTEM32\IPHLPAPI.DLL
0x00007fffa3c40000 - 0x00007fffa3c49000 	C:\WINDOWS\System32\NSI.dll
0x00007fff9ce80000 - 0x00007fff9ce99000 	C:\WINDOWS\SYSTEM32\dhcpcsvc6.DLL
0x00007fff9d2e0000 - 0x00007fff9d2fe000 	C:\WINDOWS\SYSTEM32\dhcpcsvc.DLL
0x00007fffa0f00000 - 0x00007fffa0fe8000 	C:\WINDOWS\SYSTEM32\DNSAPI.dll

dbghelp: loaded successfully - version: 4.0.5 - missing functions: none
symbol engine: initialized successfully - sym options: 0x614 - pdb path: .;C:\Program Files\Android\Android Studio\jre\bin;C:\WINDOWS\SYSTEM32;C:\WINDOWS\WinSxS\amd64_microsoft.windows.common-controls_6595b64144ccf1df_6.0.22000.120_none_9d947278b86cc467;C:\Program Files\Android\Android Studio\jre\bin\server;C:\Users\Veronica\.gradle\native\e1d6ef7f7dcc3fd88c89a11ec53ec762bb8ba0a96d01ffa2cd45eb1d1d8dd5c5\windows-amd64;C:\Users\Veronica\.gradle\native\0d407fdbe67a94daf76414ababcb853783967236a71b16ec16e742cd7a986fd3\windows-amd64

VM Arguments:
jvm_args: --add-opens=java.base/java.util=ALL-UNNAMED --add-opens=java.base/java.lang=ALL-UNNAMED --add-opens=java.base/java.lang.invoke=ALL-UNNAMED --add-opens=java.base/java.util=ALL-UNNAMED --add-opens=java.prefs/java.util.prefs=ALL-UNNAMED --add-opens=java.prefs/java.util.prefs=ALL-UNNAMED --add-opens=java.base/java.nio.charset=ALL-UNNAMED --add-opens=java.base/java.net=ALL-UNNAMED --add-opens=java.base/java.util.concurrent.atomic=ALL-UNNAMED -Xmx2048m -Dfile.encoding=UTF-8 -Duser.country=ES -Duser.language=es -Duser.variant 
java_command: org.gradle.launcher.daemon.bootstrap.GradleDaemon 7.4
java_class_path (initial): C:\Users\Veronica\.gradle\wrapper\dists\gradle-7.4-bin\c0gwcg53nkjbqw7r0h0umtfvt\gradle-7.4\lib\gradle-launcher-7.4.jar
Launcher Type: SUN_STANDARD

[Global flags]
     intx CICompilerCount                          = 4                                         {product} {ergonomic}
     uint ConcGCThreads                            = 3                                         {product} {ergonomic}
     uint G1ConcRefinementThreads                  = 10                                        {product} {ergonomic}
   size_t G1HeapRegionSize                         = 1048576                                   {product} {ergonomic}
    uintx GCDrainStackTargetSize                   = 64                                        {product} {ergonomic}
   size_t InitialHeapSize                          = 123731968                                 {product} {ergonomic}
   size_t MarkStackSize                            = 4194304                                   {product} {ergonomic}
   size_t MaxHeapSize                              = 2147483648                                {product} {command line}
   size_t MaxNewSize                               = 1287651328                                {product} {ergonomic}
   size_t MinHeapDeltaBytes                        = 1048576                                   {product} {ergonomic}
    uintx NonNMethodCodeHeapSize                   = 5836300                                {pd product} {ergonomic}
    uintx NonProfiledCodeHeapSize                  = 122910970                              {pd product} {ergonomic}
    uintx ProfiledCodeHeapSize                     = 122910970                              {pd product} {ergonomic}
    uintx ReservedCodeCacheSize                    = 251658240                              {pd product} {ergonomic}
     bool SegmentedCodeCache                       = true                                      {product} {ergonomic}
     bool UseCompressedClassPointers               = true                                 {lp64_product} {ergonomic}
     bool UseCompressedOops                        = true                                 {lp64_product} {ergonomic}
     bool UseG1GC                                  = true                                      {product} {ergonomic}
     bool UseLargePagesIndividualAllocation        = false                                  {pd product} {ergonomic}

Logging:
Log output configuration:
 #0: stdout all=warning uptime,level,tags
 #1: stderr all=off uptime,level,tags

Environment Variables:
JAVA_HOME=C:\Program Files\Java\jdk1.7.0_80
PATH=C:\ProgramData\Oracle\Java\javapath;C:\oraclexe\app\oracle\product\11.2.0\server\bin;C:\Program Files\Common Files\Oracle\Java\javapath;C:\WINDOWS\system32;C:\WINDOWS;C:\WINDOWS\System32\Wbem;C:\WINDOWS\System32\WindowsPowerShell\v1.0\;C:\WINDOWS\System32\OpenSSH\;C:\Program Files\Git\cmd;C:\Program Files\dotnet\;C:\Users\Veronica\AppData\Local\Microsoft\WindowsApps;;C:\Users\Veronica\AppData\Local\Programs\Microsoft VS Code\bin;C:\Users\Veronica\.dotnet\tools
USERNAME=Veronica
OS=Windows_NT
PROCESSOR_IDENTIFIER=AMD64 Family 23 Model 104 Stepping 1, AuthenticAMD



---------------  S Y S T E M  ---------------

OS: Windows 11 , 64 bit Build 22000 (10.0.22000.1335)
OS uptime: 1 days 17:03 hours

CPU:total 12 (initial active 12) (12 cores per cpu, 2 threads per core) family 23 model 104 stepping 1 microcode 0x0, cmov, cx8, fxsr, mmx, sse, sse2, sse3, ssse3, sse4.1, sse4.2, popcnt, avx, avx2, aes, clmul, mmxext, 3dnowpref, lzcnt, sse4a, ht, tsc, tscinvbit, tscinv, bmi1, bmi2, adx, sha, fma

Memory: 4k page, system-wide physical 7528M (730M free)
TotalPageFile size 11370M (AvailPageFile size 5M)
current process WorkingSet (physical memory assigned to process): 232M, peak: 232M
current process commit charge ("private bytes"): 300M, peak: 300M

vm_info: OpenJDK 64-Bit Server VM (11.0.13+0-b1751.21-8125866) for windows-amd64 JRE (11.0.13+0-b1751.21-8125866), built on Feb  2 2022 03:00:22 by "builder" with MS VC++ 14.0 (VS2015)

END.
