#
# There is insufficient memory for the Java Runtime Environment to continue.
# Native memory allocation (malloc) failed to allocate 1206256 bytes for Chunk::new
# Possible reasons:
#   The system is out of physical RAM or swap space
#   The process is running with CompressedOops enabled, and the Java Heap may be blocking the growth of the native heap
# Possible solutions:
#   Reduce memory load on the system
#   Increase physical memory or swap space
#   Check if swap backing store is full
#   Decrease Java heap size (-Xmx/-Xms)
#   Decrease number of Java threads
#   Decrease Java thread stack sizes (-Xss)
#   Set larger code cache with -XX:ReservedCodeCacheSize=
#   JVM is running with Unscaled Compressed Oops mode in which the Java heap is
#     placed in the first 4GB address space. The Java Heap base address is the
#     maximum limit for the native heap growth. Please use -XX:HeapBaseMinAddress
#     to set the Java Heap base and to place the Java Heap above 4GB virtual address.
# This output file may be truncated or incomplete.
#
#  Out of Memory Error (./src/hotspot/share/memory/arena.cpp:197), pid=14300, tid=11144
#
# JRE version: OpenJDK Runtime Environment (11.0.13) (build 11.0.13+0-b1751.21-8125866)
# Java VM: OpenJDK 64-Bit Server VM (11.0.13+0-b1751.21-8125866, mixed mode, tiered, compressed oops, g1 gc, windows-amd64)
# No core dump will be written. Minidumps are not enabled by default on client versions of Windows
#

---------------  S U M M A R Y ------------

Command Line: --add-opens=java.base/java.util=ALL-UNNAMED --add-opens=java.base/java.lang=ALL-UNNAMED --add-opens=java.base/java.lang.invoke=ALL-UNNAMED --add-opens=java.base/java.util=ALL-UNNAMED --add-opens=java.prefs/java.util.prefs=ALL-UNNAMED --add-opens=java.prefs/java.util.prefs=ALL-UNNAMED --add-opens=java.base/java.nio.charset=ALL-UNNAMED --add-opens=java.base/java.net=ALL-UNNAMED --add-opens=java.base/java.util.concurrent.atomic=ALL-UNNAMED -Xmx2048m -Dfile.encoding=UTF-8 -Duser.country=ES -Duser.language=es -Duser.variant org.gradle.launcher.daemon.bootstrap.GradleDaemon 7.4

Host: AMD Ryzen 5 5500U with Radeon Graphics         , 12 cores, 7G,  Windows 11 , 64 bit Build 22000 (10.0.22000.1335)
Time: Sat Feb 11 13:41:17 2023 Hora estándar romance elapsed time: 8.888061 seconds (0d 0h 0m 8s)

---------------  T H R E A D  ---------------

Current thread (0x000001f9d2cba000):  JavaThread "C2 CompilerThread0" daemon [_thread_in_native, id=11144, stack(0x000000667ad00000,0x000000667ae00000)]


Current CompileTask:
C2:   8888 5551   !   4       com.google.common.reflect.TypeVisitor::visit (244 bytes)

Stack: [0x000000667ad00000,0x000000667ae00000]
Native frames: (J=compiled Java code, j=interpreted, Vv=VM code, C=native code)
V  [jvm.dll+0x6100fa]
V  [jvm.dll+0x747090]
V  [jvm.dll+0x7486ad]
V  [jvm.dll+0x748d83]
V  [jvm.dll+0x24ab48]
V  [jvm.dll+0xc04dc]
V  [jvm.dll+0xc0a0c]
V  [jvm.dll+0x35eb5b]
V  [jvm.dll+0x19d7bc]
V  [jvm.dll+0x2033be]
V  [jvm.dll+0x202437]
V  [jvm.dll+0x188e01]
V  [jvm.dll+0x21106b]
V  [jvm.dll+0x20f8c1]
V  [jvm.dll+0x70de0f]
V  [jvm.dll+0x706a75]
V  [jvm.dll+0x60ed66]
C  [ucrtbase.dll+0x26c0c]
C  [KERNEL32.DLL+0x155a0]
C  [ntdll.dll+0x485b]


---------------  P R O C E S S  ---------------

Threads class SMR info:
_java_thread_list=0x000001f9d308fd10, length=166, elements={
0x000001f9b7a20800, 0x000001f9d2300000, 0x000001f9d2301000, 0x000001f9d2cb4800,
0x000001f9d2cb5800, 0x000001f9d2cb6800, 0x000001f9d2cba000, 0x000001f9d2cbb000,
0x000001f9d2cc0000, 0x000001f9d2e13800, 0x000001f9d51e5800, 0x000001f9d32de000,
0x000001f9d2eec800, 0x000001f9d4069000, 0x000001f9d4ea3000, 0x000001f9d4ed5800,
0x000001f9d5172000, 0x000001f9d4d2b000, 0x000001f9d4694800, 0x000001f9d53f5000,
0x000001f9d53f2800, 0x000001f9d53ef000, 0x000001f9d53f5800, 0x000001f9d588f000,
0x000001f9d53f0000, 0x000001f9d53f3000, 0x000001f9d53f4000, 0x000001f9d53f1000,
0x000001f9d53f1800, 0x000001f9d6ffc800, 0x000001f9d6ffe000, 0x000001f9d6ffd000,
0x000001f9d7003800, 0x000001f9d6ffe800, 0x000001f9d7005000, 0x000001f9d7008800,
0x000001f9d7007800, 0x000001f9d7006000, 0x000001f9d700a000, 0x000001f9d7007000,
0x000001f9d7009800, 0x000001f9d700b000, 0x000001f9da89a800, 0x000001f9da89d800,
0x000001f9da89c000, 0x000001f9da89b000, 0x000001f9da89e800, 0x000001f9da89d000,
0x000001f9da898800, 0x000001f9da89f000, 0x000001f9da899800, 0x000001f9da8a1800,
0x000001f9da8a6000, 0x000001f9da8a1000, 0x000001f9da8a0000, 0x000001f9da8a5000,
0x000001f9da8a3800, 0x000001f9da8a7800, 0x000001f9da8a2800, 0x000001f9da8a6800,
0x000001f9da8a4000, 0x000001f9d88a1800, 0x000001f9d889f800, 0x000001f9d88a2000,
0x000001f9d88a0800, 0x000001f9d88a3000, 0x000001f9d889e000, 0x000001f9d889f000,
0x000001f9d889d800, 0x000001f9d88a8000, 0x000001f9d88a6000, 0x000001f9d88a8800,
0x000001f9d88a7000, 0x000001f9d88a4000, 0x000001f9d88a9800, 0x000001f9d88a4800,
0x000001f9d88aa800, 0x000001f9d88a5800, 0x000001f9d88ab000, 0x000001f9d88ac000,
0x000001f9d6b88800, 0x000001f9d6b89000, 0x000001f9d6b84800, 0x000001f9d6b8b000,
0x000001f9d6b87000, 0x000001f9d6b85000, 0x000001f9d6b87800, 0x000001f9d6b8b800,
0x000001f9d6b8a000, 0x000001f9d6b86000, 0x000001f9d6b92000, 0x000001f9d6b8f000,
0x000001f9d6b90800, 0x000001f9d6b8c800, 0x000001f9d6b90000, 0x000001f9d6b93000,
0x000001f9d6b8e000, 0x000001f9d6b8d800, 0x000001f9d6b91800, 0x000001f9d8a00000,
0x000001f9d89fd000, 0x000001f9d89fe800, 0x000001f9d89ff800, 0x000001f9d89fe000,
0x000001f9d8a01000, 0x000001f9d8a02000, 0x000001f9d89fc000, 0x000001f9d8a03800,
0x000001f9d8a04800, 0x000001f9d8a05000, 0x000001f9d8a02800, 0x000001f9d8a09000,
0x000001f9d8a07000, 0x000001f9d8a08800, 0x000001f9d8a06000, 0x000001f9d8a07800,
0x000001f9d8a0a000, 0x000001f9d8a0b000, 0x000001f9dac6e800, 0x000001f9dac73000,
0x000001f9dac71000, 0x000001f9dac6f800, 0x000001f9dac72000, 0x000001f9dac70800,
0x000001f9dac6d000, 0x000001f9dac73800, 0x000001f9dac6e000, 0x000001f9dac78800,
0x000001f9dac77000, 0x000001f9dac77800, 0x000001f9dac76000, 0x000001f9dac75800,
0x000001f9dac79800, 0x000001f9dac7a000, 0x000001f9dac74800, 0x000001f9dac7b000,
0x000001f9dac7c000, 0x000001f9dab54000, 0x000001f9dab53000, 0x000001f9dab55000,
0x000001f9dab55800, 0x000001f9dab56800, 0x000001f9dab57000, 0x000001f9dab51800,
0x000001f9dab52800, 0x000001f9dab5d800, 0x000001f9dab5b800, 0x000001f9dab58000,
0x000001f9dab5c000, 0x000001f9dab5e800, 0x000001f9dab59000, 0x000001f9dab5d000,
0x000001f9dab5f800, 0x000001f9dab59800, 0x000001f9dab60000, 0x000001f9dab5a800,
0x000001f9d724a000, 0x000001f9d724b000, 0x000001f9d724c000, 0x000001f9d7247000,
0x000001f9d7246000, 0x000001f9d724c800, 0x000001f9d724d800, 0x000001f9d7248800,
0x000001f9d7247800, 0x000001f9d724e000
}

Java Threads: ( => current thread )
  0x000001f9b7a20800 JavaThread "main" [_thread_blocked, id=14316, stack(0x000000667a100000,0x000000667a200000)]
  0x000001f9d2300000 JavaThread "Reference Handler" daemon [_thread_blocked, id=4252, stack(0x000000667a800000,0x000000667a900000)]
  0x000001f9d2301000 JavaThread "Finalizer" daemon [_thread_blocked, id=17000, stack(0x000000667a900000,0x000000667aa00000)]
  0x000001f9d2cb4800 JavaThread "Signal Dispatcher" daemon [_thread_blocked, id=2312, stack(0x000000667aa00000,0x000000667ab00000)]
  0x000001f9d2cb5800 JavaThread "Attach Listener" daemon [_thread_blocked, id=4856, stack(0x000000667ab00000,0x000000667ac00000)]
  0x000001f9d2cb6800 JavaThread "Service Thread" daemon [_thread_blocked, id=1680, stack(0x000000667ac00000,0x000000667ad00000)]
=>0x000001f9d2cba000 JavaThread "C2 CompilerThread0" daemon [_thread_in_native, id=11144, stack(0x000000667ad00000,0x000000667ae00000)]
  0x000001f9d2cbb000 JavaThread "C1 CompilerThread0" daemon [_thread_in_native, id=8560, stack(0x000000667ae00000,0x000000667af00000)]
  0x000001f9d2cc0000 JavaThread "Sweeper thread" daemon [_thread_blocked, id=14860, stack(0x000000667af00000,0x000000667b000000)]
  0x000001f9d2e13800 JavaThread "Common-Cleaner" daemon [_thread_blocked, id=9240, stack(0x000000667b000000,0x000000667b100000)]
  0x000001f9d51e5800 JavaThread "Daemon health stats" [_thread_blocked, id=1992, stack(0x000000667b500000,0x000000667b600000)]
  0x000001f9d32de000 JavaThread "Incoming local TCP Connector on port 54783" [_thread_in_native, id=3232, stack(0x000000667b200000,0x000000667b300000)]
  0x000001f9d2eec800 JavaThread "Daemon periodic checks" [_thread_blocked, id=16476, stack(0x000000667b300000,0x000000667b400000)]
  0x000001f9d4069000 JavaThread "Daemon" [_thread_blocked, id=13672, stack(0x000000667b600000,0x000000667b700000)]
  0x000001f9d4ea3000 JavaThread "Handler for socket connection from /127.0.0.1:54783 to /127.0.0.1:54784" [_thread_in_native, id=6312, stack(0x000000667b700000,0x000000667b800000)]
  0x000001f9d4ed5800 JavaThread "Cancel handler" [_thread_blocked, id=10736, stack(0x000000667b800000,0x000000667b900000)]
  0x000001f9d5172000 JavaThread "Daemon worker" [_thread_in_vm, id=3932, stack(0x000000667b900000,0x000000667ba00000)]
  0x000001f9d4d2b000 JavaThread "Asynchronous log dispatcher for DefaultDaemonConnection: socket connection from /127.0.0.1:54783 to /127.0.0.1:54784" [_thread_blocked, id=10152, stack(0x000000667c300000,0x000000667c400000)]
  0x000001f9d4694800 JavaThread "Stdin handler" [_thread_blocked, id=12240, stack(0x000000667c400000,0x000000667c500000)]
  0x000001f9d53f5000 JavaThread "Daemon client event forwarder" [_thread_blocked, id=6916, stack(0x000000667c500000,0x000000667c600000)]
  0x000001f9d53f2800 JavaThread "Cache worker for journal cache (C:\Users\Veronica\.gradle\caches\journal-1)" [_thread_blocked, id=13404, stack(0x000000667c600000,0x000000667c700000)]
  0x000001f9d53ef000 JavaThread "File lock request listener" [_thread_in_native, id=8712, stack(0x000000667c700000,0x000000667c800000)]
  0x000001f9d53f5800 JavaThread "Cache worker for file hash cache (C:\Users\Veronica\.gradle\caches\7.4\fileHashes)" [_thread_blocked, id=16392, stack(0x000000667c800000,0x000000667c900000)]
  0x000001f9d588f000 JavaThread "C2 CompilerThread1" daemon [_thread_in_native, id=8116, stack(0x000000667cb00000,0x000000667cc00000)]
  0x000001f9d53f0000 JavaThread "File watcher server" daemon [_thread_in_native, id=2000, stack(0x000000667cc00000,0x000000667cd00000)]
  0x000001f9d53f3000 JavaThread "File watcher consumer" daemon [_thread_blocked, id=9504, stack(0x000000667cd00000,0x000000667ce00000)]
  0x000001f9d53f4000 JavaThread "Cache worker for checksums cache (C:\Users\Veronica\AndroidStudioProjects\SocketsPSP\.gradle\7.4\checksums)" [_thread_blocked, id=10680, stack(0x000000667ce00000,0x000000667cf00000)]
  0x000001f9d53f1000 JavaThread "Cache worker for cache directory md-rule (C:\Users\Veronica\.gradle\caches\7.4\md-rule)" [_thread_blocked, id=12920, stack(0x000000667cf00000,0x000000667d000000)]
  0x000001f9d53f1800 JavaThread "Cache worker for file hash cache (C:\Users\Veronica\AndroidStudioProjects\SocketsPSP\.gradle\7.4\fileHashes)" [_thread_blocked, id=4340, stack(0x000000667d000000,0x000000667d100000)]
  0x000001f9d6ffc800 JavaThread "Cache worker for cache directory md-supplier (C:\Users\Veronica\.gradle\caches\7.4\md-supplier)" [_thread_blocked, id=2872, stack(0x000000667d100000,0x000000667d200000)]
  0x000001f9d6ffe000 JavaThread "Cache worker for execution history cache (C:\Users\Veronica\.gradle\caches\7.4\executionHistory)" [_thread_blocked, id=220, stack(0x000000667d200000,0x000000667d300000)]
  0x000001f9d6ffd000 JavaThread "jar transforms" [_thread_blocked, id=11444, stack(0x000000667d300000,0x000000667d400000)]
  0x000001f9d7003800 JavaThread "Cache worker for file content cache (C:\Users\Veronica\.gradle\caches\7.4\fileContent)" [_thread_blocked, id=6976, stack(0x000000667d400000,0x000000667d500000)]
  0x000001f9d6ffe800 JavaThread "jar transforms Thread 2" [_thread_blocked, id=12632, stack(0x000000667d500000,0x000000667d600000)]
  0x000001f9d7005000 JavaThread "Cache worker for dependencies-accessors (C:\Users\Veronica\AndroidStudioProjects\SocketsPSP\.gradle\7.4\dependencies-accessors)" [_thread_blocked, id=2228, stack(0x000000667d600000,0x000000667d700000)]
  0x000001f9d7008800 JavaThread "jar transforms Thread 3" [_thread_blocked, id=6216, stack(0x000000667d700000,0x000000667d800000)]
  0x000001f9d7007800 JavaThread "Cache worker for Build Output Cleanup Cache (C:\Users\Veronica\AndroidStudioProjects\SocketsPSP\.gradle\buildOutputCleanup)" [_thread_blocked, id=7380, stack(0x000000667d800000,0x000000667d900000)]
  0x000001f9d7006000 JavaThread "Unconstrained build operations" [_thread_blocked, id=17296, stack(0x000000667d900000,0x000000667da00000)]
  0x000001f9d700a000 JavaThread "Unconstrained build operations Thread 2" [_thread_blocked, id=8004, stack(0x000000667da00000,0x000000667db00000)]
  0x000001f9d7007000 JavaThread "Unconstrained build operations Thread 3" [_thread_blocked, id=13268, stack(0x000000667db00000,0x000000667dc00000)]
  0x000001f9d7009800 JavaThread "Unconstrained build operations Thread 4" [_thread_blocked, id=16284, stack(0x000000667dc00000,0x000000667dd00000)]
  0x000001f9d700b000 JavaThread "Unconstrained build operations Thread 5" [_thread_blocked, id=10776, stack(0x000000667dd00000,0x000000667de00000)]
  0x000001f9da89a800 JavaThread "Unconstrained build operations Thread 6" [_thread_blocked, id=4328, stack(0x000000667de00000,0x000000667df00000)]
  0x000001f9da89d800 JavaThread "Unconstrained build operations Thread 7" [_thread_blocked, id=3588, stack(0x000000667df00000,0x000000667e000000)]
  0x000001f9da89c000 JavaThread "Unconstrained build operations Thread 8" [_thread_blocked, id=9856, stack(0x000000667e000000,0x000000667e100000)]
  0x000001f9da89b000 JavaThread "Unconstrained build operations Thread 9" [_thread_blocked, id=7096, stack(0x000000667e100000,0x000000667e200000)]
  0x000001f9da89e800 JavaThread "Unconstrained build operations Thread 10" [_thread_blocked, id=14428, stack(0x000000667e200000,0x000000667e300000)]
  0x000001f9da89d000 JavaThread "Unconstrained build operations Thread 11" [_thread_blocked, id=8780, stack(0x000000667e300000,0x000000667e400000)]
  0x000001f9da898800 JavaThread "Unconstrained build operations Thread 12" [_thread_blocked, id=8664, stack(0x000000667e400000,0x000000667e500000)]
  0x000001f9da89f000 JavaThread "Unconstrained build operations Thread 13" [_thread_blocked, id=16368, stack(0x000000667e500000,0x000000667e600000)]
  0x000001f9da899800 JavaThread "Unconstrained build operations Thread 14" [_thread_blocked, id=2436, stack(0x000000667e600000,0x000000667e700000)]
  0x000001f9da8a1800 JavaThread "Unconstrained build operations Thread 15" [_thread_blocked, id=10380, stack(0x000000667e700000,0x000000667e800000)]
  0x000001f9da8a6000 JavaThread "Unconstrained build operations Thread 16" [_thread_blocked, id=2656, stack(0x000000667e800000,0x000000667e900000)]
  0x000001f9da8a1000 JavaThread "Unconstrained build operations Thread 17" [_thread_blocked, id=8772, stack(0x000000667e900000,0x000000667ea00000)]
  0x000001f9da8a0000 JavaThread "Unconstrained build operations Thread 18" [_thread_blocked, id=13560, stack(0x000000667ea00000,0x000000667eb00000)]
  0x000001f9da8a5000 JavaThread "Unconstrained build operations Thread 19" [_thread_blocked, id=1108, stack(0x000000667eb00000,0x000000667ec00000)]
  0x000001f9da8a3800 JavaThread "Unconstrained build operations Thread 20" [_thread_blocked, id=8932, stack(0x000000667ec00000,0x000000667ed00000)]
  0x000001f9da8a7800 JavaThread "Unconstrained build operations Thread 21" [_thread_blocked, id=12636, stack(0x000000667ed00000,0x000000667ee00000)]
  0x000001f9da8a2800 JavaThread "Unconstrained build operations Thread 22" [_thread_blocked, id=9580, stack(0x000000667ee00000,0x000000667ef00000)]
  0x000001f9da8a6800 JavaThread "Unconstrained build operations Thread 23" [_thread_blocked, id=3996, stack(0x000000667ef00000,0x000000667f000000)]
  0x000001f9da8a4000 JavaThread "Unconstrained build operations Thread 24" [_thread_blocked, id=16028, stack(0x000000667f000000,0x000000667f100000)]
  0x000001f9d88a1800 JavaThread "Unconstrained build operations Thread 25" [_thread_blocked, id=5872, stack(0x000000667f100000,0x000000667f200000)]
  0x000001f9d889f800 JavaThread "Unconstrained build operations Thread 26" [_thread_blocked, id=15984, stack(0x000000667f200000,0x000000667f300000)]
  0x000001f9d88a2000 JavaThread "Unconstrained build operations Thread 27" [_thread_blocked, id=224, stack(0x000000667f300000,0x000000667f400000)]
  0x000001f9d88a0800 JavaThread "Unconstrained build operations Thread 28" [_thread_blocked, id=768, stack(0x000000667f400000,0x000000667f500000)]
  0x000001f9d88a3000 JavaThread "Unconstrained build operations Thread 29" [_thread_blocked, id=6816, stack(0x000000667f500000,0x000000667f600000)]
  0x000001f9d889e000 JavaThread "Unconstrained build operations Thread 30" [_thread_blocked, id=4012, stack(0x000000667f600000,0x000000667f700000)]
  0x000001f9d889f000 JavaThread "Unconstrained build operations Thread 31" [_thread_blocked, id=9668, stack(0x000000667f700000,0x000000667f800000)]
  0x000001f9d889d800 JavaThread "Unconstrained build operations Thread 32" [_thread_blocked, id=15972, stack(0x000000667f800000,0x000000667f900000)]
  0x000001f9d88a8000 JavaThread "Unconstrained build operations Thread 33" [_thread_blocked, id=17036, stack(0x000000667f900000,0x000000667fa00000)]
  0x000001f9d88a6000 JavaThread "Unconstrained build operations Thread 34" [_thread_blocked, id=7988, stack(0x000000667fa00000,0x000000667fb00000)]
  0x000001f9d88a8800 JavaThread "Unconstrained build operations Thread 35" [_thread_blocked, id=10492, stack(0x000000667fb00000,0x000000667fc00000)]
  0x000001f9d88a7000 JavaThread "Unconstrained build operations Thread 36" [_thread_blocked, id=8064, stack(0x000000667fc00000,0x000000667fd00000)]
  0x000001f9d88a4000 JavaThread "Unconstrained build operations Thread 37" [_thread_blocked, id=2780, stack(0x000000667fd00000,0x000000667fe00000)]
  0x000001f9d88a9800 JavaThread "Unconstrained build operations Thread 38" [_thread_blocked, id=6136, stack(0x000000667fe00000,0x000000667ff00000)]
  0x000001f9d88a4800 JavaThread "Unconstrained build operations Thread 39" [_thread_blocked, id=13196, stack(0x000000667ff00000,0x0000006680000000)]
  0x000001f9d88aa800 JavaThread "Unconstrained build operations Thread 40" [_thread_blocked, id=8384, stack(0x0000006600000000,0x0000006600100000)]
  0x000001f9d88a5800 JavaThread "Unconstrained build operations Thread 41" [_thread_blocked, id=3572, stack(0x0000006600100000,0x0000006600200000)]
  0x000001f9d88ab000 JavaThread "Unconstrained build operations Thread 42" [_thread_blocked, id=2396, stack(0x0000006600200000,0x0000006600300000)]
  0x000001f9d88ac000 JavaThread "Unconstrained build operations Thread 43" [_thread_blocked, id=7848, stack(0x0000006600300000,0x0000006600400000)]
  0x000001f9d6b88800 JavaThread "Unconstrained build operations Thread 44" [_thread_blocked, id=6880, stack(0x0000006600400000,0x0000006600500000)]
  0x000001f9d6b89000 JavaThread "Unconstrained build operations Thread 45" [_thread_blocked, id=2148, stack(0x0000006600500000,0x0000006600600000)]
  0x000001f9d6b84800 JavaThread "Unconstrained build operations Thread 46" [_thread_blocked, id=6856, stack(0x0000006600600000,0x0000006600700000)]
  0x000001f9d6b8b000 JavaThread "Unconstrained build operations Thread 47" [_thread_blocked, id=8872, stack(0x0000006600700000,0x0000006600800000)]
  0x000001f9d6b87000 JavaThread "Unconstrained build operations Thread 48" [_thread_blocked, id=11616, stack(0x0000006600800000,0x0000006600900000)]
  0x000001f9d6b85000 JavaThread "Unconstrained build operations Thread 49" [_thread_blocked, id=1648, stack(0x0000006600900000,0x0000006600a00000)]
  0x000001f9d6b87800 JavaThread "Unconstrained build operations Thread 50" [_thread_blocked, id=7148, stack(0x0000006600a00000,0x0000006600b00000)]
  0x000001f9d6b8b800 JavaThread "Unconstrained build operations Thread 51" [_thread_blocked, id=1800, stack(0x0000006600b00000,0x0000006600c00000)]
  0x000001f9d6b8a000 JavaThread "Unconstrained build operations Thread 52" [_thread_blocked, id=8792, stack(0x0000006600c00000,0x0000006600d00000)]
  0x000001f9d6b86000 JavaThread "Unconstrained build operations Thread 53" [_thread_blocked, id=13860, stack(0x0000006600d00000,0x0000006600e00000)]
  0x000001f9d6b92000 JavaThread "Unconstrained build operations Thread 54" [_thread_blocked, id=12256, stack(0x0000006600e00000,0x0000006600f00000)]
  0x000001f9d6b8f000 JavaThread "Unconstrained build operations Thread 55" [_thread_blocked, id=17152, stack(0x0000006600f00000,0x0000006601000000)]
  0x000001f9d6b90800 JavaThread "Unconstrained build operations Thread 56" [_thread_blocked, id=12212, stack(0x0000006601000000,0x0000006601100000)]
  0x000001f9d6b8c800 JavaThread "Unconstrained build operations Thread 57" [_thread_blocked, id=7208, stack(0x0000006601100000,0x0000006601200000)]
  0x000001f9d6b90000 JavaThread "Unconstrained build operations Thread 58" [_thread_blocked, id=9220, stack(0x0000006601200000,0x0000006601300000)]
  0x000001f9d6b93000 JavaThread "Unconstrained build operations Thread 59" [_thread_blocked, id=8676, stack(0x0000006601300000,0x0000006601400000)]
  0x000001f9d6b8e000 JavaThread "Unconstrained build operations Thread 60" [_thread_blocked, id=7780, stack(0x0000006601400000,0x0000006601500000)]
  0x000001f9d6b8d800 JavaThread "Unconstrained build operations Thread 61" [_thread_blocked, id=9824, stack(0x0000006601500000,0x0000006601600000)]
  0x000001f9d6b91800 JavaThread "Unconstrained build operations Thread 62" [_thread_blocked, id=10964, stack(0x0000006601600000,0x0000006601700000)]
  0x000001f9d8a00000 JavaThread "Unconstrained build operations Thread 63" [_thread_blocked, id=13308, stack(0x0000006601700000,0x0000006601800000)]
  0x000001f9d89fd000 JavaThread "Unconstrained build operations Thread 64" [_thread_blocked, id=13756, stack(0x0000006601800000,0x0000006601900000)]
  0x000001f9d89fe800 JavaThread "Unconstrained build operations Thread 65" [_thread_blocked, id=16352, stack(0x0000006601900000,0x0000006601a00000)]
  0x000001f9d89ff800 JavaThread "Unconstrained build operations Thread 66" [_thread_blocked, id=6556, stack(0x0000006601a00000,0x0000006601b00000)]
  0x000001f9d89fe000 JavaThread "Unconstrained build operations Thread 67" [_thread_blocked, id=2284, stack(0x0000006601b00000,0x0000006601c00000)]
  0x000001f9d8a01000 JavaThread "Unconstrained build operations Thread 68" [_thread_blocked, id=16536, stack(0x0000006601c00000,0x0000006601d00000)]
  0x000001f9d8a02000 JavaThread "Unconstrained build operations Thread 69" [_thread_blocked, id=10120, stack(0x0000006601d00000,0x0000006601e00000)]
  0x000001f9d89fc000 JavaThread "Unconstrained build operations Thread 70" [_thread_blocked, id=8252, stack(0x0000006601e00000,0x0000006601f00000)]
  0x000001f9d8a03800 JavaThread "Unconstrained build operations Thread 71" [_thread_blocked, id=8964, stack(0x0000006601f00000,0x0000006602000000)]
  0x000001f9d8a04800 JavaThread "Unconstrained build operations Thread 72" [_thread_blocked, id=16764, stack(0x0000006602000000,0x0000006602100000)]
  0x000001f9d8a05000 JavaThread "Unconstrained build operations Thread 73" [_thread_blocked, id=7964, stack(0x0000006602100000,0x0000006602200000)]
  0x000001f9d8a02800 JavaThread "Unconstrained build operations Thread 74" [_thread_blocked, id=17328, stack(0x0000006602200000,0x0000006602300000)]
  0x000001f9d8a09000 JavaThread "Unconstrained build operations Thread 75" [_thread_blocked, id=14032, stack(0x0000006602300000,0x0000006602400000)]
  0x000001f9d8a07000 JavaThread "Unconstrained build operations Thread 76" [_thread_blocked, id=6012, stack(0x0000006602400000,0x0000006602500000)]
  0x000001f9d8a08800 JavaThread "Unconstrained build operations Thread 77" [_thread_blocked, id=15176, stack(0x0000006602500000,0x0000006602600000)]
  0x000001f9d8a06000 JavaThread "Unconstrained build operations Thread 78" [_thread_blocked, id=4712, stack(0x0000006602600000,0x0000006602700000)]
  0x000001f9d8a07800 JavaThread "Unconstrained build operations Thread 79" [_thread_blocked, id=6704, stack(0x0000006602700000,0x0000006602800000)]
  0x000001f9d8a0a000 JavaThread "Unconstrained build operations Thread 80" [_thread_blocked, id=2172, stack(0x0000006602800000,0x0000006602900000)]
  0x000001f9d8a0b000 JavaThread "Unconstrained build operations Thread 81" [_thread_blocked, id=13432, stack(0x0000006602900000,0x0000006602a00000)]
  0x000001f9dac6e800 JavaThread "Unconstrained build operations Thread 82" [_thread_blocked, id=12648, stack(0x0000006602a00000,0x0000006602b00000)]
  0x000001f9dac73000 JavaThread "Unconstrained build operations Thread 83" [_thread_blocked, id=10984, stack(0x0000006602b00000,0x0000006602c00000)]
  0x000001f9dac71000 JavaThread "Unconstrained build operations Thread 84" [_thread_blocked, id=4448, stack(0x0000006602c00000,0x0000006602d00000)]
  0x000001f9dac6f800 JavaThread "Unconstrained build operations Thread 85" [_thread_blocked, id=17400, stack(0x0000006602d00000,0x0000006602e00000)]
  0x000001f9dac72000 JavaThread "Unconstrained build operations Thread 86" [_thread_blocked, id=2616, stack(0x0000006602e00000,0x0000006602f00000)]
  0x000001f9dac70800 JavaThread "Unconstrained build operations Thread 87" [_thread_blocked, id=1788, stack(0x0000006602f00000,0x0000006603000000)]
  0x000001f9dac6d000 JavaThread "Unconstrained build operations Thread 88" [_thread_blocked, id=14868, stack(0x0000006603000000,0x0000006603100000)]
  0x000001f9dac73800 JavaThread "Unconstrained build operations Thread 89" [_thread_blocked, id=13852, stack(0x0000006603100000,0x0000006603200000)]
  0x000001f9dac6e000 JavaThread "Unconstrained build operations Thread 90" [_thread_blocked, id=16364, stack(0x0000006603200000,0x0000006603300000)]
  0x000001f9dac78800 JavaThread "Unconstrained build operations Thread 91" [_thread_blocked, id=2480, stack(0x0000006603300000,0x0000006603400000)]
  0x000001f9dac77000 JavaThread "Unconstrained build operations Thread 92" [_thread_blocked, id=10556, stack(0x0000006603400000,0x0000006603500000)]
  0x000001f9dac77800 JavaThread "Unconstrained build operations Thread 93" [_thread_blocked, id=16916, stack(0x0000006603500000,0x0000006603600000)]
  0x000001f9dac76000 JavaThread "Unconstrained build operations Thread 94" [_thread_blocked, id=6352, stack(0x0000006603600000,0x0000006603700000)]
  0x000001f9dac75800 JavaThread "Unconstrained build operations Thread 95" [_thread_blocked, id=14696, stack(0x0000006603700000,0x0000006603800000)]
  0x000001f9dac79800 JavaThread "Unconstrained build operations Thread 96" [_thread_blocked, id=10068, stack(0x0000006603800000,0x0000006603900000)]
  0x000001f9dac7a000 JavaThread "Unconstrained build operations Thread 97" [_thread_blocked, id=17376, stack(0x0000006603900000,0x0000006603a00000)]
  0x000001f9dac74800 JavaThread "Unconstrained build operations Thread 98" [_thread_blocked, id=16192, stack(0x0000006603a00000,0x0000006603b00000)]
  0x000001f9dac7b000 JavaThread "Unconstrained build operations Thread 99" [_thread_blocked, id=5584, stack(0x0000006603b00000,0x0000006603c00000)]
  0x000001f9dac7c000 JavaThread "Unconstrained build operations Thread 100" [_thread_blocked, id=15052, stack(0x0000006603c00000,0x0000006603d00000)]
  0x000001f9dab54000 JavaThread "Unconstrained build operations Thread 101" [_thread_blocked, id=2732, stack(0x0000006603d00000,0x0000006603e00000)]
  0x000001f9dab53000 JavaThread "Unconstrained build operations Thread 102" [_thread_blocked, id=16932, stack(0x0000006603e00000,0x0000006603f00000)]
  0x000001f9dab55000 JavaThread "Unconstrained build operations Thread 103" [_thread_blocked, id=2120, stack(0x0000006603f00000,0x0000006604000000)]
  0x000001f9dab55800 JavaThread "Unconstrained build operations Thread 104" [_thread_blocked, id=7824, stack(0x0000006604000000,0x0000006604100000)]
  0x000001f9dab56800 JavaThread "Unconstrained build operations Thread 105" [_thread_blocked, id=4932, stack(0x0000006604100000,0x0000006604200000)]
  0x000001f9dab57000 JavaThread "Unconstrained build operations Thread 106" [_thread_blocked, id=1212, stack(0x0000006604200000,0x0000006604300000)]
  0x000001f9dab51800 JavaThread "Unconstrained build operations Thread 107" [_thread_blocked, id=13476, stack(0x0000006604300000,0x0000006604400000)]
  0x000001f9dab52800 JavaThread "Unconstrained build operations Thread 108" [_thread_blocked, id=3700, stack(0x0000006604400000,0x0000006604500000)]
  0x000001f9dab5d800 JavaThread "Unconstrained build operations Thread 109" [_thread_blocked, id=16616, stack(0x0000006604500000,0x0000006604600000)]
  0x000001f9dab5b800 JavaThread "Unconstrained build operations Thread 110" [_thread_blocked, id=16456, stack(0x0000006604600000,0x0000006604700000)]
  0x000001f9dab58000 JavaThread "Unconstrained build operations Thread 111" [_thread_blocked, id=7064, stack(0x0000006604700000,0x0000006604800000)]
  0x000001f9dab5c000 JavaThread "Unconstrained build operations Thread 112" [_thread_blocked, id=4460, stack(0x0000006604800000,0x0000006604900000)]
  0x000001f9dab5e800 JavaThread "Unconstrained build operations Thread 113" [_thread_blocked, id=6028, stack(0x0000006604900000,0x0000006604a00000)]
  0x000001f9dab59000 JavaThread "Unconstrained build operations Thread 114" [_thread_blocked, id=9432, stack(0x0000006604a00000,0x0000006604b00000)]
  0x000001f9dab5d000 JavaThread "Unconstrained build operations Thread 115" [_thread_blocked, id=14324, stack(0x0000006604b00000,0x0000006604c00000)]
  0x000001f9dab5f800 JavaThread "Unconstrained build operations Thread 116" [_thread_blocked, id=9048, stack(0x0000006604c00000,0x0000006604d00000)]
  0x000001f9dab59800 JavaThread "Unconstrained build operations Thread 117" [_thread_blocked, id=4916, stack(0x0000006604d00000,0x0000006604e00000)]
  0x000001f9dab60000 JavaThread "Unconstrained build operations Thread 118" [_thread_blocked, id=9228, stack(0x0000006604e00000,0x0000006604f00000)]
  0x000001f9dab5a800 JavaThread "Unconstrained build operations Thread 119" [_thread_blocked, id=11712, stack(0x0000006604f00000,0x0000006605000000)]
  0x000001f9d724a000 JavaThread "Unconstrained build operations Thread 120" [_thread_blocked, id=1080, stack(0x0000006605000000,0x0000006605100000)]
  0x000001f9d724b000 JavaThread "jar transforms Thread 4" [_thread_blocked, id=16632, stack(0x0000006605100000,0x0000006605200000)]
  0x000001f9d724c000 JavaThread "jar transforms Thread 5" [_thread_blocked, id=11920, stack(0x0000006605200000,0x0000006605300000)]
  0x000001f9d7247000 JavaThread "jar transforms Thread 6" [_thread_blocked, id=6908, stack(0x0000006605300000,0x0000006605400000)]
  0x000001f9d7246000 JavaThread "jar transforms Thread 7" [_thread_blocked, id=9108, stack(0x0000006605400000,0x0000006605500000)]
  0x000001f9d724c800 JavaThread "jar transforms Thread 8" [_thread_blocked, id=8480, stack(0x0000006605500000,0x0000006605600000)]
  0x000001f9d724d800 JavaThread "jar transforms Thread 9" [_thread_blocked, id=9848, stack(0x0000006605600000,0x0000006605700000)]
  0x000001f9d7248800 JavaThread "jar transforms Thread 10" [_thread_blocked, id=13452, stack(0x0000006605700000,0x0000006605800000)]
  0x000001f9d7247800 JavaThread "jar transforms Thread 11" [_thread_blocked, id=4336, stack(0x0000006605800000,0x0000006605900000)]
  0x000001f9d724e000 JavaThread "jar transforms Thread 12" [_thread_blocked, id=16888, stack(0x0000006605900000,0x0000006605a00000)]

Other Threads:
  0x000001f9d22fe800 VMThread "VM Thread" [stack: 0x000000667a700000,0x000000667a800000] [id=12312]
  0x000001f9d2e1d800 WatcherThread [stack: 0x000000667b100000,0x000000667b200000] [id=10484]
  0x000001f9b7a39000 GCTaskThread "GC Thread#0" [stack: 0x000000667a200000,0x000000667a300000] [id=888]
  0x000001f9d3ed7800 GCTaskThread "GC Thread#1" [stack: 0x000000667b400000,0x000000667b500000] [id=15136]
  0x000001f9d4cc6800 GCTaskThread "GC Thread#2" [stack: 0x000000667ba00000,0x000000667bb00000] [id=9760]
  0x000001f9d4cc7000 GCTaskThread "GC Thread#3" [stack: 0x000000667bb00000,0x000000667bc00000] [id=2896]
  0x000001f9d4d86000 GCTaskThread "GC Thread#4" [stack: 0x000000667bc00000,0x000000667bd00000] [id=11704]
  0x000001f9d4d86800 GCTaskThread "GC Thread#5" [stack: 0x000000667bd00000,0x000000667be00000] [id=15588]
  0x000001f9d3e58000 GCTaskThread "GC Thread#6" [stack: 0x000000667be00000,0x000000667bf00000] [id=8656]
  0x000001f9d3e59000 GCTaskThread "GC Thread#7" [stack: 0x000000667bf00000,0x000000667c000000] [id=16560]
  0x000001f9d4d6e800 GCTaskThread "GC Thread#8" [stack: 0x000000667c000000,0x000000667c100000] [id=16608]
  0x000001f9d4d6f000 GCTaskThread "GC Thread#9" [stack: 0x000000667c100000,0x000000667c200000] [id=13840]
  0x000001f9b7a6d000 ConcurrentGCThread "G1 Main Marker" [stack: 0x000000667a300000,0x000000667a400000] [id=10048]
  0x000001f9b7a6e000 ConcurrentGCThread "G1 Conc#0" [stack: 0x000000667a400000,0x000000667a500000] [id=10136]
  0x000001f9d50f7000 ConcurrentGCThread "G1 Conc#1" [stack: 0x000000667c900000,0x000000667ca00000] [id=10284]
  0x000001f9d4eb2000 ConcurrentGCThread "G1 Conc#2" [stack: 0x000000667ca00000,0x000000667cb00000] [id=1716]
  0x000001f9d2146800 ConcurrentGCThread "G1 Refine#0" [stack: 0x000000667a500000,0x000000667a600000] [id=16816]
  0x000001f9d43a5800 ConcurrentGCThread "G1 Refine#1" [stack: 0x000000667c200000,0x000000667c300000] [id=10792]
  0x000001f9d2149000 ConcurrentGCThread "G1 Young RemSet Sampling" [stack: 0x000000667a600000,0x000000667a700000] [id=8500]

Threads with active compile tasks:
C2 CompilerThread0   8917 5551   !   4       com.google.common.reflect.TypeVisitor::visit (244 bytes)
C1 CompilerThread0   8917 5678       3       com.sun.jmx.mbeanserver.MXBeanIntrospector::originalTypeString (20 bytes)
C2 CompilerThread1   8917 5478       4       org.objectweb.asm.SymbolTable::addConstantMemberReference (147 bytes)

VM state:not at safepoint (normal execution)

VM Mutex/Monitor currently owned by a thread: None

Heap address: 0x0000000080000000, size: 2048 MB, Compressed Oops mode: 32-bit
Narrow klass base: 0x0000000000000000, Narrow klass shift: 3
Compressed class space size: 1073741824 Address: 0x0000000100000000

Heap:
 garbage-first heap   total 145408K, used 98197K [0x0000000080000000, 0x0000000100000000)
  region size 1024K, 64 young (65536K), 9 survivors (9216K)
 Metaspace       used 58480K, capacity 59943K, committed 60112K, reserved 1101824K
  class space    used 7393K, capacity 7940K, committed 8064K, reserved 1048576K
Heap Regions: E=young(eden), S=young(survivor), O=old, HS=humongous(starts), HC=humongous(continues), CS=collection set, F=free, A=archive, TAMS=top-at-mark-start (previous, next)
|   0|0x0000000080000000, 0x0000000080100000, 0x0000000080100000|100%| O|  |TAMS 0x0000000080100000, 0x0000000080000000| Untracked 
|   1|0x0000000080100000, 0x0000000080200000, 0x0000000080200000|100%| O|  |TAMS 0x0000000080200000, 0x0000000080100000| Untracked 
|   2|0x0000000080200000, 0x0000000080300000, 0x0000000080300000|100%| O|  |TAMS 0x0000000080300000, 0x0000000080200000| Untracked 
|   3|0x0000000080300000, 0x0000000080400000, 0x0000000080400000|100%|HS|  |TAMS 0x0000000080400000, 0x0000000080300000| Complete 
|   4|0x0000000080400000, 0x0000000080500000, 0x0000000080500000|100%|HC|  |TAMS 0x0000000080500000, 0x0000000080400000| Complete 
|   5|0x0000000080500000, 0x0000000080600000, 0x0000000080600000|100%|HC|  |TAMS 0x0000000080600000, 0x0000000080500000| Complete 
|   6|0x0000000080600000, 0x0000000080700000, 0x0000000080700000|100%| O|  |TAMS 0x0000000080700000, 0x0000000080600000| Untracked 
|   7|0x0000000080700000, 0x0000000080800000, 0x0000000080800000|100%| O|  |TAMS 0x0000000080800000, 0x0000000080700000| Untracked 
|   8|0x0000000080800000, 0x0000000080900000, 0x0000000080900000|100%| O|  |TAMS 0x0000000080900000, 0x0000000080800000| Untracked 
|   9|0x0000000080900000, 0x0000000080a00000, 0x0000000080a00000|100%| O|  |TAMS 0x0000000080a00000, 0x0000000080900000| Untracked 
|  10|0x0000000080a00000, 0x0000000080b00000, 0x0000000080b00000|100%| O|  |TAMS 0x0000000080b00000, 0x0000000080a00000| Untracked 
|  11|0x0000000080b00000, 0x0000000080c00000, 0x0000000080c00000|100%| O|  |TAMS 0x0000000080c00000, 0x0000000080b00000| Untracked 
|  12|0x0000000080c00000, 0x0000000080d00000, 0x0000000080d00000|100%| O|  |TAMS 0x0000000080d00000, 0x0000000080c00000| Untracked 
|  13|0x0000000080d00000, 0x0000000080e00000, 0x0000000080e00000|100%| O|  |TAMS 0x0000000080e00000, 0x0000000080d00000| Untracked 
|  14|0x0000000080e00000, 0x0000000080f00000, 0x0000000080f00000|100%| O|  |TAMS 0x0000000080f00000, 0x0000000080e00000| Untracked 
|  15|0x0000000080f00000, 0x0000000081000000, 0x0000000081000000|100%| O|  |TAMS 0x0000000081000000, 0x0000000080f00000| Untracked 
|  16|0x0000000081000000, 0x0000000081100000, 0x0000000081100000|100%| O|  |TAMS 0x000000008106aa00, 0x0000000081000000| Untracked 
|  17|0x0000000081100000, 0x0000000081200000, 0x0000000081200000|100%| O|  |TAMS 0x0000000081100000, 0x0000000081100000| Untracked 
|  18|0x0000000081200000, 0x0000000081300000, 0x0000000081300000|100%| O|  |TAMS 0x0000000081200000, 0x0000000081200000| Untracked 
|  19|0x0000000081300000, 0x0000000081400000, 0x0000000081400000|100%| O|  |TAMS 0x0000000081300000, 0x0000000081300000| Untracked 
|  20|0x0000000081400000, 0x0000000081500000, 0x0000000081500000|100%| O|  |TAMS 0x0000000081400000, 0x0000000081400000| Untracked 
|  21|0x0000000081500000, 0x0000000081600000, 0x0000000081600000|100%| O|  |TAMS 0x0000000081500000, 0x0000000081500000| Untracked 
|  22|0x0000000081600000, 0x0000000081700000, 0x0000000081700000|100%| O|  |TAMS 0x0000000081600000, 0x0000000081600000| Untracked 
|  23|0x0000000081700000, 0x0000000081800000, 0x0000000081800000|100%|HS|  |TAMS 0x0000000081700000, 0x0000000081700000| Complete 
|  24|0x0000000081800000, 0x0000000081900000, 0x0000000081900000|100%| O|  |TAMS 0x0000000081800000, 0x0000000081800000| Untracked 
|  25|0x0000000081900000, 0x0000000081a00000, 0x0000000081a00000|100%| O|  |TAMS 0x0000000081900000, 0x0000000081900000| Untracked 
|  26|0x0000000081a00000, 0x0000000081b00000, 0x0000000081b00000|100%| O|  |TAMS 0x0000000081a00000, 0x0000000081a00000| Untracked 
|  27|0x0000000081b00000, 0x0000000081c00000, 0x0000000081c00000|100%| O|  |TAMS 0x0000000081b00000, 0x0000000081b00000| Untracked 
|  28|0x0000000081c00000, 0x0000000081d00000, 0x0000000081d00000|100%|HS|  |TAMS 0x0000000081c00000, 0x0000000081c00000| Complete 
|  29|0x0000000081d00000, 0x0000000081d00000, 0x0000000081e00000|  0%| F|  |TAMS 0x0000000081d00000, 0x0000000081d00000| Untracked 
|  30|0x0000000081e00000, 0x0000000081f00000, 0x0000000081f00000|100%|HS|  |TAMS 0x0000000081e00000, 0x0000000081e00000| Complete 
|  31|0x0000000081f00000, 0x0000000082000000, 0x0000000082000000|100%|HC|  |TAMS 0x0000000081f00000, 0x0000000081f00000| Complete 
|  32|0x0000000082000000, 0x0000000082100000, 0x0000000082100000|100%| O|  |TAMS 0x0000000082000000, 0x0000000082000000| Untracked 
|  33|0x0000000082100000, 0x00000000821e5600, 0x0000000082200000| 89%| O|  |TAMS 0x0000000082100000, 0x0000000082100000| Untracked 
|  34|0x0000000082200000, 0x0000000082200000, 0x0000000082300000|  0%| F|  |TAMS 0x0000000082200000, 0x0000000082200000| Untracked 
|  35|0x0000000082300000, 0x0000000082300000, 0x0000000082400000|  0%| F|  |TAMS 0x0000000082300000, 0x0000000082300000| Untracked 
|  36|0x0000000082400000, 0x0000000082400000, 0x0000000082500000|  0%| F|  |TAMS 0x0000000082400000, 0x0000000082400000| Untracked 
|  37|0x0000000082500000, 0x0000000082500000, 0x0000000082600000|  0%| F|  |TAMS 0x0000000082500000, 0x0000000082500000| Untracked 
|  38|0x0000000082600000, 0x0000000082600000, 0x0000000082700000|  0%| F|  |TAMS 0x0000000082600000, 0x0000000082600000| Untracked 
|  39|0x0000000082700000, 0x0000000082700000, 0x0000000082800000|  0%| F|  |TAMS 0x0000000082700000, 0x0000000082700000| Untracked 
|  40|0x0000000082800000, 0x0000000082800000, 0x0000000082900000|  0%| F|  |TAMS 0x0000000082800000, 0x0000000082800000| Untracked 
|  41|0x0000000082900000, 0x0000000082900000, 0x0000000082a00000|  0%| F|  |TAMS 0x0000000082900000, 0x0000000082900000| Untracked 
|  42|0x0000000082a00000, 0x0000000082a00000, 0x0000000082b00000|  0%| F|  |TAMS 0x0000000082a00000, 0x0000000082a00000| Untracked 
|  43|0x0000000082b00000, 0x0000000082b00000, 0x0000000082c00000|  0%| F|  |TAMS 0x0000000082b00000, 0x0000000082b00000| Untracked 
|  44|0x0000000082c00000, 0x0000000082c00000, 0x0000000082d00000|  0%| F|  |TAMS 0x0000000082c00000, 0x0000000082c00000| Untracked 
|  45|0x0000000082d00000, 0x0000000082d00000, 0x0000000082e00000|  0%| F|  |TAMS 0x0000000082d00000, 0x0000000082d00000| Untracked 
|  46|0x0000000082e00000, 0x0000000082e00000, 0x0000000082f00000|  0%| F|  |TAMS 0x0000000082e00000, 0x0000000082e00000| Untracked 
|  47|0x0000000082f00000, 0x0000000082f00000, 0x0000000083000000|  0%| F|  |TAMS 0x0000000082f00000, 0x0000000082f00000| Untracked 
|  48|0x0000000083000000, 0x0000000083000000, 0x0000000083100000|  0%| F|  |TAMS 0x0000000083000000, 0x0000000083000000| Untracked 
|  49|0x0000000083100000, 0x0000000083100000, 0x0000000083200000|  0%| F|  |TAMS 0x0000000083100000, 0x0000000083100000| Untracked 
|  50|0x0000000083200000, 0x0000000083200000, 0x0000000083300000|  0%| F|  |TAMS 0x0000000083200000, 0x0000000083200000| Untracked 
|  51|0x0000000083300000, 0x0000000083300000, 0x0000000083400000|  0%| F|  |TAMS 0x0000000083300000, 0x0000000083300000| Untracked 
|  52|0x0000000083400000, 0x0000000083400000, 0x0000000083500000|  0%| F|  |TAMS 0x0000000083400000, 0x0000000083400000| Untracked 
|  53|0x0000000083500000, 0x0000000083500000, 0x0000000083600000|  0%| F|  |TAMS 0x0000000083500000, 0x0000000083500000| Untracked 
|  54|0x0000000083600000, 0x0000000083600000, 0x0000000083700000|  0%| F|  |TAMS 0x0000000083600000, 0x0000000083600000| Untracked 
|  55|0x0000000083700000, 0x0000000083700000, 0x0000000083800000|  0%| F|  |TAMS 0x0000000083700000, 0x0000000083700000| Untracked 
|  56|0x0000000083800000, 0x0000000083800000, 0x0000000083900000|  0%| F|  |TAMS 0x0000000083800000, 0x0000000083800000| Untracked 
|  57|0x0000000083900000, 0x0000000083900000, 0x0000000083a00000|  0%| F|  |TAMS 0x0000000083900000, 0x0000000083900000| Untracked 
|  58|0x0000000083a00000, 0x0000000083a00000, 0x0000000083b00000|  0%| F|  |TAMS 0x0000000083a00000, 0x0000000083a00000| Untracked 
|  59|0x0000000083b00000, 0x0000000083b00000, 0x0000000083c00000|  0%| F|  |TAMS 0x0000000083b00000, 0x0000000083b00000| Untracked 
|  60|0x0000000083c00000, 0x0000000083c00000, 0x0000000083d00000|  0%| F|  |TAMS 0x0000000083c00000, 0x0000000083c00000| Untracked 
|  61|0x0000000083d00000, 0x0000000083d00000, 0x0000000083e00000|  0%| F|  |TAMS 0x0000000083d00000, 0x0000000083d00000| Untracked 
|  62|0x0000000083e00000, 0x0000000083e00000, 0x0000000083f00000|  0%| F|  |TAMS 0x0000000083e00000, 0x0000000083e00000| Untracked 
|  63|0x0000000083f00000, 0x0000000083f00000, 0x0000000084000000|  0%| F|  |TAMS 0x0000000083f00000, 0x0000000083f00000| Untracked 
|  64|0x0000000084000000, 0x0000000084000000, 0x0000000084100000|  0%| F|  |TAMS 0x0000000084000000, 0x0000000084000000| Untracked 
|  65|0x0000000084100000, 0x0000000084100000, 0x0000000084200000|  0%| F|  |TAMS 0x0000000084100000, 0x0000000084100000| Untracked 
|  66|0x0000000084200000, 0x0000000084200000, 0x0000000084300000|  0%| F|  |TAMS 0x0000000084200000, 0x0000000084200000| Untracked 
|  67|0x0000000084300000, 0x0000000084300000, 0x0000000084400000|  0%| F|  |TAMS 0x0000000084300000, 0x0000000084300000| Untracked 
|  68|0x0000000084400000, 0x0000000084500000, 0x0000000084500000|100%| S|CS|TAMS 0x0000000084400000, 0x0000000084400000| Complete 
|  69|0x0000000084500000, 0x0000000084600000, 0x0000000084600000|100%| S|CS|TAMS 0x0000000084500000, 0x0000000084500000| Complete 
|  70|0x0000000084600000, 0x0000000084700000, 0x0000000084700000|100%| S|CS|TAMS 0x0000000084600000, 0x0000000084600000| Complete 
|  71|0x0000000084700000, 0x0000000084800000, 0x0000000084800000|100%| S|CS|TAMS 0x0000000084700000, 0x0000000084700000| Complete 
|  72|0x0000000084800000, 0x0000000084900000, 0x0000000084900000|100%| S|CS|TAMS 0x0000000084800000, 0x0000000084800000| Complete 
|  73|0x0000000084900000, 0x0000000084a00000, 0x0000000084a00000|100%| S|CS|TAMS 0x0000000084900000, 0x0000000084900000| Complete 
|  74|0x0000000084a00000, 0x0000000084b00000, 0x0000000084b00000|100%| S|CS|TAMS 0x0000000084a00000, 0x0000000084a00000| Complete 
|  75|0x0000000084b00000, 0x0000000084c00000, 0x0000000084c00000|100%| S|CS|TAMS 0x0000000084b00000, 0x0000000084b00000| Complete 
|  76|0x0000000084c00000, 0x0000000084d00000, 0x0000000084d00000|100%| S|CS|TAMS 0x0000000084c00000, 0x0000000084c00000| Complete 
|  77|0x0000000084d00000, 0x0000000084d00000, 0x0000000084e00000|  0%| F|  |TAMS 0x0000000084d00000, 0x0000000084d00000| Untracked 
|  78|0x0000000084e00000, 0x0000000084e00000, 0x0000000084f00000|  0%| F|  |TAMS 0x0000000084e00000, 0x0000000084e00000| Untracked 
|  79|0x0000000084f00000, 0x0000000084f00000, 0x0000000085000000|  0%| F|  |TAMS 0x0000000084f00000, 0x0000000084f00000| Untracked 
|  80|0x0000000085000000, 0x0000000085000000, 0x0000000085100000|  0%| F|  |TAMS 0x0000000085000000, 0x0000000085000000| Untracked 
|  81|0x0000000085100000, 0x0000000085100000, 0x0000000085200000|  0%| F|  |TAMS 0x0000000085100000, 0x0000000085100000| Untracked 
|  82|0x0000000085200000, 0x0000000085200000, 0x0000000085300000|  0%| F|  |TAMS 0x0000000085200000, 0x0000000085200000| Untracked 
|  83|0x0000000085300000, 0x0000000085300000, 0x0000000085400000|  0%| F|  |TAMS 0x0000000085300000, 0x0000000085300000| Untracked 
|  84|0x0000000085400000, 0x0000000085400000, 0x0000000085500000|  0%| F|  |TAMS 0x0000000085400000, 0x0000000085400000| Untracked 
|  85|0x0000000085500000, 0x0000000085500000, 0x0000000085600000|  0%| F|  |TAMS 0x0000000085500000, 0x0000000085500000| Untracked 
|  86|0x0000000085600000, 0x0000000085600000, 0x0000000085700000|  0%| F|  |TAMS 0x0000000085600000, 0x0000000085600000| Untracked 
|  87|0x0000000085700000, 0x0000000085780800, 0x0000000085800000| 50%| E|  |TAMS 0x0000000085700000, 0x0000000085700000| Complete 
|  88|0x0000000085800000, 0x0000000085900000, 0x0000000085900000|100%| E|CS|TAMS 0x0000000085800000, 0x0000000085800000| Complete 
|  89|0x0000000085900000, 0x0000000085a00000, 0x0000000085a00000|100%| E|CS|TAMS 0x0000000085900000, 0x0000000085900000| Complete 
|  90|0x0000000085a00000, 0x0000000085b00000, 0x0000000085b00000|100%| E|CS|TAMS 0x0000000085a00000, 0x0000000085a00000| Complete 
|  91|0x0000000085b00000, 0x0000000085c00000, 0x0000000085c00000|100%| E|CS|TAMS 0x0000000085b00000, 0x0000000085b00000| Complete 
|  92|0x0000000085c00000, 0x0000000085d00000, 0x0000000085d00000|100%| E|CS|TAMS 0x0000000085c00000, 0x0000000085c00000| Complete 
|  93|0x0000000085d00000, 0x0000000085e00000, 0x0000000085e00000|100%| E|CS|TAMS 0x0000000085d00000, 0x0000000085d00000| Complete 
|  94|0x0000000085e00000, 0x0000000085f00000, 0x0000000085f00000|100%| E|CS|TAMS 0x0000000085e00000, 0x0000000085e00000| Complete 
|  95|0x0000000085f00000, 0x0000000086000000, 0x0000000086000000|100%| E|CS|TAMS 0x0000000085f00000, 0x0000000085f00000| Complete 
|  96|0x0000000086000000, 0x0000000086100000, 0x0000000086100000|100%| E|CS|TAMS 0x0000000086000000, 0x0000000086000000| Complete 
|  97|0x0000000086100000, 0x0000000086200000, 0x0000000086200000|100%| E|CS|TAMS 0x0000000086100000, 0x0000000086100000| Complete 
|  98|0x0000000086200000, 0x0000000086300000, 0x0000000086300000|100%| E|CS|TAMS 0x0000000086200000, 0x0000000086200000| Complete 
|  99|0x0000000086300000, 0x0000000086400000, 0x0000000086400000|100%| E|CS|TAMS 0x0000000086300000, 0x0000000086300000| Complete 
| 100|0x0000000086400000, 0x0000000086500000, 0x0000000086500000|100%| E|CS|TAMS 0x0000000086400000, 0x0000000086400000| Complete 
| 101|0x0000000086500000, 0x0000000086600000, 0x0000000086600000|100%| E|CS|TAMS 0x0000000086500000, 0x0000000086500000| Complete 
| 102|0x0000000086600000, 0x0000000086700000, 0x0000000086700000|100%| E|CS|TAMS 0x0000000086600000, 0x0000000086600000| Complete 
| 103|0x0000000086700000, 0x0000000086800000, 0x0000000086800000|100%| E|CS|TAMS 0x0000000086700000, 0x0000000086700000| Complete 
| 104|0x0000000086800000, 0x0000000086900000, 0x0000000086900000|100%| E|CS|TAMS 0x0000000086800000, 0x0000000086800000| Complete 
| 105|0x0000000086900000, 0x0000000086a00000, 0x0000000086a00000|100%| E|CS|TAMS 0x0000000086900000, 0x0000000086900000| Complete 
| 106|0x0000000086a00000, 0x0000000086b00000, 0x0000000086b00000|100%| E|CS|TAMS 0x0000000086a00000, 0x0000000086a00000| Complete 
| 107|0x0000000086b00000, 0x0000000086c00000, 0x0000000086c00000|100%| E|CS|TAMS 0x0000000086b00000, 0x0000000086b00000| Complete 
| 108|0x0000000086c00000, 0x0000000086d00000, 0x0000000086d00000|100%| E|CS|TAMS 0x0000000086c00000, 0x0000000086c00000| Complete 
| 109|0x0000000086d00000, 0x0000000086e00000, 0x0000000086e00000|100%| E|CS|TAMS 0x0000000086d00000, 0x0000000086d00000| Complete 
| 110|0x0000000086e00000, 0x0000000086f00000, 0x0000000086f00000|100%| E|CS|TAMS 0x0000000086e00000, 0x0000000086e00000| Complete 
| 111|0x0000000086f00000, 0x0000000087000000, 0x0000000087000000|100%| E|CS|TAMS 0x0000000086f00000, 0x0000000086f00000| Complete 
| 112|0x0000000087000000, 0x0000000087100000, 0x0000000087100000|100%| E|CS|TAMS 0x0000000087000000, 0x0000000087000000| Complete 
| 113|0x0000000087100000, 0x0000000087200000, 0x0000000087200000|100%| E|CS|TAMS 0x0000000087100000, 0x0000000087100000| Complete 
| 114|0x0000000087200000, 0x0000000087300000, 0x0000000087300000|100%| E|CS|TAMS 0x0000000087200000, 0x0000000087200000| Complete 
| 115|0x0000000087300000, 0x0000000087400000, 0x0000000087400000|100%| E|CS|TAMS 0x0000000087300000, 0x0000000087300000| Complete 
| 116|0x0000000087400000, 0x0000000087500000, 0x0000000087500000|100%| E|CS|TAMS 0x0000000087400000, 0x0000000087400000| Complete 
| 117|0x0000000087500000, 0x0000000087600000, 0x0000000087600000|100%| E|CS|TAMS 0x0000000087500000, 0x0000000087500000| Complete 
| 118|0x0000000087600000, 0x0000000087700000, 0x0000000087700000|100%| E|CS|TAMS 0x0000000087600000, 0x0000000087600000| Complete 
| 119|0x0000000087700000, 0x0000000087800000, 0x0000000087800000|100%| E|CS|TAMS 0x0000000087700000, 0x0000000087700000| Complete 
| 120|0x0000000087800000, 0x0000000087900000, 0x0000000087900000|100%| E|CS|TAMS 0x0000000087800000, 0x0000000087800000| Complete 
| 121|0x0000000087900000, 0x0000000087a00000, 0x0000000087a00000|100%| E|CS|TAMS 0x0000000087900000, 0x0000000087900000| Complete 
| 122|0x0000000087a00000, 0x0000000087b00000, 0x0000000087b00000|100%| E|CS|TAMS 0x0000000087a00000, 0x0000000087a00000| Complete 
| 123|0x0000000087b00000, 0x0000000087c00000, 0x0000000087c00000|100%| E|CS|TAMS 0x0000000087b00000, 0x0000000087b00000| Complete 
| 124|0x0000000087c00000, 0x0000000087d00000, 0x0000000087d00000|100%| E|CS|TAMS 0x0000000087c00000, 0x0000000087c00000| Complete 
| 125|0x0000000087d00000, 0x0000000087e00000, 0x0000000087e00000|100%| E|CS|TAMS 0x0000000087d00000, 0x0000000087d00000| Complete 
| 126|0x0000000087e00000, 0x0000000087f00000, 0x0000000087f00000|100%| E|CS|TAMS 0x0000000087e00000, 0x0000000087e00000| Complete 
| 127|0x0000000087f00000, 0x0000000088000000, 0x0000000088000000|100%| E|CS|TAMS 0x0000000087f00000, 0x0000000087f00000| Complete 
| 128|0x0000000088000000, 0x0000000088100000, 0x0000000088100000|100%| E|CS|TAMS 0x0000000088000000, 0x0000000088000000| Complete 
| 129|0x0000000088100000, 0x0000000088200000, 0x0000000088200000|100%| E|CS|TAMS 0x0000000088100000, 0x0000000088100000| Complete 
| 130|0x0000000088200000, 0x0000000088300000, 0x0000000088300000|100%| E|CS|TAMS 0x0000000088200000, 0x0000000088200000| Complete 
| 131|0x0000000088300000, 0x0000000088400000, 0x0000000088400000|100%| E|CS|TAMS 0x0000000088300000, 0x0000000088300000| Complete 
| 132|0x0000000088400000, 0x0000000088500000, 0x0000000088500000|100%| E|CS|TAMS 0x0000000088400000, 0x0000000088400000| Complete 
| 133|0x0000000088500000, 0x0000000088600000, 0x0000000088600000|100%| E|CS|TAMS 0x0000000088500000, 0x0000000088500000| Complete 
| 134|0x0000000088600000, 0x0000000088700000, 0x0000000088700000|100%| E|CS|TAMS 0x0000000088600000, 0x0000000088600000| Complete 
| 135|0x0000000088700000, 0x0000000088800000, 0x0000000088800000|100%| E|CS|TAMS 0x0000000088700000, 0x0000000088700000| Complete 
| 136|0x0000000088800000, 0x0000000088900000, 0x0000000088900000|100%| E|CS|TAMS 0x0000000088800000, 0x0000000088800000| Complete 
| 137|0x0000000088900000, 0x0000000088a00000, 0x0000000088a00000|100%| E|CS|TAMS 0x0000000088900000, 0x0000000088900000| Complete 
| 138|0x0000000088a00000, 0x0000000088b00000, 0x0000000088b00000|100%| E|CS|TAMS 0x0000000088a00000, 0x0000000088a00000| Complete 
| 139|0x0000000088b00000, 0x0000000088c00000, 0x0000000088c00000|100%| E|CS|TAMS 0x0000000088b00000, 0x0000000088b00000| Complete 
| 140|0x0000000088c00000, 0x0000000088d00000, 0x0000000088d00000|100%| E|CS|TAMS 0x0000000088c00000, 0x0000000088c00000| Complete 
| 141|0x0000000088d00000, 0x0000000088e00000, 0x0000000088e00000|100%| E|CS|TAMS 0x0000000088d00000, 0x0000000088d00000| Complete 

Card table byte_map: [0x000001f9cae90000,0x000001f9cb290000] _byte_map_base: 0x000001f9caa90000

Marking Bits (Prev, Next): (CMBitMap*) 0x000001f9b7a64288, (CMBitMap*) 0x000001f9b7a642c0
 Prev Bits: [0x000001f9cb690000, 0x000001f9cd690000)
 Next Bits: [0x000001f9cd690000, 0x000001f9cf690000)

Polling page: 0x000001f9b5980000

Metaspace:

Usage:
  Non-class:     50.78 MB capacity,    49.92 MB ( 98%) used,   726.59 KB (  1%) free+waste,   160.56 KB ( <1%) overhead. 
      Class:      7.75 MB capacity,     7.22 MB ( 93%) used,   466.76 KB (  6%) free+waste,    76.38 KB ( <1%) overhead. 
       Both:     58.54 MB capacity,    57.14 MB ( 98%) used,     1.17 MB (  2%) free+waste,   236.94 KB ( <1%) overhead. 

Virtual space:
  Non-class space:       52.00 MB reserved,      50.83 MB ( 98%) committed 
      Class space:        1.00 GB reserved,       7.88 MB ( <1%) committed 
             Both:        1.05 GB reserved,      58.70 MB (  5%) committed 

Chunk freelists:
   Non-Class:  45.00 KB
       Class:  28.00 KB
        Both:  73.00 KB

MaxMetaspaceSize: 17179869184.00 GB
CompressedClassSpaceSize: 1.00 GB
Initial GC threshold: 20.80 MB
Current GC threshold: 58.88 MB
CDS: off

CodeHeap 'non-profiled nmethods': size=120000Kb used=3142Kb max_used=3142Kb free=116857Kb
 bounds [0x000001f9c3010000, 0x000001f9c3330000, 0x000001f9ca540000]
CodeHeap 'profiled nmethods': size=120000Kb used=11850Kb max_used=11850Kb free=108149Kb
 bounds [0x000001f9bbae0000, 0x000001f9bc680000, 0x000001f9c3010000]
CodeHeap 'non-nmethods': size=5760Kb used=2323Kb max_used=2358Kb free=3436Kb
 bounds [0x000001f9bb540000, 0x000001f9bb7b0000, 0x000001f9bbae0000]
 total_blobs=6495 nmethods=5662 adapters=745
 compilation: enabled
              stopped_count=0, restarted_count=0
 full_count=0

Compilation events (20 events):
Event: 8.867 Thread 0x000001f9d2cbb000 5624       3       java.lang.invoke.DirectMethodHandle$Holder::invokeStatic (18 bytes)
Event: 8.867 Thread 0x000001f9d2cbb000 nmethod 5624 0x000001f9bc654190 code [0x000001f9bc654360, 0x000001f9bc654858]
Event: 8.867 Thread 0x000001f9d2cbb000 5625       3       java.lang.StringConcatHelper::newString (46 bytes)
Event: 8.867 Thread 0x000001f9d2cbb000 nmethod 5625 0x000001f9bc654990 code [0x000001f9bc654c20, 0x000001f9bc6556a8]
Event: 8.867 Thread 0x000001f9d2cbb000 5626       3       java.lang.invoke.LambdaForm$MH/0x00000001000e0440::invoke (31 bytes)
Event: 8.868 Thread 0x000001f9d2cbb000 nmethod 5626 0x000001f9bc655a90 code [0x000001f9bc655c60, 0x000001f9bc6560f8]
Event: 8.869 Thread 0x000001f9d2cbb000 5627       3       java.util.concurrent.ConcurrentHashMap$ValuesView::iterator (34 bytes)
Event: 8.869 Thread 0x000001f9d2cbb000 nmethod 5627 0x000001f9bc656210 code [0x000001f9bc656400, 0x000001f9bc656798]
Event: 8.869 Thread 0x000001f9d2cbb000 5628       3       java.util.concurrent.ConcurrentHashMap$ValueIterator::<init> (12 bytes)
Event: 8.870 Thread 0x000001f9d2cbb000 nmethod 5628 0x000001f9bc656990 code [0x000001f9bc656b60, 0x000001f9bc656d98]
Event: 8.881 Thread 0x000001f9d2cbb000 5630       3       java.util.TreeMap$Values::<init> (10 bytes)
Event: 8.881 Thread 0x000001f9d2cbb000 nmethod 5630 0x000001f9bc656e90 code [0x000001f9bc657040, 0x000001f9bc657258]
Event: 8.881 Thread 0x000001f9d2cbb000 5631       3       java.util.TreeMap::values (25 bytes)
Event: 8.881 Thread 0x000001f9d2cbb000 nmethod 5631 0x000001f9bc657310 code [0x000001f9bc6574e0, 0x000001f9bc657858]
Event: 8.881 Thread 0x000001f9d2cbb000 5632       3       java.lang.invoke.DelegatingMethodHandle::<init> (10 bytes)
Event: 8.881 Thread 0x000001f9d2cbb000 nmethod 5632 0x000001f9bc657990 code [0x000001f9bc657b80, 0x000001f9bc657fb8]
Event: 8.881 Thread 0x000001f9d2cbb000 5633       3       java.lang.invoke.LambdaFormBuffer::indexOf (25 bytes)
Event: 8.882 Thread 0x000001f9d2cbb000 nmethod 5633 0x000001f9bc658110 code [0x000001f9bc6582c0, 0x000001f9bc6584b8]
Event: 8.882 Thread 0x000001f9d2cbb000 5634       3       java.lang.invoke.ClassSpecializer$SpeciesData::transformHelper (56 bytes)
Event: 8.882 Thread 0x000001f9d2cbb000 nmethod 5634 0x000001f9bc658590 code [0x000001f9bc6587c0, 0x000001f9bc6590b8]

GC Heap History (20 events):
Event: 0.904 GC heap before
{Heap before GC invocations=0 (full 0):
 garbage-first heap   total 120832K, used 29696K [0x0000000080000000, 0x0000000100000000)
  region size 1024K, 24 young (24576K), 0 survivors (0K)
 Metaspace       used 10139K, capacity 10391K, committed 10624K, reserved 1058816K
  class space    used 1041K, capacity 1106K, committed 1152K, reserved 1048576K
}
Event: 0.912 GC heap after
{Heap after GC invocations=1 (full 0):
 garbage-first heap   total 120832K, used 9265K [0x0000000080000000, 0x0000000100000000)
  region size 1024K, 3 young (3072K), 3 survivors (3072K)
 Metaspace       used 10139K, capacity 10391K, committed 10624K, reserved 1058816K
  class space    used 1041K, capacity 1106K, committed 1152K, reserved 1048576K
}
Event: 2.708 GC heap before
{Heap before GC invocations=1 (full 0):
 garbage-first heap   total 120832K, used 77873K [0x0000000080000000, 0x0000000100000000)
  region size 1024K, 70 young (71680K), 3 survivors (3072K)
 Metaspace       used 16750K, capacity 17134K, committed 17152K, reserved 1064960K
  class space    used 1911K, capacity 2036K, committed 2048K, reserved 1048576K
}
Event: 2.717 GC heap after
{Heap after GC invocations=2 (full 0):
 garbage-first heap   total 120832K, used 15543K [0x0000000080000000, 0x0000000100000000)
  region size 1024K, 9 young (9216K), 9 survivors (9216K)
 Metaspace       used 16750K, capacity 17134K, committed 17152K, reserved 1064960K
  class space    used 1911K, capacity 2036K, committed 2048K, reserved 1048576K
}
Event: 3.206 GC heap before
{Heap before GC invocations=2 (full 0):
 garbage-first heap   total 120832K, used 51383K [0x0000000080000000, 0x0000000100000000)
  region size 1024K, 45 young (46080K), 9 survivors (9216K)
 Metaspace       used 20740K, capacity 21187K, committed 21296K, reserved 1069056K
  class space    used 2526K, capacity 2686K, committed 2688K, reserved 1048576K
}
Event: 3.219 GC heap after
{Heap after GC invocations=3 (full 0):
 garbage-first heap   total 120832K, used 17164K [0x0000000080000000, 0x0000000100000000)
  region size 1024K, 2 young (2048K), 2 survivors (2048K)
 Metaspace       used 20740K, capacity 21187K, committed 21296K, reserved 1069056K
  class space    used 2526K, capacity 2686K, committed 2688K, reserved 1048576K
}
Event: 3.994 GC heap before
{Heap before GC invocations=4 (full 0):
 garbage-first heap   total 120832K, used 68364K [0x0000000080000000, 0x0000000100000000)
  region size 1024K, 52 young (53248K), 2 survivors (2048K)
 Metaspace       used 26072K, capacity 26642K, committed 26928K, reserved 1073152K
  class space    used 3391K, capacity 3600K, committed 3712K, reserved 1048576K
}
Event: 4.000 GC heap after
{Heap after GC invocations=5 (full 0):
 garbage-first heap   total 120832K, used 18939K [0x0000000080000000, 0x0000000100000000)
  region size 1024K, 4 young (4096K), 4 survivors (4096K)
 Metaspace       used 26072K, capacity 26642K, committed 26928K, reserved 1073152K
  class space    used 3391K, capacity 3600K, committed 3712K, reserved 1048576K
}
Event: 4.716 GC heap before
{Heap before GC invocations=5 (full 0):
 garbage-first heap   total 120832K, used 74235K [0x0000000080000000, 0x0000000100000000)
  region size 1024K, 58 young (59392K), 4 survivors (4096K)
 Metaspace       used 31376K, capacity 32087K, committed 32304K, reserved 1077248K
  class space    used 4162K, capacity 4416K, committed 4480K, reserved 1048576K
}
Event: 4.722 GC heap after
{Heap after GC invocations=6 (full 0):
 garbage-first heap   total 120832K, used 20521K [0x0000000080000000, 0x0000000100000000)
  region size 1024K, 5 young (5120K), 5 survivors (5120K)
 Metaspace       used 31376K, capacity 32087K, committed 32304K, reserved 1077248K
  class space    used 4162K, capacity 4416K, committed 4480K, reserved 1048576K
}
Event: 5.061 GC heap before
{Heap before GC invocations=6 (full 0):
 garbage-first heap   total 120832K, used 30761K [0x0000000080000000, 0x0000000100000000)
  region size 1024K, 16 young (16384K), 5 survivors (5120K)
 Metaspace       used 34998K, capacity 35751K, committed 35920K, reserved 1081344K
  class space    used 4496K, capacity 4788K, committed 4864K, reserved 1048576K
}
Event: 5.075 GC heap after
{Heap after GC invocations=7 (full 0):
 garbage-first heap   total 120832K, used 22613K [0x0000000080000000, 0x0000000100000000)
  region size 1024K, 6 young (6144K), 6 survivors (6144K)
 Metaspace       used 34998K, capacity 35751K, committed 35920K, reserved 1081344K
  class space    used 4496K, capacity 4788K, committed 4864K, reserved 1048576K
}
Event: 5.762 GC heap before
{Heap before GC invocations=8 (full 0):
 garbage-first heap   total 120832K, used 72789K [0x0000000080000000, 0x0000000100000000)
  region size 1024K, 52 young (53248K), 6 survivors (6144K)
 Metaspace       used 39225K, capacity 40065K, committed 40272K, reserved 1085440K
  class space    used 4952K, capacity 5262K, committed 5376K, reserved 1048576K
}
Event: 5.774 GC heap after
{Heap after GC invocations=9 (full 0):
 garbage-first heap   total 120832K, used 26527K [0x0000000080000000, 0x0000000100000000)
  region size 1024K, 7 young (7168K), 7 survivors (7168K)
 Metaspace       used 39225K, capacity 40065K, committed 40272K, reserved 1085440K
  class space    used 4952K, capacity 5262K, committed 5376K, reserved 1048576K
}
Event: 6.386 GC heap before
{Heap before GC invocations=9 (full 0):
 garbage-first heap   total 120832K, used 74655K [0x0000000080000000, 0x0000000100000000)
  region size 1024K, 54 young (55296K), 7 survivors (7168K)
 Metaspace       used 42971K, capacity 43868K, committed 44112K, reserved 1087488K
  class space    used 5481K, capacity 5839K, committed 5888K, reserved 1048576K
}
Event: 6.396 GC heap after
{Heap after GC invocations=10 (full 0):
 garbage-first heap   total 145408K, used 29217K [0x0000000080000000, 0x0000000100000000)
  region size 1024K, 7 young (7168K), 7 survivors (7168K)
 Metaspace       used 42971K, capacity 43868K, committed 44112K, reserved 1087488K
  class space    used 5481K, capacity 5839K, committed 5888K, reserved 1048576K
}
Event: 7.272 GC heap before
{Heap before GC invocations=10 (full 0):
 garbage-first heap   total 145408K, used 87585K [0x0000000080000000, 0x0000000100000000)
  region size 1024K, 64 young (65536K), 7 survivors (7168K)
 Metaspace       used 47691K, capacity 48804K, committed 48848K, reserved 1091584K
  class space    used 6056K, capacity 6526K, committed 6528K, reserved 1048576K
}
Event: 7.280 GC heap after
{Heap after GC invocations=11 (full 0):
 garbage-first heap   total 145408K, used 31706K [0x0000000080000000, 0x0000000100000000)
  region size 1024K, 5 young (5120K), 5 survivors (5120K)
 Metaspace       used 47691K, capacity 48804K, committed 48848K, reserved 1091584K
  class space    used 6056K, capacity 6526K, committed 6528K, reserved 1048576K
}
Event: 8.026 GC heap before
{Heap before GC invocations=11 (full 0):
 garbage-first heap   total 145408K, used 97242K [0x0000000080000000, 0x0000000100000000)
  region size 1024K, 65 young (66560K), 5 survivors (5120K)
 Metaspace       used 50325K, capacity 51626K, committed 51792K, reserved 1093632K
  class space    used 6383K, capacity 6879K, committed 6912K, reserved 1048576K
}
Event: 8.034 GC heap after
{Heap after GC invocations=12 (full 0):
 garbage-first heap   total 145408K, used 42901K [0x0000000080000000, 0x0000000100000000)
  region size 1024K, 9 young (9216K), 9 survivors (9216K)
 Metaspace       used 50325K, capacity 51626K, committed 51792K, reserved 1093632K
  class space    used 6383K, capacity 6879K, committed 6912K, reserved 1048576K
}

Deoptimization events (20 events):
Event: 8.366 Thread 0x000001f9d5172000 DEOPT PACKING pc=0x000001f9bbd40897 sp=0x000000667b9f5f80
Event: 8.366 Thread 0x000001f9d5172000 DEOPT UNPACKING pc=0x000001f9bb58a95e sp=0x000000667b9f5508 mode 0
Event: 8.370 Thread 0x000001f9d5172000 DEOPT PACKING pc=0x000001f9bbd40897 sp=0x000000667b9f60c0
Event: 8.370 Thread 0x000001f9d5172000 DEOPT UNPACKING pc=0x000001f9bb58a95e sp=0x000000667b9f5648 mode 0
Event: 8.374 Thread 0x000001f9d5172000 DEOPT PACKING pc=0x000001f9bbd40897 sp=0x000000667b9f5f70
Event: 8.374 Thread 0x000001f9d5172000 DEOPT UNPACKING pc=0x000001f9bb58a95e sp=0x000000667b9f54f8 mode 0
Event: 8.377 Thread 0x000001f9d5172000 DEOPT PACKING pc=0x000001f9bbd40897 sp=0x000000667b9f5f70
Event: 8.377 Thread 0x000001f9d5172000 DEOPT UNPACKING pc=0x000001f9bb58a95e sp=0x000000667b9f54f8 mode 0
Event: 8.379 Thread 0x000001f9d5172000 DEOPT PACKING pc=0x000001f9bbd40897 sp=0x000000667b9f5f70
Event: 8.379 Thread 0x000001f9d5172000 DEOPT UNPACKING pc=0x000001f9bb58a95e sp=0x000000667b9f54f8 mode 0
Event: 8.381 Thread 0x000001f9d5172000 DEOPT PACKING pc=0x000001f9bbd40897 sp=0x000000667b9f5f70
Event: 8.381 Thread 0x000001f9d5172000 DEOPT UNPACKING pc=0x000001f9bb58a95e sp=0x000000667b9f54f8 mode 0
Event: 8.383 Thread 0x000001f9d5172000 DEOPT PACKING pc=0x000001f9bbd40897 sp=0x000000667b9f5e70
Event: 8.383 Thread 0x000001f9d5172000 DEOPT UNPACKING pc=0x000001f9bb58a95e sp=0x000000667b9f53f8 mode 0
Event: 8.384 Thread 0x000001f9d5172000 DEOPT PACKING pc=0x000001f9bbd40897 sp=0x000000667b9f60d0
Event: 8.384 Thread 0x000001f9d5172000 DEOPT UNPACKING pc=0x000001f9bb58a95e sp=0x000000667b9f5658 mode 0
Event: 8.386 Thread 0x000001f9d5172000 DEOPT PACKING pc=0x000001f9bbd40897 sp=0x000000667b9f5e70
Event: 8.386 Thread 0x000001f9d5172000 DEOPT UNPACKING pc=0x000001f9bb58a95e sp=0x000000667b9f53f8 mode 0
Event: 8.387 Thread 0x000001f9d5172000 DEOPT PACKING pc=0x000001f9bbd40897 sp=0x000000667b9f5f70
Event: 8.387 Thread 0x000001f9d5172000 DEOPT UNPACKING pc=0x000001f9bb58a95e sp=0x000000667b9f54f8 mode 0

Classes redefined (0 events):
No events

Internal exceptions (20 events):
Event: 7.785 Thread 0x000001f9d5172000 Exception <a 'java/security/PrivilegedActionException'{0x00000000866e6c80}> (0x00000000866e6c80) thrown at [./src/hotspot/share/prims/jvm.cpp, line 1306]
Event: 7.785 Thread 0x000001f9d5172000 Exception <a 'java/security/PrivilegedActionException'{0x00000000866e9898}> (0x00000000866e9898) thrown at [./src/hotspot/share/prims/jvm.cpp, line 1306]
Event: 7.785 Thread 0x000001f9d5172000 Exception <a 'java/security/PrivilegedActionException'{0x00000000866eab58}> (0x00000000866eab58) thrown at [./src/hotspot/share/prims/jvm.cpp, line 1306]
Event: 7.785 Thread 0x000001f9d5172000 Exception <a 'java/security/PrivilegedActionException'{0x00000000866ed850}> (0x00000000866ed850) thrown at [./src/hotspot/share/prims/jvm.cpp, line 1306]
Event: 7.785 Thread 0x000001f9d5172000 Exception <a 'java/security/PrivilegedActionException'{0x00000000866eeb10}> (0x00000000866eeb10) thrown at [./src/hotspot/share/prims/jvm.cpp, line 1306]
Event: 7.785 Thread 0x000001f9d5172000 Exception <a 'java/security/PrivilegedActionException'{0x00000000866f1760}> (0x00000000866f1760) thrown at [./src/hotspot/share/prims/jvm.cpp, line 1306]
Event: 7.785 Thread 0x000001f9d5172000 Exception <a 'java/security/PrivilegedActionException'{0x00000000866f2a20}> (0x00000000866f2a20) thrown at [./src/hotspot/share/prims/jvm.cpp, line 1306]
Event: 7.785 Thread 0x000001f9d5172000 Exception <a 'java/security/PrivilegedActionException'{0x00000000866f5690}> (0x00000000866f5690) thrown at [./src/hotspot/share/prims/jvm.cpp, line 1306]
Event: 7.785 Thread 0x000001f9d5172000 Exception <a 'java/security/PrivilegedActionException'{0x00000000866f6950}> (0x00000000866f6950) thrown at [./src/hotspot/share/prims/jvm.cpp, line 1306]
Event: 7.785 Thread 0x000001f9d5172000 Exception <a 'java/security/PrivilegedActionException'{0x00000000866f9648}> (0x00000000866f9648) thrown at [./src/hotspot/share/prims/jvm.cpp, line 1306]
Event: 7.785 Thread 0x000001f9d5172000 Exception <a 'java/security/PrivilegedActionException'{0x00000000866fa908}> (0x00000000866fa908) thrown at [./src/hotspot/share/prims/jvm.cpp, line 1306]
Event: 7.876 Thread 0x000001f9d5172000 Exception <a 'java/lang/ClassNotFoundException'{0x0000000085d571b8}: org/gradle/api/internal/plugins/DefaultObjectConfigurationActionBeanInfo> (0x0000000085d571b8) thrown at [./src/hotspot/share/classfile/systemDictionary.cpp, line 231]
Event: 7.877 Thread 0x000001f9d5172000 Exception <a 'java/lang/ClassNotFoundException'{0x0000000085d8cb80}: org/gradle/api/internal/plugins/DefaultObjectConfigurationActionCustomizer> (0x0000000085d8cb80) thrown at [./src/hotspot/share/classfile/systemDictionary.cpp, line 231]
Event: 8.016 Thread 0x000001f9d5172000 Exception <a 'java/lang/NoSuchMethodError'{0x0000000084d503d8}: 'java.lang.Object java.lang.invoke.DirectMethodHandle$Holder.invokeStatic(java.lang.Object, java.lang.Object, java.lang.Object, java.lang.Object, int)'> (0x0000000084d503d8) thrown at [./src/hotspot/share/interpreter/linkResolver.cpp, line 773]
Event: 8.017 Thread 0x000001f9d5172000 Exception <a 'java/lang/NoSuchMethodError'{0x0000000084d54dd0}: 'java.lang.Object java.lang.invoke.DirectMethodHandle$Holder.invokeSpecial(java.lang.Object, java.lang.Object, java.lang.Object, java.lang.Object, java.lang.Object, int)'> (0x0000000084d54dd0) thrown at [./src/hotspot/share/interpreter/linkResolver.cpp, line 773]
Event: 8.017 Thread 0x000001f9d5172000 Exception <a 'java/lang/NoSuchMethodError'{0x0000000084d59410}: 'java.lang.Object java.lang.invoke.Invokers$Holder.linkToTargetMethod(java.lang.Object, java.lang.Object, java.lang.Object, int, java.lang.Object)'> (0x0000000084d59410) thrown at [./src/hotspot/share/interpreter/linkResolver.cpp, line 773]
Event: 8.247 Thread 0x000001f9d5172000 Exception <a 'java/lang/NoSuchMethodError'{0x0000000087e36de0}: 'java.lang.Object java.lang.invoke.DirectMethodHandle$Holder.invokeSpecial(java.lang.Object, java.lang.Object, int, int, java.lang.Object, java.lang.Object, java.lang.Object)'> (0x0000000087e36de0) thrown at [./src/hotspot/share/interpreter/linkResolver.cpp, line 773]
Event: 8.247 Thread 0x000001f9d5172000 Exception <a 'java/lang/NoSuchMethodError'{0x0000000087e3b360}: 'java.lang.Object java.lang.invoke.DelegatingMethodHandle$Holder.reinvoke_L(java.lang.Object, int, int, java.lang.Object, java.lang.Object, java.lang.Object)'> (0x0000000087e3b360) thrown at [./src/hotspot/share/interpreter/linkResolver.cpp, line 773]
Event: 8.473 Thread 0x000001f9d5172000 Exception <a 'java/lang/NoSuchMethodError'{0x00000000872c2188}: 'int java.lang.invoke.DirectMethodHandle$Holder.invokeInterface(java.lang.Object, java.lang.Object, java.lang.Object, java.lang.Object)'> (0x00000000872c2188) thrown at [./src/hotspot/share/interpreter/linkResolver.cpp, line 773]
Event: 8.868 Thread 0x000001f9d5172000 Exception <a 'java/lang/IncompatibleClassChangeError'{0x00000000858244e0}: Found class java.lang.Object, but interface was expected> (0x00000000858244e0) thrown at [./src/hotspot/share/interpreter/linkResolver.cpp, line 839]

Events (20 events):
Event: 8.879 loading class com/sun/jmx/mbeanserver/MBeanAnalyzer$MBeanVisitor done
Event: 8.879 loading class com/sun/jmx/mbeanserver/MBeanIntrospector$MBeanInfoMaker done
Event: 8.880 loading class javax/management/openmbean/OpenMBeanAttributeInfoSupport
Event: 8.880 loading class javax/management/openmbean/OpenMBeanAttributeInfo
Event: 8.880 loading class javax/management/openmbean/OpenMBeanParameterInfo
Event: 8.880 loading class javax/management/openmbean/OpenMBeanParameterInfo done
Event: 8.880 loading class javax/management/openmbean/OpenMBeanAttributeInfo done
Event: 8.880 loading class javax/management/openmbean/OpenMBeanAttributeInfoSupport done
Event: 8.883 loading class com/sun/jmx/mbeanserver/PerInterface
Event: 8.883 loading class com/sun/jmx/mbeanserver/PerInterface done
Event: 8.883 loading class com/sun/jmx/mbeanserver/PerInterface$InitMaps
Event: 8.883 loading class com/sun/jmx/mbeanserver/PerInterface$InitMaps done
Event: 8.884 loading class com/sun/jmx/mbeanserver/MXBeanLookup
Event: 8.884 loading class com/sun/jmx/mbeanserver/MXBeanLookup done
Event: 8.884 loading class com/sun/jmx/mbeanserver/WeakIdentityHashMap
Event: 8.884 loading class com/sun/jmx/mbeanserver/WeakIdentityHashMap done
Event: 8.884 loading class com/sun/jmx/mbeanserver/WeakIdentityHashMap$IdentityWeakReference
Event: 8.884 loading class com/sun/jmx/mbeanserver/WeakIdentityHashMap$IdentityWeakReference done
Event: 8.885 Loaded shared library C:\Program Files\Android\Android Studio\jre\bin\java.dll
Event: 8.885 loading class java/lang/management/ThreadInfo


Dynamic libraries:
0x00007ff7b39e0000 - 0x00007ff7b39ea000 	C:\Program Files\Android\Android Studio\jre\bin\java.exe
0x00007fffa4e60000 - 0x00007fffa5069000 	C:\WINDOWS\SYSTEM32\ntdll.dll
0x00007fffa2f80000 - 0x00007fffa303e000 	C:\WINDOWS\System32\KERNEL32.DLL
0x00007fffa2660000 - 0x00007fffa29db000 	C:\WINDOWS\System32\KERNELBASE.dll
0x00007fffa2bc0000 - 0x00007fffa2cd1000 	C:\WINDOWS\System32\ucrtbase.dll
0x00007fff9cc30000 - 0x00007fff9cc47000 	C:\Program Files\Android\Android Studio\jre\bin\VCRUNTIME140.dll
0x00007fff99e10000 - 0x00007fff99e29000 	C:\Program Files\Android\Android Studio\jre\bin\jli.dll
0x00007fffa2ce0000 - 0x00007fffa2e8d000 	C:\WINDOWS\System32\USER32.dll
0x00007fff99ac0000 - 0x00007fff99d65000 	C:\WINDOWS\WinSxS\amd64_microsoft.windows.common-controls_6595b64144ccf1df_6.0.22000.120_none_9d947278b86cc467\COMCTL32.dll
0x00007fffa2450000 - 0x00007fffa2476000 	C:\WINDOWS\System32\win32u.dll
0x00007fffa3a80000 - 0x00007fffa3b23000 	C:\WINDOWS\System32\msvcrt.dll
0x00007fffa38c0000 - 0x00007fffa38e9000 	C:\WINDOWS\System32\GDI32.dll
0x00007fffa2480000 - 0x00007fffa2598000 	C:\WINDOWS\System32\gdi32full.dll
0x00007fffa2330000 - 0x00007fffa23cd000 	C:\WINDOWS\System32\msvcp_win.dll
0x00007fffa3a40000 - 0x00007fffa3a72000 	C:\WINDOWS\System32\IMM32.DLL
0x00007fff8e7b0000 - 0x00007fff8e84d000 	C:\Program Files\Android\Android Studio\jre\bin\msvcp140.dll
0x00007fff57280000 - 0x00007fff57d82000 	C:\Program Files\Android\Android Studio\jre\bin\server\jvm.dll
0x00007fffa3810000 - 0x00007fffa38be000 	C:\WINDOWS\System32\ADVAPI32.dll
0x00007fffa3770000 - 0x00007fffa380e000 	C:\WINDOWS\System32\sechost.dll
0x00007fffa4c70000 - 0x00007fffa4d90000 	C:\WINDOWS\System32\RPCRT4.dll
0x00007fffa4650000 - 0x00007fffa4658000 	C:\WINDOWS\System32\PSAPI.DLL
0x00007fff9cea0000 - 0x00007fff9ced3000 	C:\WINDOWS\SYSTEM32\WINMM.dll
0x00007fff9c460000 - 0x00007fff9c46a000 	C:\WINDOWS\SYSTEM32\VERSION.dll
0x00007fff9daa0000 - 0x00007fff9daa9000 	C:\WINDOWS\SYSTEM32\WSOCK32.dll
0x00007fffa31d0000 - 0x00007fffa323f000 	C:\WINDOWS\System32\WS2_32.dll
0x00007fffa1420000 - 0x00007fffa1438000 	C:\WINDOWS\SYSTEM32\kernel.appcore.dll
0x00007fff964a0000 - 0x00007fff964b1000 	C:\Program Files\Android\Android Studio\jre\bin\verify.dll
0x00007fff99e30000 - 0x00007fff9a051000 	C:\WINDOWS\SYSTEM32\DBGHELP.DLL
0x00007fff966e0000 - 0x00007fff96711000 	C:\WINDOWS\SYSTEM32\dbgcore.DLL
0x00007fffa23d0000 - 0x00007fffa244f000 	C:\WINDOWS\System32\bcryptPrimitives.dll
0x00007fff92760000 - 0x00007fff92789000 	C:\Program Files\Android\Android Studio\jre\bin\java.dll
0x00007fff9d7b0000 - 0x00007fff9d7bb000 	C:\Program Files\Android\Android Studio\jre\bin\jimage.dll
0x00007fff96480000 - 0x00007fff96498000 	C:\Program Files\Android\Android Studio\jre\bin\zip.dll
0x00007fffa3cb0000 - 0x00007fffa4467000 	C:\WINDOWS\System32\SHELL32.dll
0x00007fffa0420000 - 0x00007fffa0c85000 	C:\WINDOWS\SYSTEM32\windows.storage.dll
0x00007fffa48f0000 - 0x00007fffa4c68000 	C:\WINDOWS\System32\combase.dll
0x00007fffa02b0000 - 0x00007fffa0416000 	C:\WINDOWS\SYSTEM32\wintypes.dll
0x00007fffa3950000 - 0x00007fffa3a3a000 	C:\WINDOWS\System32\SHCORE.dll
0x00007fffa4880000 - 0x00007fffa48dd000 	C:\WINDOWS\System32\shlwapi.dll
0x00007fffa2260000 - 0x00007fffa2281000 	C:\WINDOWS\SYSTEM32\profapi.dll
0x00007fff92740000 - 0x00007fff9275a000 	C:\Program Files\Android\Android Studio\jre\bin\net.dll
0x00007fff9e450000 - 0x00007fff9e564000 	C:\WINDOWS\SYSTEM32\WINHTTP.dll
0x00007fffa18c0000 - 0x00007fffa1927000 	C:\WINDOWS\system32\mswsock.dll
0x00007fff92720000 - 0x00007fff92734000 	C:\Program Files\Android\Android Studio\jre\bin\nio.dll
0x00007fff95f20000 - 0x00007fff95f47000 	C:\Users\Veronica\.gradle\native\e1d6ef7f7dcc3fd88c89a11ec53ec762bb8ba0a96d01ffa2cd45eb1d1d8dd5c5\windows-amd64\native-platform.dll
0x00007fff7bf00000 - 0x00007fff7c044000 	C:\Users\Veronica\.gradle\native\0d407fdbe67a94daf76414ababcb853783967236a71b16ec16e742cd7a986fd3\windows-amd64\native-platform-file-events.dll
0x00007fff9d790000 - 0x00007fff9d79a000 	C:\Program Files\Android\Android Studio\jre\bin\management.dll
0x00007fff9d060000 - 0x00007fff9d06d000 	C:\Program Files\Android\Android Studio\jre\bin\management_ext.dll
0x00007fffa1b10000 - 0x00007fffa1b28000 	C:\WINDOWS\SYSTEM32\CRYPTSP.dll
0x00007fffa1380000 - 0x00007fffa13b5000 	C:\WINDOWS\system32\rsaenh.dll
0x00007fffa19b0000 - 0x00007fffa19d9000 	C:\WINDOWS\SYSTEM32\USERENV.dll
0x00007fffa1d10000 - 0x00007fffa1d37000 	C:\WINDOWS\SYSTEM32\bcrypt.dll
0x00007fffa1b00000 - 0x00007fffa1b0c000 	C:\WINDOWS\SYSTEM32\CRYPTBASE.dll
0x00007fffa0ed0000 - 0x00007fffa0efd000 	C:\WINDOWS\SYSTEM32\IPHLPAPI.DLL
0x00007fffa3c40000 - 0x00007fffa3c49000 	C:\WINDOWS\System32\NSI.dll
0x00007fff9ce80000 - 0x00007fff9ce99000 	C:\WINDOWS\SYSTEM32\dhcpcsvc6.DLL
0x00007fff9d2e0000 - 0x00007fff9d2fe000 	C:\WINDOWS\SYSTEM32\dhcpcsvc.DLL
0x00007fffa0f00000 - 0x00007fffa0fe8000 	C:\WINDOWS\SYSTEM32\DNSAPI.dll

dbghelp: loaded successfully - version: 4.0.5 - missing functions: none
symbol engine: initialized successfully - sym options: 0x614 - pdb path: .;C:\Program Files\Android\Android Studio\jre\bin;C:\WINDOWS\SYSTEM32;C:\WINDOWS\WinSxS\amd64_microsoft.windows.common-controls_6595b64144ccf1df_6.0.22000.120_none_9d947278b86cc467;C:\Program Files\Android\Android Studio\jre\bin\server;C:\Users\Veronica\.gradle\native\e1d6ef7f7dcc3fd88c89a11ec53ec762bb8ba0a96d01ffa2cd45eb1d1d8dd5c5\windows-amd64;C:\Users\Veronica\.gradle\native\0d407fdbe67a94daf76414ababcb853783967236a71b16ec16e742cd7a986fd3\windows-amd64

VM Arguments:
jvm_args: --add-opens=java.base/java.util=ALL-UNNAMED --add-opens=java.base/java.lang=ALL-UNNAMED --add-opens=java.base/java.lang.invoke=ALL-UNNAMED --add-opens=java.base/java.util=ALL-UNNAMED --add-opens=java.prefs/java.util.prefs=ALL-UNNAMED --add-opens=java.prefs/java.util.prefs=ALL-UNNAMED --add-opens=java.base/java.nio.charset=ALL-UNNAMED --add-opens=java.base/java.net=ALL-UNNAMED --add-opens=java.base/java.util.concurrent.atomic=ALL-UNNAMED -Xmx2048m -Dfile.encoding=UTF-8 -Duser.country=ES -Duser.language=es -Duser.variant 
java_command: org.gradle.launcher.daemon.bootstrap.GradleDaemon 7.4
java_class_path (initial): C:\Users\Veronica\.gradle\wrapper\dists\gradle-7.4-bin\c0gwcg53nkjbqw7r0h0umtfvt\gradle-7.4\lib\gradle-launcher-7.4.jar
Launcher Type: SUN_STANDARD

[Global flags]
     intx CICompilerCount                          = 4                                         {product} {ergonomic}
     uint ConcGCThreads                            = 3                                         {product} {ergonomic}
     uint G1ConcRefinementThreads                  = 10                                        {product} {ergonomic}
   size_t G1HeapRegionSize                         = 1048576                                   {product} {ergonomic}
    uintx GCDrainStackTargetSize                   = 64                                        {product} {ergonomic}
   size_t InitialHeapSize                          = 123731968                                 {product} {ergonomic}
   size_t MarkStackSize                            = 4194304                                   {product} {ergonomic}
   size_t MaxHeapSize                              = 2147483648                                {product} {command line}
   size_t MaxNewSize                               = 1287651328                                {product} {ergonomic}
   size_t MinHeapDeltaBytes                        = 1048576                                   {product} {ergonomic}
    uintx NonNMethodCodeHeapSize                   = 5836300                                {pd product} {ergonomic}
    uintx NonProfiledCodeHeapSize                  = 122910970                              {pd product} {ergonomic}
    uintx ProfiledCodeHeapSize                     = 122910970                              {pd product} {ergonomic}
    uintx ReservedCodeCacheSize                    = 251658240                              {pd product} {ergonomic}
     bool SegmentedCodeCache                       = true                                      {product} {ergonomic}
     bool UseCompressedClassPointers               = true                                 {lp64_product} {ergonomic}
     bool UseCompressedOops                        = true                                 {lp64_product} {ergonomic}
     bool UseG1GC                                  = true                                      {product} {ergonomic}
     bool UseLargePagesIndividualAllocation        = false                                  {pd product} {ergonomic}

Logging:
Log output configuration:
 #0: stdout all=warning uptime,level,tags
 #1: stderr all=off uptime,level,tags

Environment Variables:
JAVA_HOME=C:\Program Files\Java\jdk1.7.0_80
PATH=C:\ProgramData\Oracle\Java\javapath;C:\oraclexe\app\oracle\product\11.2.0\server\bin;C:\Program Files\Common Files\Oracle\Java\javapath;C:\WINDOWS\system32;C:\WINDOWS;C:\WINDOWS\System32\Wbem;C:\WINDOWS\System32\WindowsPowerShell\v1.0\;C:\WINDOWS\System32\OpenSSH\;C:\Program Files\Git\cmd;C:\Program Files\dotnet\;C:\Users\Veronica\AppData\Local\Microsoft\WindowsApps;;C:\Users\Veronica\AppData\Local\Programs\Microsoft VS Code\bin;C:\Users\Veronica\.dotnet\tools
USERNAME=Veronica
OS=Windows_NT
PROCESSOR_IDENTIFIER=AMD64 Family 23 Model 104 Stepping 1, AuthenticAMD



---------------  S Y S T E M  ---------------

OS: Windows 11 , 64 bit Build 22000 (10.0.22000.1335)
OS uptime: 1 days 16:19 hours

CPU:total 12 (initial active 12) (12 cores per cpu, 2 threads per core) family 23 model 104 stepping 1 microcode 0x0, cmov, cx8, fxsr, mmx, sse, sse2, sse3, ssse3, sse4.1, sse4.2, popcnt, avx, avx2, aes, clmul, mmxext, 3dnowpref, lzcnt, sse4a, ht, tsc, tscinvbit, tscinv, bmi1, bmi2, adx, sha, fma

Memory: 4k page, system-wide physical 7528M (445M free)
TotalPageFile size 11370M (AvailPageFile size 5M)
current process WorkingSet (physical memory assigned to process): 345M, peak: 345M
current process commit charge ("private bytes"): 396M, peak: 397M

vm_info: OpenJDK 64-Bit Server VM (11.0.13+0-b1751.21-8125866) for windows-amd64 JRE (11.0.13+0-b1751.21-8125866), built on Feb  2 2022 03:00:22 by "builder" with MS VC++ 14.0 (VS2015)

END.
